┏━━━━━━━┳━━━━━━━━━┳━━━━━━━━━━┳━━━━━━━━━┳━━━━━━━━━━━━━━┳━━━━━━━┓
┃ P / R ┃ Partial ┃ Required ┃ Net     ┃ Pin          ┃ Layer ┃
┡━━━━━━━╇━━━━━━━━━╇━━━━━━━━━━╇━━━━━━━━━╇━━━━━━━━━━━━━━╇━━━━━━━┩
│ 4.18  │ 1673.71 │ 400.00   │ net1130 │ _08401_/A    │ met3  │
│ 3.53  │ 1410.86 │ 400.00   │ _00024_ │ _12349_/D    │ met3  │
│ 3.47  │ 1387.47 │ 400.00   │ _03513_ │ fanout1400/A │ met3  │
│ 3.25  │ 1298.26 │ 400.00   │ net385  │ fanout379/A  │ met3  │
│ 3.25  │ 1298.13 │ 400.00   │ _03480_ │ _06145_/B1   │ met3  │
│ 3.13  │ 1253.53 │ 400.00   │ _03515_ │ fanout1306/A │ met3  │
│ 1.85  │ 740.57  │ 400.00   │ _03506_ │ fanout1629/A │ met3  │
│ 1.85  │ 740.57  │ 400.00   │ _03506_ │ fanout1637/A │ met3  │
│ 1.68  │ 673.60  │ 400.00   │ _03477_ │ _06125_/A2   │ met3  │
│ 1.68  │ 673.60  │ 400.00   │ _03477_ │ _06145_/A2   │ met3  │
│ 1.65  │ 661.62  │ 400.00   │ net508  │ _10828_/S    │ met3  │
│ 1.58  │ 633.48  │ 400.00   │ net1518 │ fanout1495/A │ met1  │
│ 1.47  │ 588.63  │ 400.00   │ _05405_ │ fanout713/A  │ met1  │
│ 1.45  │ 579.20  │ 400.00   │ _05417_ │ _08408_/S    │ met3  │
│ 1.45  │ 579.20  │ 400.00   │ _05417_ │ fanout693/A  │ met3  │
│ 1.44  │ 574.00  │ 400.00   │ net518  │ _10897_/S    │ met3  │
│ 1.41  │ 562.57  │ 400.00   │ net1613 │ fanout1612/A │ met3  │
│ 1.40  │ 559.36  │ 400.00   │ _00173_ │ _12220_/D    │ met1  │
│ 1.34  │ 535.09  │ 400.00   │ net1645 │ _08476_/A    │ met3  │
│ 1.34  │ 535.09  │ 400.00   │ net1645 │ _10377_/B    │ met3  │
│ 1.33  │ 534.00  │ 400.00   │ net1543 │ fanout1533/A │ met1  │
│ 1.31  │ 524.02  │ 400.00   │ net1187 │ _06636_/B2   │ met1  │
│ 1.31  │ 523.61  │ 400.00   │ net1119 │ fanout1117/A │ met3  │
│ 1.28  │ 512.59  │ 400.00   │ _05551_ │ fanout651/A  │ met1  │
│ 1.27  │ 506.35  │ 400.00   │ _05399_ │ fanout723/A  │ met1  │
│ 1.24  │ 495.52  │ 400.00   │ net659  │ fanout658/A  │ met3  │
│ 1.23  │ 492.88  │ 400.00   │ net1328 │ fanout1316/A │ met1  │
│ 1.17  │ 469.47  │ 400.00   │ _00107_ │ _13212_/D    │ met1  │
│ 1.16  │ 464.36  │ 400.00   │ net1270 │ fanout1261/A │ met1  │
│ 1.16  │ 463.43  │ 400.00   │ net1364 │ fanout1355/A │ met1  │
│ 1.13  │ 451.42  │ 400.00   │ _00119_ │ _13168_/D    │ met1  │
│ 1.12  │ 448.64  │ 400.00   │ _00002_ │ _12329_/D    │ met1  │
│ 1.12  │ 446.80  │ 400.00   │ net532  │ _10957_/S    │ met1  │
│ 1.11  │ 443.42  │ 400.00   │ net1495 │ fanout1486/A │ met3  │
│ 1.11  │ 443.42  │ 400.00   │ net1495 │ fanout1491/A │ met3  │
│ 1.11  │ 443.21  │ 400.00   │ _03154_ │ fanout1149/A │ met3  │
│ 1.10  │ 440.03  │ 400.00   │ net594  │ fanout592/A  │ met3  │
│ 1.10  │ 440.03  │ 400.00   │ net594  │ fanout593/A  │ met3  │
│ 1.09  │ 434.29  │ 400.00   │ net381  │ _09840_/S    │ met1  │
│ 1.09  │ 434.15  │ 400.00   │ net1376 │ fanout1339/A │ met1  │
│ 1.08  │ 433.83  │ 400.00   │ _05367_ │ fanout790/A  │ met1  │
│ 1.08  │ 433.58  │ 400.00   │ net1223 │ fanout1217/A │ met1  │
│ 1.08  │ 431.99  │ 400.00   │ _03133_ │ _11082_/S    │ met1  │
│ 1.04  │ 415.85  │ 400.00   │ net390  │ _09786_/S    │ met1  │
│ 1.04  │ 415.08  │ 400.00   │ _00101_ │ _13206_/D    │ met1  │
│ 1.03  │ 411.01  │ 400.00   │ net334  │ _11049_/S    │ met1  │
│ 1.03  │ 410.27  │ 400.00   │ net666  │ fanout661/A  │ met3  │
│ 1.03  │ 410.27  │ 400.00   │ net666  │ fanout662/A  │ met3  │
│ 1.02  │ 409.42  │ 400.00   │ _00078_ │ _13185_/D    │ met1  │
│ 1.02  │ 408.68  │ 400.00   │ net331  │ _11059_/S    │ met1  │
│ 1.02  │ 406.86  │ 400.00   │ _05411_ │ fanout699/A  │ met1  │
│ 1.00  │ 401.53  │ 400.00   │ net806  │ fanout797/A  │ met1  │
│ 1.00  │ 401.41  │ 400.00   │ _03127_ │ _09974_/S    │ met1  │
│ 1.00  │ 400.13  │ 400.00   │ _03132_ │ _11017_/S    │ met3  │
│ 1.00  │ 400.13  │ 400.00   │ _03132_ │ fanout343/A  │ met3  │
└───────┴─────────┴──────────┴─────────┴──────────────┴───────┘
