Reading OpenROAD database at '/mnt/c/Users/User/Desktop/Cache_Controller/runs/RUN_2025-11-08_22-02-17/38-openroad-globalrouting/cache_controller.odb'…
Reading library file at '/home/rg/.volare/volare/sky130/versions/0fe599b2afb6708d281543108caf8310912f54af/sky130A/libs.ref/sky130_fd_sc_hd/lib/sky130_fd_sc_hd__tt_025C_1v80.lib'…
Reading design constraints file at '/nix/store/ss2cw3sxbrwwx9jl0rrppbw4kgcmgi2n-python3-3.11.9-env/lib/python3.11/site-packages/openlane/scripts/base.sdc'…
[INFO] Using clock clk…
[INFO] Setting output delay to: 2.0
[INFO] Setting input delay to: 2.0
[INFO] Setting load to: 0.033442
[INFO] Setting clock uncertainty to: 0.25
[INFO] Setting clock transition to: 0.1499999999999999944488848768742172978818416595458984375
[INFO] Setting timing derate to: 5%
[INFO] Setting signal min routing layer to: met1 and clock min routing layer to met1. 
[INFO] Setting signal max routing layer to: met5 and clock max routing layer to met5. 
-congestion_iterations 50 -verbose
[INFO GRT-0020] Min routing layer: met1
[INFO GRT-0021] Max routing layer: met5
[INFO GRT-0022] Global adjustment: 30%
[INFO GRT-0023] Grid origin: (0, 0)
[INFO GRT-0043] No OR_DEFAULT vias defined.
[INFO GRT-0088] Layer li1     Track-Pitch = 0.4600  line-2-Via Pitch: 0.3400
[INFO GRT-0088] Layer met1    Track-Pitch = 0.3400  line-2-Via Pitch: 0.3400
[INFO GRT-0088] Layer met2    Track-Pitch = 0.4600  line-2-Via Pitch: 0.3500
[INFO GRT-0088] Layer met3    Track-Pitch = 0.6800  line-2-Via Pitch: 0.6150
[INFO GRT-0088] Layer met4    Track-Pitch = 0.9200  line-2-Via Pitch: 1.0400
[INFO GRT-0088] Layer met5    Track-Pitch = 3.4000  line-2-Via Pitch: 3.1100
[INFO GRT-0019] Found 320 clock nets.
[INFO GRT-0001] Minimum degree: 2
[INFO GRT-0002] Maximum degree: 21
[INFO GRT-0003] Macros: 0
[INFO GRT-0043] No OR_DEFAULT vias defined.
[INFO GRT-0004] Blockages: 43670

[INFO GRT-0053] Routing resources analysis:
          Routing      Original      Derated      Resource
Layer     Direction    Resources     Resources    Reduction (%)
---------------------------------------------------------------
li1        Vertical            0             0          0.00%
met1       Horizontal     112736         53319          52.70%
met2       Vertical        85074         55825          34.38%
met3       Horizontal      56368         38714          31.32%
met4       Vertical        34212         21405          37.43%
met5       Horizontal      11244          5256          53.26%
---------------------------------------------------------------

[INFO GRT-0101] Running extra iterations to remove overflow.
[INFO GRT-0197] Via related to pin nodes: 76587
[INFO GRT-0198] Via related Steiner nodes: 2276
[INFO GRT-0199] Via filling finished.
[INFO GRT-0111] Final number of vias: 99055
[INFO GRT-0112] Final usage 3D: 366070

[INFO GRT-0096] Final congestion report:
Layer         Resource        Demand        Usage (%)    Max H / Max V / Total Overflow
---------------------------------------------------------------------------------------
li1                  0             0            0.00%             0 /  0 /  0
met1             53319         30366           56.95%             0 /  0 /  0
met2             55825         29339           52.56%             0 /  0 /  0
met3             38714          5790           14.96%             0 /  0 /  0
met4             21405          3386           15.82%             0 /  0 /  0
met5              5256            24            0.46%             0 /  0 /  0
---------------------------------------------------------------------------------------
Total           174519         68905           39.48%             0 /  0 /  0

[INFO GRT-0018] Total wirelength: 711983 um
[INFO GRT-0014] Routed nets: 13967
[INFO GRT-0006] Repairing antennas, iteration 1.
[INFO GRT-0043] No OR_DEFAULT vias defined.
[INFO GRT-0012] Found 58 antenna violations.
[INFO GRT-0015] Inserted 68 diodes.
[INFO GRT-0009] rerouting 4298 nets.
[INFO GRT-0001] Minimum degree: 2
[INFO GRT-0002] Maximum degree: 21
[INFO GRT-0006] Repairing antennas, iteration 2.
[INFO GRT-0043] No OR_DEFAULT vias defined.
[INFO GRT-0012] Found 16 antenna violations.
[INFO GRT-0015] Inserted 25 diodes.
[INFO GRT-0009] rerouting 70 nets.
[INFO GRT-0001] Minimum degree: 2
[INFO GRT-0002] Maximum degree: 18
[INFO GRT-0006] Repairing antennas, iteration 3.
[INFO GRT-0043] No OR_DEFAULT vias defined.
[INFO GRT-0012] Found 0 antenna violations.
Placement Analysis
---------------------------------
total displacement          0.0 u
average displacement        0.0 u
max displacement            0.0 u
original HPWL          399985.3 u
legalized HPWL         399985.3 u
delta HPWL                    0 %

[INFO DPL-0020] Mirrored 5030 instances
[INFO DPL-0021] HPWL before          399985.3 u
[INFO DPL-0022] HPWL after           390492.7 u
[INFO DPL-0023] HPWL delta               -2.4 %
-congestion_iterations 50 -verbose
[INFO GRT-0020] Min routing layer: met1
[INFO GRT-0021] Max routing layer: met5
[INFO GRT-0022] Global adjustment: 30%
[INFO GRT-0023] Grid origin: (0, 0)
[INFO GRT-0043] No OR_DEFAULT vias defined.
[INFO GRT-0088] Layer li1     Track-Pitch = 0.4600  line-2-Via Pitch: 0.3400
[INFO GRT-0088] Layer met1    Track-Pitch = 0.3400  line-2-Via Pitch: 0.3400
[INFO GRT-0088] Layer met2    Track-Pitch = 0.4600  line-2-Via Pitch: 0.3500
[INFO GRT-0088] Layer met3    Track-Pitch = 0.6800  line-2-Via Pitch: 0.6150
[INFO GRT-0088] Layer met4    Track-Pitch = 0.9200  line-2-Via Pitch: 1.0400
[INFO GRT-0088] Layer met5    Track-Pitch = 3.4000  line-2-Via Pitch: 3.1100
[INFO GRT-0019] Found 320 clock nets.
[INFO GRT-0001] Minimum degree: 2
[INFO GRT-0002] Maximum degree: 21
[INFO GRT-0003] Macros: 0
[INFO GRT-0043] No OR_DEFAULT vias defined.
[INFO GRT-0004] Blockages: 43670

[INFO GRT-0053] Routing resources analysis:
          Routing      Original      Derated      Resource
Layer     Direction    Resources     Resources    Reduction (%)
---------------------------------------------------------------
li1        Vertical            0             0          0.00%
met1       Horizontal     112736         53320          52.70%
met2       Vertical        85074         55825          34.38%
met3       Horizontal      56368         38714          31.32%
met4       Vertical        34212         21405          37.43%
met5       Horizontal      11244          5256          53.26%
---------------------------------------------------------------

[INFO GRT-0101] Running extra iterations to remove overflow.
[INFO GRT-0197] Via related to pin nodes: 76645
[INFO GRT-0198] Via related Steiner nodes: 2270
[INFO GRT-0199] Via filling finished.
[INFO GRT-0111] Final number of vias: 99092
[INFO GRT-0112] Final usage 3D: 366260

[INFO GRT-0096] Final congestion report:
Layer         Resource        Demand        Usage (%)    Max H / Max V / Total Overflow
---------------------------------------------------------------------------------------
li1                  0             0            0.00%             0 /  0 /  0
met1             53320         30439           57.09%             0 /  0 /  0
met2             55825         29439           52.73%             0 /  0 /  0
met3             38714          5795           14.97%             0 /  0 /  0
met4             21405          3300           15.42%             0 /  0 /  0
met5              5256            11            0.21%             0 /  0 /  0
---------------------------------------------------------------------------------------
Total           174520         68984           39.53%             0 /  0 /  0

[INFO GRT-0018] Total wirelength: 712935 um
[INFO GRT-0014] Routed nets: 13967
[INFO] Setting RC values…
Setting global connections for newly added cells…
[INFO] Setting global connections...
Updating metrics…
Cell type report:                       Count       Area
  Fill cell                               370    1388.83
  Tap cell                               3553    4445.51
  Antenna cell                             93     232.72
  Clock buffer                            362    5241.28
  Timing Repair Buffer                   4593   40797.88
  Inverter                                 19      71.32
  Clock inverter                          204    2477.38
  Sequential cell                        3117   62446.14
  Multi-Input combinational cell         5754   57502.65
  Total                                 18065  174603.71
Writing OpenROAD database to '/mnt/c/Users/User/Desktop/Cache_Controller/runs/RUN_2025-11-08_22-02-17/41-openroad-repairantennas/1-diodeinsertion/cache_controller.odb'…
Writing layout to '/mnt/c/Users/User/Desktop/Cache_Controller/runs/RUN_2025-11-08_22-02-17/41-openroad-repairantennas/1-diodeinsertion/cache_controller.def'…
