Clock: clk
Sources: clk 
Generated: no
Virtual: yes
Propagated: no
Period: 10.000000

===========================================================================
report_clock_properties
============================================================================
Clock                   Period          Waveform
----------------------------------------------------
clk                  10.000000    0.000000  5.000000

===========================================================================
report_clock_latency
============================================================================
Clock clk
rise -> rise
    min     max
0.000000 0.000000 source latency
1.111708         network latency _12218_/CLK
        1.331483 network latency _11568_/CLK
---------------
1.111708 1.331483 latency
        0.219775 skew

fall -> fall
    min     max
0.000000 0.000000 source latency
0.893669         network latency _12218_/CLK
        1.097018 network latency _11568_/CLK
---------------
0.893669 1.097018 latency
        0.203349 skew



===========================================================================
report_clock_min_period
============================================================================
clk period_min = 5.57 fmax = 179.65
