Clock: clk
Sources: clk 
Generated: no
Virtual: no
Propagated: no
Period: 10.000000

===========================================================================
report_clock_properties
============================================================================
Clock                   Period          Waveform
----------------------------------------------------
clk                  10.000000    0.000000  5.000000

===========================================================================
report_clock_latency
============================================================================
Clock clk
rise -> rise
    min     max
0.000000 0.000000 source latency
17.840845         network latency _11385_/CLK
        17.840845 network latency _11385_/CLK
---------------
17.840845 17.840845 latency
        0.000000 skew

fall -> fall
    min     max
0.000000 0.000000 source latency
8.597304         network latency _11385_/CLK
        8.597304 network latency _11385_/CLK
---------------
8.597304 8.597304 latency
        0.000000 skew



===========================================================================
report_clock_min_period
============================================================================
clk period_min = 6.90 fmax = 144.96
