Clock: clk
Sources: clk 
Generated: no
Virtual: yes
Propagated: no
Period: 10.000000

===========================================================================
report_clock_properties
============================================================================
Clock                   Period          Waveform
----------------------------------------------------
clk                  10.000000    0.000000  5.000000

===========================================================================
report_clock_latency
============================================================================
Clock clk
rise -> rise
    min     max
0.000000 0.000000 source latency
1.009385         network latency _12218_/CLK
        1.216320 network latency _11568_/CLK
---------------
1.009385 1.216320 latency
        0.206935 skew

fall -> fall
    min     max
0.000000 0.000000 source latency
0.817182         network latency _12218_/CLK
        1.009833 network latency _11568_/CLK
---------------
0.817182 1.009833 latency
        0.192651 skew



===========================================================================
report_clock_min_period
============================================================================
clk period_min = 5.26 fmax = 190.29
