Reading OpenROAD database at '/mnt/c/Users/User/Desktop/Cache_Controller/runs/RUN_2025-11-08_22-02-17/31-openroad-repairdesignpostgpl/cache_controller.odb'…
Reading library file at '/home/rg/.volare/volare/sky130/versions/0fe599b2afb6708d281543108caf8310912f54af/sky130A/libs.ref/sky130_fd_sc_hd/lib/sky130_fd_sc_hd__tt_025C_1v80.lib'…
Reading design constraints file at '/nix/store/ss2cw3sxbrwwx9jl0rrppbw4kgcmgi2n-python3-3.11.9-env/lib/python3.11/site-packages/openlane/scripts/base.sdc'…
[INFO] Using clock clk…
[INFO] Setting output delay to: 2.0
[INFO] Setting input delay to: 2.0
[INFO] Setting load to: 0.033442
[INFO] Setting clock uncertainty to: 0.25
[INFO] Setting clock transition to: 0.1499999999999999944488848768742172978818416595458984375
[INFO] Setting timing derate to: 5%
Placement Analysis
---------------------------------
total displacement          0.0 u
average displacement        0.0 u
max displacement            0.0 u
original HPWL          340990.6 u
legalized HPWL         344492.3 u
delta HPWL                    1 %

[INFO DPL-0020] Mirrored 2215 instances
[INFO DPL-0021] HPWL before          344492.3 u
[INFO DPL-0022] HPWL after           340990.6 u
[INFO DPL-0023] HPWL delta               -1.0 %
Setting global connections for newly added cells…
[INFO] Setting global connections...
Updating metrics…
Cell type report:                       Count       Area
  Fill cell                               370    1388.83
  Tap cell                               3553    4445.51
  Timing Repair Buffer                   1651   11068.12
  Inverter                                 19      71.32
  Sequential cell                        3117   62437.38
  Multi-Input combinational cell         5754   57460.11
  Total                                 14464  136871.27
Writing OpenROAD database to '/mnt/c/Users/User/Desktop/Cache_Controller/runs/RUN_2025-11-08_22-02-17/33-openroad-detailedplacement/cache_controller.odb'…
Writing netlist to '/mnt/c/Users/User/Desktop/Cache_Controller/runs/RUN_2025-11-08_22-02-17/33-openroad-detailedplacement/cache_controller.nl.v'…
Writing powered netlist to '/mnt/c/Users/User/Desktop/Cache_Controller/runs/RUN_2025-11-08_22-02-17/33-openroad-detailedplacement/cache_controller.pnl.v'…
Writing layout to '/mnt/c/Users/User/Desktop/Cache_Controller/runs/RUN_2025-11-08_22-02-17/33-openroad-detailedplacement/cache_controller.def'…
Writing timing constraints to '/mnt/c/Users/User/Desktop/Cache_Controller/runs/RUN_2025-11-08_22-02-17/33-openroad-detailedplacement/cache_controller.sdc'…
