Reading OpenROAD database at '/mnt/c/Users/User/Desktop/Cache_Controller/runs/RUN_2025-11-08_22-02-17/24-openroad-ioplacement/cache_controller.odb'…
Reading library file at '/home/rg/.volare/volare/sky130/versions/0fe599b2afb6708d281543108caf8310912f54af/sky130A/libs.ref/sky130_fd_sc_hd/lib/sky130_fd_sc_hd__tt_025C_1v80.lib'…
Reading design constraints file at '/nix/store/ss2cw3sxbrwwx9jl0rrppbw4kgcmgi2n-python3-3.11.9-env/lib/python3.11/site-packages/openlane/scripts/base.sdc'…
[INFO] Using clock clk…
[INFO] Setting output delay to: 2.0
[INFO] Setting input delay to: 2.0
[INFO] Setting load to: 0.033442
[INFO] Setting clock uncertainty to: 0.25
[INFO] Setting clock transition to: 0.1499999999999999944488848768742172978818416595458984375
[INFO] Setting timing derate to: 5%
[INFO] Setting RC values…
[INFO] Setting signal min routing layer to: met1 and clock min routing layer to met1. 
[INFO] Setting signal max routing layer to: met5 and clock max routing layer to met5. 
+ global_placement -density 0.55 -timing_driven -routability_driven -pad_right 0 -pad_left 0 -init_wirelength_coef 0.25
[INFO GPL-0002] DBU: 1000
[INFO GPL-0003] SiteSize: (  0.460  2.720 ) um
[INFO GPL-0004] CoreBBox: (  5.520 10.880 ) ( 509.220 514.080 ) um
[INFO GPL-0006] NumInstances:             12813
[INFO GPL-0007] NumPlaceInstances:         8890
[INFO GPL-0008] NumFixedInstances:         3923
[INFO GPL-0009] NumDummyInstances:            0
[INFO GPL-0010] NumNets:                   9055
[INFO GPL-0011] NumPins:                  35156
[INFO GPL-0012] DieBBox:  (  0.000  0.000 ) ( 515.190 525.910 ) um
[INFO GPL-0013] CoreBBox: (  5.520 10.880 ) ( 509.220 514.080 ) um
[INFO GPL-0016] CoreArea:            253461.840 um^2
[INFO GPL-0017] NonPlaceInstsArea:     5834.346 um^2
[INFO GPL-0018] PlaceInstsArea:      127083.133 um^2
[INFO GPL-0019] Util:                    51.320 %
[INFO GPL-0020] StdInstsArea:        127083.133 um^2
[INFO GPL-0021] MacroInstsArea:           0.000 um^2
[InitialPlace]  Iter: 1 CG residual: 0.00005943 HPWL: 218767422
[InitialPlace]  Iter: 2 CG residual: 0.00017482 HPWL: 196363073
[InitialPlace]  Iter: 3 CG residual: 0.00030146 HPWL: 192855533
[InitialPlace]  Iter: 4 CG residual: 0.00031915 HPWL: 186927087
[InitialPlace]  Iter: 5 CG residual: 0.00023447 HPWL: 175000982
[InitialPlace]  Iter: 6 CG residual: 0.00019164 HPWL: 166835151
[InitialPlace]  Iter: 7 CG residual: 0.00017670 HPWL: 159373621
[InitialPlace]  Iter: 8 CG residual: 0.00013828 HPWL: 155668278
[InitialPlace]  Iter: 9 CG residual: 0.00009182 HPWL: 153576737
[InitialPlace]  Iter: 10 CG residual: 0.00012734 HPWL: 152573730
[InitialPlace]  Iter: 11 CG residual: 0.00004622 HPWL: 151413161
[InitialPlace]  Iter: 12 CG residual: 0.00003993 HPWL: 151102435
[InitialPlace]  Iter: 13 CG residual: 0.00006367 HPWL: 150615735
[InitialPlace]  Iter: 14 CG residual: 0.00001436 HPWL: 150424358
[InitialPlace]  Iter: 15 CG residual: 0.00001184 HPWL: 150189635
[InitialPlace]  Iter: 16 CG residual: 0.00001440 HPWL: 150083980
[InitialPlace]  Iter: 17 CG residual: 0.00000424 HPWL: 149969615
[INFO GPL-0031] FillerInit:NumGCells:      9526
[INFO GPL-0032] FillerInit:NumGNets:       9055
[INFO GPL-0033] FillerInit:NumGPins:      35156
[INFO GPL-0023] TargetDensity:            0.550
[INFO GPL-0024] AvrgPlaceInstArea:       14.295 um^2
[INFO GPL-0025] IdealBinArea:            25.991 um^2
[INFO GPL-0026] IdealBinCnt:               9751
[INFO GPL-0027] TotalBinArea:        253461.840 um^2
[INFO GPL-0028] BinCnt:        64     64
[INFO GPL-0029] BinSize: (  7.871  7.863 )
[INFO GPL-0030] NumBins: 4096
[NesterovSolve] Iter:    1 overflow: 0.931 HPWL: 84408943
[NesterovSolve] Iter:   10 overflow: 0.869 HPWL: 98224190
[NesterovSolve] Iter:   20 overflow: 0.852 HPWL: 107415829
[NesterovSolve] Iter:   30 overflow: 0.849 HPWL: 118729690
[NesterovSolve] Iter:   40 overflow: 0.857 HPWL: 128283186
[NesterovSolve] Iter:   50 overflow: 0.872 HPWL: 134070319
[NesterovSolve] Iter:   60 overflow: 0.884 HPWL: 136981209
[NesterovSolve] Iter:   70 overflow: 0.888 HPWL: 138136616
[NesterovSolve] Iter:   80 overflow: 0.885 HPWL: 137894923
[NesterovSolve] Iter:   90 overflow: 0.881 HPWL: 136047320
[NesterovSolve] Iter:  100 overflow: 0.876 HPWL: 133911183
[NesterovSolve] Iter:  110 overflow: 0.872 HPWL: 132700514
[NesterovSolve] Iter:  120 overflow: 0.869 HPWL: 132441203
[NesterovSolve] Iter:  130 overflow: 0.870 HPWL: 132518559
[NesterovSolve] Iter:  140 overflow: 0.868 HPWL: 132646419
[NesterovSolve] Iter:  150 overflow: 0.860 HPWL: 132786236
[NesterovSolve] Iter:  160 overflow: 0.848 HPWL: 132502717
[NesterovSolve] Iter:  170 overflow: 0.833 HPWL: 131498881
[NesterovSolve] Iter:  180 overflow: 0.813 HPWL: 130050981
[NesterovSolve] Iter:  190 overflow: 0.789 HPWL: 128560991
[INFO GPL-0100] Timing-driven: executing resizer for reweighting nets.
[INFO GPL-0101] Timing-driven: worst slack -1.83e-08
[INFO GPL-0103] Timing-driven: weighted 904 nets.
[NesterovSolve] Iter:  200 overflow: 0.755 HPWL: 134519047
[NesterovSolve] Iter:  210 overflow: 0.727 HPWL: 126905201
[NesterovSolve] Iter:  220 overflow: 0.706 HPWL: 126140587
[NesterovSolve] Iter:  230 overflow: 0.668 HPWL: 122300212
[INFO GPL-0100] Timing-driven: executing resizer for reweighting nets.
[INFO GPL-0101] Timing-driven: worst slack -1.92e-08
[INFO GPL-0103] Timing-driven: weighted 904 nets.
[NesterovSolve] Iter:  240 overflow: 0.614 HPWL: 121503035
[NesterovSolve] Snapshot saved at iter = 242
[NesterovSolve] Iter:  250 overflow: 0.581 HPWL: 121037663
[NesterovSolve] Iter:  260 overflow: 0.540 HPWL: 122688834
[NesterovSolve] Iter:  270 overflow: 0.489 HPWL: 123953305
[INFO GPL-0100] Timing-driven: executing resizer for reweighting nets.
[INFO GPL-0101] Timing-driven: worst slack -2.01e-08
[INFO GPL-0103] Timing-driven: weighted 904 nets.
[NesterovSolve] Iter:  280 overflow: 0.457 HPWL: 123397071
[NesterovSolve] Iter:  290 overflow: 0.416 HPWL: 124009590
[NesterovSolve] Iter:  300 overflow: 0.362 HPWL: 123362286
[NesterovSolve] Iter:  310 overflow: 0.324 HPWL: 123745362
[INFO GPL-0075] Routability numCall: 1 inflationIterCnt: 1 bloatIterCnt: 0
[INFO GPL-0036] TileBBox: (    0    0 ) ( 6900 6900 ) DBU
[INFO GPL-0038] TileCnt:      74   76
[INFO GPL-0040] NumTiles: 5624
[INFO GPL-0081] TotalRouteOverflow: 2.971213221549988
[INFO GPL-0082] OverflowTileCnt: 11
[INFO GPL-0083] 0.5%RC: 1.0164466849688827
[INFO GPL-0084] 1.0%RC: 0.8811112391321283
[INFO GPL-0085] 2.0%RC: 0.7872534325692506
[INFO GPL-0086] 5.0%RC: 0.705929992892218
[INFO GPL-0087] FinalRC: 0.948779
[INFO GPL-0077] FinalRC lower than targetRC(1.01), routability not needed.
[NesterovSolve] Iter:  320 overflow: 0.294 HPWL: 123804930
[INFO GPL-0100] Timing-driven: executing resizer for reweighting nets.
[INFO GPL-0101] Timing-driven: worst slack -2.16e-08
[INFO GPL-0103] Timing-driven: weighted 904 nets.
[NesterovSolve] Iter:  330 overflow: 0.261 HPWL: 124197304
[NesterovSolve] Iter:  340 overflow: 0.235 HPWL: 124541013
[NesterovSolve] Iter:  350 overflow: 0.207 HPWL: 124776615
[INFO GPL-0100] Timing-driven: executing resizer for reweighting nets.
[INFO GPL-0101] Timing-driven: worst slack -2.19e-08
[INFO GPL-0103] Timing-driven: weighted 904 nets.
[NesterovSolve] Iter:  360 overflow: 0.183 HPWL: 125263685
[NesterovSolve] Iter:  370 overflow: 0.158 HPWL: 125686813
[INFO GPL-0100] Timing-driven: executing resizer for reweighting nets.
[INFO GPL-0101] Timing-driven: worst slack -2.24e-08
[INFO GPL-0103] Timing-driven: weighted 904 nets.
[NesterovSolve] Iter:  380 overflow: 0.135 HPWL: 126241820
[NesterovSolve] Iter:  390 overflow: 0.114 HPWL: 126848496
[NesterovSolve] Finished with Overflow: 0.099351
[INFO] Setting RC values…
Setting global connections for newly added cells…
[INFO] Setting global connections...
Updating metrics…
Cell type report:                       Count       Area
  Fill cell                               370    1388.83
  Tap cell                               3553    4445.51
  Inverter                                 19      71.32
  Sequential cell                        3117   66329.87
  Multi-Input combinational cell         5754   60681.95
  Total                                 12813  132917.48
Writing OpenROAD database to '/mnt/c/Users/User/Desktop/Cache_Controller/runs/RUN_2025-11-08_22-02-17/27-openroad-globalplacement/cache_controller.odb'…
Writing netlist to '/mnt/c/Users/User/Desktop/Cache_Controller/runs/RUN_2025-11-08_22-02-17/27-openroad-globalplacement/cache_controller.nl.v'…
Writing powered netlist to '/mnt/c/Users/User/Desktop/Cache_Controller/runs/RUN_2025-11-08_22-02-17/27-openroad-globalplacement/cache_controller.pnl.v'…
Writing layout to '/mnt/c/Users/User/Desktop/Cache_Controller/runs/RUN_2025-11-08_22-02-17/27-openroad-globalplacement/cache_controller.def'…
Writing timing constraints to '/mnt/c/Users/User/Desktop/Cache_Controller/runs/RUN_2025-11-08_22-02-17/27-openroad-globalplacement/cache_controller.sdc'…
