Clock: clk
Sources: clk 
Generated: no
Virtual: yes
Propagated: no
Period: 10.000000

===========================================================================
report_clock_properties
============================================================================
Clock                   Period          Waveform
----------------------------------------------------
clk                  10.000000    0.000000  5.000000

===========================================================================
report_clock_latency
============================================================================
Clock clk
rise -> rise
    min     max
0.000000 0.000000 source latency
0.779722         network latency _12218_/CLK
        0.970016 network latency _11568_/CLK
---------------
0.779722 0.970016 latency
        0.190294 skew

fall -> fall
    min     max
0.000000 0.000000 source latency
0.663511         network latency _12218_/CLK
        0.843712 network latency _11568_/CLK
---------------
0.663511 0.843712 latency
        0.180201 skew



===========================================================================
report_clock_min_period
============================================================================
clk period_min = 4.62 fmax = 216.65
