Clock: clk
Sources: clk 
Generated: no
Virtual: yes
Propagated: no
Period: 10.000000

===========================================================================
report_clock_properties
============================================================================
Clock                   Period          Waveform
----------------------------------------------------
clk                  10.000000    0.000000  5.000000

===========================================================================
report_clock_latency
============================================================================
Clock clk
rise -> rise
    min     max
0.000000 0.000000 source latency
1.758457         network latency _12218_/CLK
        2.112911 network latency _11568_/CLK
---------------
1.758457 2.112911 latency
        0.354454 skew

fall -> fall
    min     max
0.000000 0.000000 source latency
1.461483         network latency _12218_/CLK
        1.796030 network latency _11568_/CLK
---------------
1.461483 1.796030 latency
        0.334547 skew



===========================================================================
report_clock_min_period
============================================================================
clk period_min = 10.37 fmax = 96.39
