
===========================================================================
Violator List
============================================================================
[setup reg-out] _12197_/Q -> cpu_rdata[15] : -1.484443
[setup reg-out] _12197_/Q -> cpu_rdata[24] : -1.470855
[setup reg-out] _12197_/Q -> cpu_rdata[42] : -1.469489
[setup reg-out] _12197_/Q -> cpu_rdata[49] : -1.463619
[setup reg-out] _12197_/Q -> cpu_rdata[33] : -1.463288
[setup reg-out] _12197_/Q -> cpu_rdata[38] : -1.459441
[setup reg-out] _12197_/Q -> cpu_rdata[19] : -1.458875
[setup reg-out] _12197_/Q -> cpu_rdata[9] : -1.458848
[setup reg-out] _12197_/Q -> cpu_rdata[4] : -1.450243
[setup reg-out] _12197_/Q -> cpu_rdata[30] : -1.445724
[setup reg-out] _12197_/Q -> cpu_rdata[21] : -1.239833
[setup reg-out] _12197_/Q -> cpu_rdata[61] : -1.238881
[setup reg-out] _12197_/Q -> cpu_rdata[16] : -1.238725
[setup reg-out] _12197_/Q -> cpu_rdata[52] : -1.234656
[setup reg-out] _12197_/Q -> cpu_rdata[2] : -1.231619
[setup reg-out] _12197_/Q -> cpu_rdata[57] : -1.221838
[setup reg-out] _12197_/Q -> cpu_rdata[27] : -1.221268
[setup reg-out] _12197_/Q -> cpu_rdata[54] : -1.217672
[setup reg-out] _12197_/Q -> cpu_rdata[63] : -1.216141
[setup reg-out] _12197_/Q -> cpu_rdata[37] : -1.212727
[setup reg-out] _12197_/Q -> cpu_rdata[41] : -1.180161
[setup reg-out] _12197_/Q -> cpu_rdata[48] : -1.167261
[setup reg-out] _12197_/Q -> cpu_rdata[59] : -1.165598
[setup reg-out] _12197_/Q -> cpu_rdata[43] : -1.164200
[setup reg-out] _12197_/Q -> cpu_rdata[29] : -1.160094
[setup reg-out] _12197_/Q -> cpu_rdata[47] : -1.153985
[setup reg-out] _12197_/Q -> cpu_rdata[39] : -1.142966
[setup reg-out] _12197_/Q -> cpu_rdata[13] : -1.126091
[setup reg-out] _12197_/Q -> cpu_rdata[51] : -1.119263
[setup reg-out] _12197_/Q -> cpu_rdata[1] : -1.112880
[setup reg-out] _12197_/Q -> cpu_rdata[25] : -1.106799
[setup reg-out] _12197_/Q -> cpu_rdata[3] : -1.101740
[setup reg-out] _12197_/Q -> cpu_rdata[53] : -1.100100
[setup reg-out] _12197_/Q -> cpu_rdata[31] : -1.099649
[setup reg-out] _12197_/Q -> cpu_rdata[23] : -1.099127
[setup reg-out] _12197_/Q -> cpu_rdata[32] : -1.094405
[setup reg-out] _12197_/Q -> cpu_rdata[6] : -1.093758
[setup reg-out] _12197_/Q -> cpu_rdata[26] : -1.089491
[setup reg-out] _12197_/Q -> cpu_rdata[35] : -1.081845
[setup reg-out] _12197_/Q -> cpu_rdata[46] : -1.075057
[setup reg-out] _12197_/Q -> cpu_rdata[14] : -1.074278
[setup reg-out] _12197_/Q -> cpu_rdata[50] : -1.072291
[setup reg-out] _12197_/Q -> cpu_rdata[11] : -1.066902
[setup reg-out] _12197_/Q -> cpu_rdata[60] : -0.930152
[setup reg-out] _12197_/Q -> cpu_rdata[12] : -0.923334
[setup reg-out] _12197_/Q -> cpu_rdata[7] : -0.918657
[setup reg-out] _12197_/Q -> cpu_rdata[36] : -0.910777
[setup reg-out] _12197_/Q -> cpu_rdata[40] : -0.903259
[setup reg-out] _12197_/Q -> cpu_rdata[58] : -0.850820
[setup reg-out] _12197_/Q -> cpu_rdata[5] : -0.820795
[setup reg-out] _12197_/Q -> cpu_rdata[45] : -0.803500
[setup reg-out] _12197_/Q -> cpu_rdata[18] : -0.791698
[setup reg-out] _12197_/Q -> cpu_rdata[34] : -0.784577
[setup reg-out] _12197_/Q -> cpu_rdata[17] : -0.777233
[setup reg-out] _12197_/Q -> cpu_rdata[28] : -0.766607
[setup reg-out] _12197_/Q -> cpu_rdata[8] : -0.765700
[setup reg-out] _12197_/Q -> cpu_rdata[22] : -0.756277
[setup reg-out] _12197_/Q -> cpu_rdata[44] : -0.702525
[setup reg-out] _12230_/Q -> cpu_rdata[10] : -0.693630
[setup reg-out] _12197_/Q -> cpu_rdata[62] : -0.684024
[setup reg-out] _12197_/Q -> cpu_rdata[20] : -0.683228
[setup reg-out] _12227_/Q -> cpu_rdata[0] : -0.643850
[setup reg-out] _12197_/Q -> cpu_rdata[56] : -0.440183
[setup reg-out] _12197_/Q -> cpu_rdata[55] : -0.380616
[setup reg-reg] _12227_/Q -> _13155_/D : -0.374570
[setup reg-reg] _12227_/Q -> _13442_/D : -0.370926
[setup reg-reg] _12227_/Q -> _13440_/D : -0.370124
[setup reg-reg] _12227_/Q -> _13420_/D : -0.355839
[setup reg-reg] _12227_/Q -> _13145_/D : -0.354973
[setup reg-reg] _12227_/Q -> _13154_/D : -0.352208
[setup reg-reg] _12227_/Q -> _13147_/D : -0.345664
[setup reg-reg] _12227_/Q -> _13151_/D : -0.345169
[setup reg-reg] _12227_/Q -> _13400_/D : -0.342630
[setup reg-reg] _12227_/Q -> _13143_/D : -0.341902
[setup reg-reg] _12197_/Q -> _11424_/D : -0.299694
[setup reg-reg] _12197_/Q -> _11472_/D : -0.277796
[setup reg-reg] _12197_/Q -> _11432_/D : -0.270321
[setup reg-reg] _12197_/Q -> _14097_/D : -0.263548
[setup reg-reg] _12197_/Q -> _11434_/D : -0.259743
[setup reg-reg] _12197_/Q -> _11416_/D : -0.250645
[setup reg-reg] _12197_/Q -> _11469_/D : -0.247457
[setup reg-reg] _12197_/Q -> _14171_/D : -0.246870
[setup reg-reg] _12227_/Q -> _13465_/D : -0.244920
[setup reg-reg] _12197_/Q -> _14103_/D : -0.244111
[setup reg-reg] _12197_/Q -> _11465_/D : -0.242047
[setup reg-reg] _12197_/Q -> _11463_/D : -0.240922
[setup reg-reg] _12197_/Q -> _14161_/D : -0.238502
[setup reg-reg] _12197_/Q -> _14167_/D : -0.236351
[setup reg-reg] _12197_/Q -> _11448_/D : -0.236038
[setup reg-reg] _12197_/Q -> _14107_/D : -0.235279
[setup reg-reg] _12197_/Q -> _11474_/D : -0.230027
[setup reg-reg] _12197_/Q -> _14137_/D : -0.228652
[setup reg-reg] _12197_/Q -> _14117_/D : -0.223428
[setup reg-reg] _12197_/Q -> _14182_/D : -0.221909
[setup reg-reg] _12197_/Q -> _14181_/D : -0.217717
[setup reg-reg] _12227_/Q -> _13453_/D : -0.211545
[setup reg-reg] _12197_/Q -> _14201_/D : -0.208837
[setup reg-reg] _12197_/Q -> _14185_/D : -0.206890
[setup reg-reg] _12197_/Q -> _14176_/D : -0.205517
[setup reg-reg] _12227_/Q -> _12744_/D : -0.201577
[setup reg-reg] _12197_/Q -> _14156_/D : -0.200282
[setup reg-reg] _12227_/Q -> _13450_/D : -0.198342
[setup reg-reg] _12227_/Q -> _13445_/D : -0.197449
[setup reg-reg] _12227_/Q -> _14490_/D : -0.195387
[setup reg-reg] _12227_/Q -> _13456_/D : -0.194637
[setup reg-reg] _12227_/Q -> _13459_/D : -0.193691
[setup reg-reg] _12197_/Q -> _14190_/D : -0.193468
[setup reg-reg] _12227_/Q -> _14484_/D : -0.193113
[setup reg-reg] _12227_/Q -> _12769_/D : -0.191829
[setup reg-reg] _12197_/Q -> _14092_/D : -0.191730
[setup reg-reg] _12227_/Q -> _12771_/D : -0.191236
[setup reg-reg] _12227_/Q -> _12777_/D : -0.189639
[setup reg-reg] _12197_/Q -> _14121_/D : -0.188876
[setup reg-reg] _12227_/Q -> _13468_/D : -0.188016
[setup reg-reg] _12227_/Q -> _13460_/D : -0.187850
[setup reg-reg] _12197_/Q -> _14112_/D : -0.186938
[setup reg-reg] _12227_/Q -> _13124_/D : -0.186637
[setup reg-reg] _12227_/Q -> _13122_/D : -0.186594
[setup reg-reg] _12227_/Q -> _13125_/D : -0.184964
[setup reg-reg] _12227_/Q -> _13447_/D : -0.184685
[setup reg-reg] _12227_/Q -> _12607_/D : -0.183132
[setup reg-reg] _12197_/Q -> _14118_/D : -0.182174
[setup reg-reg] _12227_/Q -> _12772_/D : -0.181963
[setup reg-reg] _12227_/Q -> _13448_/D : -0.181894
[setup reg-reg] _12227_/Q -> _13132_/D : -0.181204
[setup reg-reg] _12227_/Q -> _13123_/D : -0.180815
[setup reg-reg] _12197_/Q -> _14149_/D : -0.180137
[setup reg-reg] _12227_/Q -> _12757_/D : -0.178533
[setup reg-reg] _12227_/Q -> _12604_/D : -0.178526
[setup reg-reg] _12227_/Q -> _13113_/D : -0.178296
[setup reg-reg] _12227_/Q -> _13128_/D : -0.177961
[setup reg-reg] _12227_/Q -> _13114_/D : -0.177304
[setup reg-reg] _12227_/Q -> _13119_/D : -0.177144
[setup reg-reg] _12227_/Q -> _12746_/D : -0.175916
[setup reg-reg] _12197_/Q -> _14126_/D : -0.175879
[setup reg-reg] _12227_/Q -> _12768_/D : -0.175585
[setup reg-reg] _12227_/Q -> _13458_/D : -0.175455
[setup reg-reg] _12227_/Q -> _12752_/D : -0.174686
[setup reg-reg] _12227_/Q -> _12612_/D : -0.174516
[setup reg-reg] _12227_/Q -> _13463_/D : -0.173071
[setup reg-reg] _12227_/Q -> _13376_/D : -0.172790
[setup reg-reg] _12227_/Q -> _12608_/D : -0.172603
[setup reg-reg] _12227_/Q -> _13455_/D : -0.171297
[setup reg-reg] _12227_/Q -> _13121_/D : -0.171056
[setup reg-reg] _12227_/Q -> _12603_/D : -0.170860
[setup reg-reg] _12227_/Q -> _14482_/D : -0.169355
[setup reg-reg] _12227_/Q -> _12593_/D : -0.168547
[setup reg-reg] _12227_/Q -> _13446_/D : -0.168096
[setup reg-reg] _12227_/Q -> _12972_/D : -0.167436
[setup reg-reg] _12227_/Q -> _12774_/D : -0.166994
[setup reg-reg] _12227_/Q -> _12599_/D : -0.166442
[setup reg-reg] _12227_/Q -> _12767_/D : -0.166302
[setup reg-reg] _12227_/Q -> _12980_/D : -0.165982
[setup reg-reg] _12227_/Q -> _12776_/D : -0.165318
[setup reg-reg] _12227_/Q -> _13454_/D : -0.165259
[setup reg-reg] _12227_/Q -> _12770_/D : -0.163975
[setup reg-reg] _12227_/Q -> _13127_/D : -0.162489
[setup reg-reg] _12227_/Q -> _12733_/D : -0.161855
[setup reg-reg] _12197_/Q -> _14093_/D : -0.161520
[setup reg-reg] _12227_/Q -> _12773_/D : -0.160797
[setup reg-reg] _12227_/Q -> _12738_/D : -0.160449
[setup reg-reg] _12227_/Q -> _13457_/D : -0.160409
[setup reg-reg] _12227_/Q -> _12597_/D : -0.160349
[setup reg-reg] _12227_/Q -> _12758_/D : -0.160272
[setup reg-reg] _12227_/Q -> _13452_/D : -0.159726
[setup reg-reg] _12227_/Q -> _12605_/D : -0.159595
[setup reg-reg] _12227_/Q -> _13117_/D : -0.159522
[setup reg-reg] _12227_/Q -> _12761_/D : -0.159270
[setup reg-reg] _12227_/Q -> _12602_/D : -0.158677
[setup reg-reg] _12227_/Q -> _13116_/D : -0.158408
[setup reg-reg] _12227_/Q -> _14487_/D : -0.158230
[setup reg-reg] _12227_/Q -> _12735_/D : -0.157926
[setup reg-reg] _12227_/Q -> _12983_/D : -0.157502
[setup reg-reg] _12227_/Q -> _12760_/D : -0.157465
[setup reg-reg] _12227_/Q -> _13461_/D : -0.157366
[setup reg-reg] _12227_/Q -> _12747_/D : -0.157332
[setup reg-reg] _12227_/Q -> _13118_/D : -0.156819
[setup reg-reg] _12227_/Q -> _12750_/D : -0.155443
[setup reg-reg] _12227_/Q -> _13379_/D : -0.155408
[setup reg-reg] _12227_/Q -> _12596_/D : -0.155308
[setup reg-reg] _12227_/Q -> _12742_/D : -0.154250
[setup reg-reg] _12227_/Q -> _13444_/D : -0.154148
[setup reg-reg] _12227_/Q -> _12748_/D : -0.153823
[setup reg-reg] _12227_/Q -> _13115_/D : -0.153362
[setup reg-reg] _12197_/Q -> _14146_/D : -0.153153
[setup reg-reg] _12227_/Q -> _13464_/D : -0.152979
[setup reg-reg] _12227_/Q -> _13130_/D : -0.152970
[setup reg-reg] _12227_/Q -> _13374_/D : -0.152145
[setup reg-reg] _12227_/Q -> _13133_/D : -0.151783
[setup reg-reg] _12227_/Q -> _12763_/D : -0.151778
[setup reg-reg] _12227_/Q -> _12743_/D : -0.150949
[setup reg-reg] _12197_/Q -> _14111_/D : -0.149429
[setup reg-reg] _12227_/Q -> _12613_/D : -0.149078
[setup reg-reg] _12227_/Q -> _14486_/D : -0.148952
[setup reg-reg] _12227_/Q -> _12751_/D : -0.148678
[setup reg-reg] _12227_/Q -> _12594_/D : -0.148197
[setup reg-reg] _12227_/Q -> _12736_/D : -0.147970
[setup reg-reg] _12197_/Q -> _14140_/D : -0.147920
[setup reg-reg] _12227_/Q -> _12780_/D : -0.147804
[setup reg-reg] _12197_/Q -> _14213_/D : -0.147174
[setup reg-reg] _12227_/Q -> _12775_/D : -0.146868
[setup reg-reg] _12197_/Q -> _14101_/D : -0.146347
[setup reg-reg] _12227_/Q -> _13366_/D : -0.146049
[setup reg-reg] _12227_/Q -> _12610_/D : -0.145908
[setup reg-reg] _12227_/Q -> _14483_/D : -0.145002
[setup reg-reg] _12227_/Q -> _12745_/D : -0.144838
[setup reg-reg] _12227_/Q -> _13367_/D : -0.144821
[setup reg-reg] _12227_/Q -> _12732_/D : -0.143926
[setup reg-reg] _12227_/Q -> _13467_/D : -0.142809
[setup reg-reg] _12227_/Q -> _12601_/D : -0.141990
[setup reg-reg] _12227_/Q -> _13361_/D : -0.141830
[setup reg-reg] _12227_/Q -> _13370_/D : -0.140682
[setup reg-reg] _12227_/Q -> _13355_/D : -0.139659
[setup reg-reg] _12227_/Q -> _12963_/D : -0.137769
[setup reg-reg] _12227_/Q -> _12755_/D : -0.137357
[setup reg-reg] _12227_/Q -> _13449_/D : -0.135945
[setup reg-reg] _12227_/Q -> _12974_/D : -0.135536
[setup reg-reg] _12227_/Q -> _12598_/D : -0.135478
[setup reg-reg] _12227_/Q -> _13356_/D : -0.135445
[setup reg-reg] _12227_/Q -> _13371_/D : -0.135444
[setup reg-reg] _12227_/Q -> _13365_/D : -0.134997
[setup reg-reg] _12197_/Q -> _14204_/D : -0.134468
[setup reg-reg] _12197_/Q -> _14125_/D : -0.133417
[setup reg-reg] _12227_/Q -> _12759_/D : -0.133209
[setup reg-reg] _12197_/Q -> _14104_/D : -0.132874
[setup reg-reg] _12227_/Q -> _12966_/D : -0.132821
[setup reg-reg] _12197_/Q -> _14151_/D : -0.132550
[setup reg-reg] _12197_/Q -> _14210_/D : -0.132399
[setup reg-reg] _12227_/Q -> _12595_/D : -0.132163
[setup reg-reg] _12227_/Q -> _13136_/D : -0.132042
[setup reg-reg] _12227_/Q -> _12749_/D : -0.130936
[setup reg-reg] _12227_/Q -> _13358_/D : -0.130618
[setup reg-reg] _12197_/Q -> _14175_/D : -0.128362
[setup reg-reg] _12227_/Q -> _12970_/D : -0.128137
[setup reg-reg] _12227_/Q -> _13359_/D : -0.127025
[setup reg-reg] _12227_/Q -> _13364_/D : -0.126827
[setup reg-reg] _12227_/Q -> _12734_/D : -0.126412
[setup reg-reg] _12227_/Q -> _12964_/D : -0.126347
[setup reg-reg] _12227_/Q -> _12971_/D : -0.126001
[setup reg-reg] _12227_/Q -> _13369_/D : -0.125360
[setup reg-reg] _12197_/Q -> _14142_/D : -0.124889
[setup reg-out] _14499_/Q -> mem_wdata[56] : -0.124571
[setup reg-out] _14499_/Q -> mem_wdata[1] : -0.124389
[setup reg-reg] _12227_/Q -> _12961_/D : -0.124032
[setup reg-reg] _12227_/Q -> _13372_/D : -0.122946
[setup reg-reg] _12227_/Q -> _12753_/D : -0.122888
[setup reg-reg] _12227_/Q -> _12978_/D : -0.122443
[setup reg-out] _14499_/Q -> mem_wdata[18] : -0.121507
[setup reg-reg] _12227_/Q -> _12975_/D : -0.120961
[setup reg-reg] _12227_/Q -> _13378_/D : -0.120806
[setup reg-out] _14499_/Q -> mem_wdata[25] : -0.120512
[setup reg-out] _14499_/Q -> mem_wdata[53] : -0.120405
[setup reg-reg] _12227_/Q -> _12737_/D : -0.118658
[setup reg-reg] _12227_/Q -> _13451_/D : -0.118200
[setup reg-reg] _12227_/Q -> _13363_/D : -0.118102
[setup reg-reg] _12197_/Q -> _12723_/D : -0.117955
[setup reg-reg] _12197_/Q -> _14157_/D : -0.117758
[setup reg-reg] _12197_/Q -> _14165_/D : -0.117683
[setup reg-reg] _12227_/Q -> _12762_/D : -0.116346
[setup reg-reg] _12227_/Q -> _13368_/D : -0.116207
[setup reg-reg] _12227_/Q -> _13357_/D : -0.115781
[setup reg-reg] _12227_/Q -> _12740_/D : -0.114202
[setup reg-reg] _12227_/Q -> _12960_/D : -0.113777
[setup reg-reg] _12197_/Q -> _12707_/D : -0.112203
[setup reg-out] _14499_/Q -> mem_wdata[22] : -0.111818
[setup reg-out] _14499_/Q -> mem_wdata[6] : -0.111237
[setup reg-reg] _12227_/Q -> _12962_/D : -0.111066
[setup reg-reg] _12227_/Q -> _13375_/D : -0.110931
[setup reg-out] _14499_/Q -> mem_wdata[28] : -0.109314
[setup reg-out] _14499_/Q -> mem_wdata[51] : -0.108890
[setup reg-reg] _12227_/Q -> _12973_/D : -0.108372
[setup reg-reg] _12197_/Q -> _12719_/D : -0.106928
[setup reg-reg] _12227_/Q -> _12616_/D : -0.106883
[setup reg-reg] _12197_/Q -> _14168_/D : -0.106618
[setup reg-out] _14499_/Q -> mem_wdata[8] : -0.105981
[setup reg-reg] _12227_/Q -> _12979_/D : -0.105625
[setup reg-reg] _12197_/Q -> _14189_/D : -0.105368
[setup reg-reg] _12197_/Q -> _14215_/D : -0.103408
[setup reg-reg] _12197_/Q -> _12722_/D : -0.102093
[setup reg-reg] _12197_/Q -> _12717_/D : -0.101586
[setup reg-reg] _12227_/Q -> _12969_/D : -0.101513
[setup reg-reg] _12227_/Q -> _13362_/D : -0.100547
[setup reg-reg] _12227_/Q -> _12741_/D : -0.100404
[setup reg-reg] _12197_/Q -> _12135_/D : -0.099270
[setup reg-reg] _12197_/Q -> _14206_/D : -0.097920
[setup reg-reg] _12227_/Q -> _13360_/D : -0.097667
[setup reg-reg] _12197_/Q -> _12721_/D : -0.094329
[setup reg-reg] _12197_/Q -> _12726_/D : -0.094127
[setup reg-reg] _12227_/Q -> _12977_/D : -0.093534
[setup reg-reg] _12197_/Q -> _14488_/D : -0.093190
[setup reg-reg] _12227_/Q -> _14485_/D : -0.090940
[setup reg-reg] _12197_/Q -> _12727_/D : -0.088696
[setup reg-reg] _12197_/Q -> _12130_/D : -0.081562
[setup reg-reg] _12197_/Q -> _12716_/D : -0.080513
[setup reg-reg] _12197_/Q -> _12708_/D : -0.080219
[setup reg-reg] _12197_/Q -> _12724_/D : -0.074572
[setup reg-reg] _12197_/Q -> _12711_/D : -0.073659
[setup reg-reg] _12197_/Q -> _12133_/D : -0.071950
[setup reg-reg] _12197_/Q -> _12725_/D : -0.071021
[setup reg-reg] _12197_/Q -> _12720_/D : -0.068260
[setup reg-reg] _12197_/Q -> _12718_/D : -0.068249
[setup reg-reg] _12227_/Q -> _12965_/D : -0.066606
[setup reg-reg] _12197_/Q -> _12710_/D : -0.065598
[setup reg-reg] _12197_/Q -> _12713_/D : -0.065564
[setup reg-reg] _12197_/Q -> _12118_/D : -0.061884
[setup reg-reg] _12197_/Q -> _12730_/D : -0.061532
[setup reg-reg] _12227_/Q -> _13932_/D : -0.059569
[setup reg-out] _14499_/Q -> mem_wdata[3] : -0.058565
[setup reg-reg] _12197_/Q -> _12139_/D : -0.055169
[setup reg-reg] _12197_/Q -> _12127_/D : -0.053313
[setup reg-reg] _12197_/Q -> _12152_/D : -0.052204
[setup reg-reg] _12197_/Q -> _12143_/D : -0.050723
[setup reg-reg] _12197_/Q -> _12166_/D : -0.049800
[setup reg-reg] _12197_/Q -> _12709_/D : -0.049190
[setup reg-out] _14499_/Q -> mem_wdata[15] : -0.044670
[setup reg-out] _14499_/Q -> mem_wdata[59] : -0.042248
[setup reg-reg] _12227_/Q -> _13958_/D : -0.041545
[setup reg-reg] _12197_/Q -> _12191_/D : -0.040058
[setup reg-reg] _12227_/Q -> _12739_/D : -0.039657
[setup reg-reg] _12227_/Q -> _11593_/D : -0.038646
[setup reg-reg] _12227_/Q -> _13906_/D : -0.037372
[setup reg-reg] _12197_/Q -> _12189_/D : -0.035706
[setup reg-reg] _12197_/Q -> _12164_/D : -0.035675
[setup reg-reg] _12197_/Q -> _14494_/D : -0.034475
[setup reg-reg] _12227_/Q -> _11589_/D : -0.034187
[setup reg-reg] _12227_/Q -> _13936_/D : -0.034147
[setup reg-out] _14499_/Q -> mem_wdata[29] : -0.034108
[setup reg-reg] _12227_/Q -> _13956_/D : -0.033359
[setup reg-reg] _12197_/Q -> _12132_/D : -0.031813
[setup reg-reg] _12227_/Q -> _11600_/D : -0.031388
[setup reg-out] _14499_/Q -> mem_wdata[49] : -0.028823
[setup reg-reg] _12197_/Q -> _12119_/D : -0.028253
[setup reg-out] _14499_/Q -> mem_wdata[43] : -0.028140
[setup reg-out] _14499_/Q -> mem_wdata[31] : -0.027749
[setup reg-reg] _12197_/Q -> _12129_/D : -0.027421
[setup reg-reg] _12197_/Q -> _12183_/D : -0.027307
[setup reg-reg] _12197_/Q -> _12120_/D : -0.027033
[setup reg-out] _14499_/Q -> mem_wdata[9] : -0.026695
[setup reg-out] _14499_/Q -> mem_wdata[14] : -0.025829
[setup reg-reg] _12197_/Q -> _12153_/D : -0.024706
[setup reg-reg] _12197_/Q -> _12138_/D : -0.024174
[setup reg-reg] _12197_/Q -> _12136_/D : -0.023576
[setup reg-reg] _12197_/Q -> _12177_/D : -0.020306
[setup reg-out] _14499_/Q -> mem_wdata[11] : -0.018631
[setup reg-reg] _12227_/Q -> _11591_/D : -0.017658
[setup reg-reg] _12197_/Q -> _12121_/D : -0.015207
[setup reg-reg] _12197_/Q -> _12162_/D : -0.014571
[setup reg-reg] _12197_/Q -> _12155_/D : -0.013899
[setup reg-reg] _12227_/Q -> _11601_/D : -0.010204
[setup reg-reg] _12197_/Q -> _12182_/D : -0.007970
[setup reg-reg] _12197_/Q -> _12122_/D : -0.006812
[setup reg-reg] _12197_/Q -> _12128_/D : -0.005460
[setup reg-reg] _12197_/Q -> _12170_/D : -0.004471
[setup reg-reg] _12197_/Q -> _12159_/D : -0.004240
[setup reg-reg] _12197_/Q -> _14493_/D : -0.003046
[setup reg-reg] _12197_/Q -> _12131_/D : -0.002975
[setup reg-reg] _12197_/Q -> _12137_/D : -0.002253
[setup reg-reg] _12197_/Q -> _12178_/D : -0.001627
