
===========================================================================
report_checks -unconstrained
===========================================================================
======================= nom_ff_n40C_1v95 Corner ===================================

Startpoint: reset (input port clocked by clk)
Endpoint: _14344_ (recovery check against rising-edge clock clk)
Path Group: asynchronous
Path Type: max

Fanout         Cap        Slew       Delay        Time   Description
---------------------------------------------------------------------------------------------
                                  0.000000    0.000000   clock clk (rise edge)
                                  0.000000    0.000000   clock network delay (propagated)
                                  2.000000    2.000000 v input external delay
     1    0.002244    0.003910    0.001785    2.001785 v reset (in)
                                                         reset (net)
                      0.003910    0.000000    2.001785 v hold43/A (sky130_fd_sc_hd__dlygate4sd3_1)
     1    0.002158    0.035843    0.347503    2.349288 v hold43/X (sky130_fd_sc_hd__dlygate4sd3_1)
                                                         net1694 (net)
                      0.035843    0.000044    2.349331 v input164/A (sky130_fd_sc_hd__buf_2)
     6    0.035102    0.063986    0.120036    2.469368 v input164/X (sky130_fd_sc_hd__buf_2)
                                                         net164 (net)
                      0.064057    0.001901    2.471269 v _05624_/A (sky130_fd_sc_hd__inv_2)
     1    0.004078    0.026280    0.042390    2.513658 ^ _05624_/Y (sky130_fd_sc_hd__inv_2)
                                                         _00189_ (net)
                      0.026280    0.000083    2.513742 ^ _14344_/SET_B (sky130_fd_sc_hd__dfstp_1)
                                              2.513742   data arrival time

                                 10.000000   10.000000   clock clk (rise edge)
                                  0.000000   10.000000   clock source latency
     1    0.083322    0.282704    0.200282   10.200283 ^ clk (in)
                                                         clk (net)
                      0.283432    0.000000   10.200283 ^ clkbuf_0_clk/A (sky130_fd_sc_hd__clkbuf_16)
    16    0.264519    0.213449    0.256284   10.456567 ^ clkbuf_0_clk/X (sky130_fd_sc_hd__clkbuf_16)
                                                         clknet_0_clk (net)
                      0.214134    0.009882   10.466449 ^ clkbuf_4_11_0_clk/A (sky130_fd_sc_hd__clkbuf_8)
     2    0.026015    0.047875    0.132090   10.598538 ^ clkbuf_4_11_0_clk/X (sky130_fd_sc_hd__clkbuf_8)
                                                         clknet_4_11_0_clk (net)
                      0.047926    0.001324   10.599863 ^ clkbuf_5_23__f_clk/A (sky130_fd_sc_hd__clkbuf_16)
     9    0.078746    0.073289    0.122323   10.722185 ^ clkbuf_5_23__f_clk/X (sky130_fd_sc_hd__clkbuf_16)
                                                         clknet_5_23__leaf_clk (net)
                      0.073433    0.002584   10.724769 ^ clkbuf_leaf_184_clk/A (sky130_fd_sc_hd__clkbuf_8)
    10    0.042030    0.063868    0.119940   10.844708 ^ clkbuf_leaf_184_clk/X (sky130_fd_sc_hd__clkbuf_8)
                                                         clknet_leaf_184_clk (net)
                      0.063878    0.000830   10.845538 ^ _14344_/CLK (sky130_fd_sc_hd__dfstp_1)
                                 -0.250000   10.595538   clock uncertainty
                                  0.000000   10.595538   clock reconvergence pessimism
                                  0.089704   10.685243   library recovery time
                                             10.685243   data required time
---------------------------------------------------------------------------------------------
                                             10.685243   data required time
                                             -2.513742   data arrival time
---------------------------------------------------------------------------------------------
                                              8.171501   slack (MET)


Startpoint: cpu_addr[14] (input port clocked by clk)
Endpoint: cpu_rdata[15] (output port clocked by clk)
Path Group: clk
Path Type: max

Fanout         Cap        Slew       Delay        Time   Description
---------------------------------------------------------------------------------------------
                                  0.000000    0.000000   clock clk (rise edge)
                                  0.000000    0.000000   clock network delay (propagated)
                                  2.000000    2.000000 ^ input external delay
     1    0.003770    0.017404    0.009787    2.009787 ^ cpu_addr[14] (in)
                                                         cpu_addr[14] (net)
                      0.017404    0.000000    2.009787 ^ input6/A (sky130_fd_sc_hd__clkbuf_2)
     6    0.040579    0.170941    0.157331    2.167118 ^ input6/X (sky130_fd_sc_hd__clkbuf_2)
                                                         net6 (net)
                      0.171079    0.003974    2.171091 ^ _05733_/A_N (sky130_fd_sc_hd__and2b_1)
     3    0.008019    0.039856    0.135848    2.306940 v _05733_/X (sky130_fd_sc_hd__and2b_1)
                                                         _03250_ (net)
                      0.039857    0.000255    2.307194 v _05780_/B (sky130_fd_sc_hd__or4_1)
     1    0.002479    0.051410    0.279398    2.586593 v _05780_/X (sky130_fd_sc_hd__or4_1)
                                                         _03297_ (net)
                      0.051410    0.000050    2.586643 v _05786_/B (sky130_fd_sc_hd__or4_1)
     1    0.007587    0.073980    0.313089    2.899732 v _05786_/X (sky130_fd_sc_hd__or4_1)
                                                         _03303_ (net)
                      0.073980    0.000294    2.900026 v _05798_/B (sky130_fd_sc_hd__nor4_2)
     1    0.004501    0.154456    0.185062    3.085088 ^ _05798_/Y (sky130_fd_sc_hd__nor4_2)
                                                         _03315_ (net)
                      0.154456    0.000158    3.085246 ^ wire836/A (sky130_fd_sc_hd__buf_2)
     1    0.012879    0.054212    0.110542    3.195788 ^ wire836/X (sky130_fd_sc_hd__buf_2)
                                                         net836 (net)
                      0.054216    0.000535    3.196323 ^ fanout835/A (sky130_fd_sc_hd__buf_12)
     6    0.185584    0.163203    0.156511    3.352834 ^ fanout835/X (sky130_fd_sc_hd__buf_12)
                                                         net835 (net)
                      0.166141    0.017524    3.370358 ^ fanout834/A (sky130_fd_sc_hd__buf_12)
     5    0.124185    0.113384    0.137307    3.507666 ^ fanout834/X (sky130_fd_sc_hd__buf_12)
                                                         net834 (net)
                      0.116053    0.013769    3.521434 ^ fanout833/A (sky130_fd_sc_hd__buf_8)
    10    0.112309    0.139732    0.141525    3.662959 ^ fanout833/X (sky130_fd_sc_hd__buf_8)
                                                         net833 (net)
                      0.149664    0.028893    3.691852 ^ fanout832/A (sky130_fd_sc_hd__buf_8)
    10    0.082009    0.104956    0.127930    3.819782 ^ fanout832/X (sky130_fd_sc_hd__buf_8)
                                                         net832 (net)
                      0.107607    0.013172    3.832953 ^ _05877_/A2 (sky130_fd_sc_hd__a21o_1)
     1    0.005159    0.041484    0.089381    3.922335 ^ _05877_/X (sky130_fd_sc_hd__a21o_1)
                                                         _03379_ (net)
                      0.041484    0.000196    3.922530 ^ _05878_/B2 (sky130_fd_sc_hd__a22o_1)
     1    0.005804    0.051427    0.083986    4.006516 ^ _05878_/X (sky130_fd_sc_hd__a22o_1)
                                                         net171 (net)
                      0.051427    0.000187    4.006702 ^ output171/A (sky130_fd_sc_hd__buf_6)
     1    0.034500    0.057694    0.090593    4.097296 ^ output171/X (sky130_fd_sc_hd__buf_6)
                                                         cpu_rdata[15] (net)
                      0.057704    0.000775    4.098071 ^ cpu_rdata[15] (out)
                                              4.098071   data arrival time

                                 10.000000   10.000000   clock clk (rise edge)
                                  0.000000   10.000000   clock network delay (propagated)
                                 -0.250000    9.750000   clock uncertainty
                                  0.000000    9.750000   clock reconvergence pessimism
                                 -2.000000    7.750000   output external delay
                                              7.750000   data required time
---------------------------------------------------------------------------------------------
                                              7.750000   data required time
                                             -4.098071   data arrival time
---------------------------------------------------------------------------------------------
                                              3.651929   slack (MET)




===========================================================================
report_checks --slack_max -0.01
============================================================================
======================= nom_ff_n40C_1v95 Corner ===================================

No paths found.


===========================================================================
 report_check_types -max_slew -max_cap -max_fanout -violators
============================================================================
======================= nom_ff_n40C_1v95 Corner ===================================

max fanout

Pin                                   Limit Fanout  Slack
---------------------------------------------------------
clkbuf_leaf_127_clk/X                    10     20    -10 (VIOLATED)
clkbuf_leaf_168_clk/X                    10     19     -9 (VIOLATED)
clkbuf_leaf_234_clk/X                    10     19     -9 (VIOLATED)
clkbuf_leaf_5_clk/X                      10     19     -9 (VIOLATED)
clkbuf_leaf_77_clk/X                     10     19     -9 (VIOLATED)
clkbuf_leaf_191_clk/X                    10     18     -8 (VIOLATED)
clkbuf_leaf_261_clk/X                    10     18     -8 (VIOLATED)
clkbuf_leaf_52_clk/X                     10     18     -8 (VIOLATED)
clkbuf_leaf_73_clk/X                     10     18     -8 (VIOLATED)
clkbuf_leaf_12_clk/X                     10     17     -7 (VIOLATED)
clkbuf_leaf_14_clk/X                     10     17     -7 (VIOLATED)
clkbuf_leaf_161_clk/X                    10     17     -7 (VIOLATED)
clkbuf_leaf_214_clk/X                    10     17     -7 (VIOLATED)
clkbuf_leaf_224_clk/X                    10     17     -7 (VIOLATED)
clkbuf_leaf_240_clk/X                    10     17     -7 (VIOLATED)
clkbuf_leaf_260_clk/X                    10     17     -7 (VIOLATED)
clkbuf_leaf_268_clk/X                    10     17     -7 (VIOLATED)
clkbuf_leaf_35_clk/X                     10     17     -7 (VIOLATED)
clkbuf_leaf_49_clk/X                     10     17     -7 (VIOLATED)
clkbuf_leaf_4_clk/X                      10     17     -7 (VIOLATED)
clkbuf_leaf_67_clk/X                     10     17     -7 (VIOLATED)
clkbuf_leaf_71_clk/X                     10     17     -7 (VIOLATED)
clkbuf_leaf_84_clk/X                     10     17     -7 (VIOLATED)
clkbuf_leaf_87_clk/X                     10     17     -7 (VIOLATED)
clkbuf_leaf_88_clk/X                     10     17     -7 (VIOLATED)
clkbuf_0_clk/X                           10     16     -6 (VIOLATED)
clkbuf_leaf_105_clk/X                    10     16     -6 (VIOLATED)
clkbuf_leaf_108_clk/X                    10     16     -6 (VIOLATED)
clkbuf_leaf_122_clk/X                    10     16     -6 (VIOLATED)
clkbuf_leaf_134_clk/X                    10     16     -6 (VIOLATED)
clkbuf_leaf_143_clk/X                    10     16     -6 (VIOLATED)
clkbuf_leaf_166_clk/X                    10     16     -6 (VIOLATED)
clkbuf_leaf_19_clk/X                     10     16     -6 (VIOLATED)
clkbuf_leaf_207_clk/X                    10     16     -6 (VIOLATED)
clkbuf_leaf_20_clk/X                     10     16     -6 (VIOLATED)
clkbuf_leaf_221_clk/X                    10     16     -6 (VIOLATED)
clkbuf_leaf_28_clk/X                     10     16     -6 (VIOLATED)
clkbuf_leaf_31_clk/X                     10     16     -6 (VIOLATED)
clkbuf_leaf_33_clk/X                     10     16     -6 (VIOLATED)
clkbuf_leaf_36_clk/X                     10     16     -6 (VIOLATED)
clkbuf_leaf_39_clk/X                     10     16     -6 (VIOLATED)
clkbuf_leaf_41_clk/X                     10     16     -6 (VIOLATED)
clkbuf_leaf_45_clk/X                     10     16     -6 (VIOLATED)
clkbuf_leaf_48_clk/X                     10     16     -6 (VIOLATED)
clkbuf_leaf_91_clk/X                     10     16     -6 (VIOLATED)
clkbuf_leaf_94_clk/X                     10     16     -6 (VIOLATED)
clkbuf_leaf_109_clk/X                    10     15     -5 (VIOLATED)
clkbuf_leaf_114_clk/X                    10     15     -5 (VIOLATED)
clkbuf_leaf_118_clk/X                    10     15     -5 (VIOLATED)
clkbuf_leaf_119_clk/X                    10     15     -5 (VIOLATED)
clkbuf_leaf_11_clk/X                     10     15     -5 (VIOLATED)
clkbuf_leaf_130_clk/X                    10     15     -5 (VIOLATED)
clkbuf_leaf_144_clk/X                    10     15     -5 (VIOLATED)
clkbuf_leaf_145_clk/X                    10     15     -5 (VIOLATED)
clkbuf_leaf_153_clk/X                    10     15     -5 (VIOLATED)
clkbuf_leaf_157_clk/X                    10     15     -5 (VIOLATED)
clkbuf_leaf_160_clk/X                    10     15     -5 (VIOLATED)
clkbuf_leaf_171_clk/X                    10     15     -5 (VIOLATED)
clkbuf_leaf_182_clk/X                    10     15     -5 (VIOLATED)
clkbuf_leaf_192_clk/X                    10     15     -5 (VIOLATED)
clkbuf_leaf_194_clk/X                    10     15     -5 (VIOLATED)
clkbuf_leaf_206_clk/X                    10     15     -5 (VIOLATED)
clkbuf_leaf_212_clk/X                    10     15     -5 (VIOLATED)
clkbuf_leaf_226_clk/X                    10     15     -5 (VIOLATED)
clkbuf_leaf_228_clk/X                    10     15     -5 (VIOLATED)
clkbuf_leaf_230_clk/X                    10     15     -5 (VIOLATED)
clkbuf_leaf_246_clk/X                    10     15     -5 (VIOLATED)
clkbuf_leaf_247_clk/X                    10     15     -5 (VIOLATED)
clkbuf_leaf_248_clk/X                    10     15     -5 (VIOLATED)
clkbuf_leaf_249_clk/X                    10     15     -5 (VIOLATED)
clkbuf_leaf_24_clk/X                     10     15     -5 (VIOLATED)
clkbuf_leaf_251_clk/X                    10     15     -5 (VIOLATED)
clkbuf_leaf_257_clk/X                    10     15     -5 (VIOLATED)
clkbuf_leaf_258_clk/X                    10     15     -5 (VIOLATED)
clkbuf_leaf_30_clk/X                     10     15     -5 (VIOLATED)
clkbuf_leaf_47_clk/X                     10     15     -5 (VIOLATED)
clkbuf_leaf_54_clk/X                     10     15     -5 (VIOLATED)
clkbuf_leaf_55_clk/X                     10     15     -5 (VIOLATED)
clkbuf_leaf_70_clk/X                     10     15     -5 (VIOLATED)
clkbuf_leaf_85_clk/X                     10     15     -5 (VIOLATED)
clkbuf_leaf_93_clk/X                     10     15     -5 (VIOLATED)
clkbuf_leaf_100_clk/X                    10     14     -4 (VIOLATED)
clkbuf_leaf_106_clk/X                    10     14     -4 (VIOLATED)
clkbuf_leaf_120_clk/X                    10     14     -4 (VIOLATED)
clkbuf_leaf_123_clk/X                    10     14     -4 (VIOLATED)
clkbuf_leaf_141_clk/X                    10     14     -4 (VIOLATED)
clkbuf_leaf_15_clk/X                     10     14     -4 (VIOLATED)
clkbuf_leaf_167_clk/X                    10     14     -4 (VIOLATED)
clkbuf_leaf_179_clk/X                    10     14     -4 (VIOLATED)
clkbuf_leaf_195_clk/X                    10     14     -4 (VIOLATED)
clkbuf_leaf_201_clk/X                    10     14     -4 (VIOLATED)
clkbuf_leaf_204_clk/X                    10     14     -4 (VIOLATED)
clkbuf_leaf_211_clk/X                    10     14     -4 (VIOLATED)
clkbuf_leaf_215_clk/X                    10     14     -4 (VIOLATED)
clkbuf_leaf_223_clk/X                    10     14     -4 (VIOLATED)
clkbuf_leaf_254_clk/X                    10     14     -4 (VIOLATED)
clkbuf_leaf_256_clk/X                    10     14     -4 (VIOLATED)
clkbuf_leaf_259_clk/X                    10     14     -4 (VIOLATED)
clkbuf_leaf_3_clk/X                      10     14     -4 (VIOLATED)
clkbuf_leaf_46_clk/X                     10     14     -4 (VIOLATED)
clkbuf_leaf_57_clk/X                     10     14     -4 (VIOLATED)
clkbuf_leaf_68_clk/X                     10     14     -4 (VIOLATED)
clkbuf_leaf_75_clk/X                     10     14     -4 (VIOLATED)
clkbuf_leaf_8_clk/X                      10     14     -4 (VIOLATED)
fanout1116/X                             10     14     -4 (VIOLATED)
clkbuf_leaf_103_clk/X                    10     13     -3 (VIOLATED)
clkbuf_leaf_111_clk/X                    10     13     -3 (VIOLATED)
clkbuf_leaf_129_clk/X                    10     13     -3 (VIOLATED)
clkbuf_leaf_151_clk/X                    10     13     -3 (VIOLATED)
clkbuf_leaf_155_clk/X                    10     13     -3 (VIOLATED)
clkbuf_leaf_158_clk/X                    10     13     -3 (VIOLATED)
clkbuf_leaf_163_clk/X                    10     13     -3 (VIOLATED)
clkbuf_leaf_164_clk/X                    10     13     -3 (VIOLATED)
clkbuf_leaf_165_clk/X                    10     13     -3 (VIOLATED)
clkbuf_leaf_16_clk/X                     10     13     -3 (VIOLATED)
clkbuf_leaf_175_clk/X                    10     13     -3 (VIOLATED)
clkbuf_leaf_176_clk/X                    10     13     -3 (VIOLATED)
clkbuf_leaf_177_clk/X                    10     13     -3 (VIOLATED)
clkbuf_leaf_178_clk/X                    10     13     -3 (VIOLATED)
clkbuf_leaf_17_clk/X                     10     13     -3 (VIOLATED)
clkbuf_leaf_181_clk/X                    10     13     -3 (VIOLATED)
clkbuf_leaf_185_clk/X                    10     13     -3 (VIOLATED)
clkbuf_leaf_189_clk/X                    10     13     -3 (VIOLATED)
clkbuf_leaf_18_clk/X                     10     13     -3 (VIOLATED)
clkbuf_leaf_193_clk/X                    10     13     -3 (VIOLATED)
clkbuf_leaf_1_clk/X                      10     13     -3 (VIOLATED)
clkbuf_leaf_200_clk/X                    10     13     -3 (VIOLATED)
clkbuf_leaf_203_clk/X                    10     13     -3 (VIOLATED)
clkbuf_leaf_229_clk/X                    10     13     -3 (VIOLATED)
clkbuf_leaf_22_clk/X                     10     13     -3 (VIOLATED)
clkbuf_leaf_231_clk/X                    10     13     -3 (VIOLATED)
clkbuf_leaf_232_clk/X                    10     13     -3 (VIOLATED)
clkbuf_leaf_241_clk/X                    10     13     -3 (VIOLATED)
clkbuf_leaf_244_clk/X                    10     13     -3 (VIOLATED)
clkbuf_leaf_267_clk/X                    10     13     -3 (VIOLATED)
clkbuf_leaf_34_clk/X                     10     13     -3 (VIOLATED)
clkbuf_leaf_40_clk/X                     10     13     -3 (VIOLATED)
clkbuf_leaf_60_clk/X                     10     13     -3 (VIOLATED)
clkbuf_leaf_61_clk/X                     10     13     -3 (VIOLATED)
clkbuf_leaf_63_clk/X                     10     13     -3 (VIOLATED)
clkbuf_leaf_66_clk/X                     10     13     -3 (VIOLATED)
clkbuf_leaf_69_clk/X                     10     13     -3 (VIOLATED)
clkbuf_leaf_82_clk/X                     10     13     -3 (VIOLATED)
clkbuf_leaf_89_clk/X                     10     13     -3 (VIOLATED)
clkbuf_leaf_97_clk/X                     10     13     -3 (VIOLATED)
clkbuf_leaf_99_clk/X                     10     13     -3 (VIOLATED)
clkbuf_leaf_10_clk/X                     10     12     -2 (VIOLATED)
clkbuf_leaf_110_clk/X                    10     12     -2 (VIOLATED)
clkbuf_leaf_136_clk/X                    10     12     -2 (VIOLATED)
clkbuf_leaf_147_clk/X                    10     12     -2 (VIOLATED)
clkbuf_leaf_169_clk/X                    10     12     -2 (VIOLATED)
clkbuf_leaf_174_clk/X                    10     12     -2 (VIOLATED)
clkbuf_leaf_188_clk/X                    10     12     -2 (VIOLATED)
clkbuf_leaf_210_clk/X                    10     12     -2 (VIOLATED)
clkbuf_leaf_213_clk/X                    10     12     -2 (VIOLATED)
clkbuf_leaf_21_clk/X                     10     12     -2 (VIOLATED)
clkbuf_leaf_227_clk/X                    10     12     -2 (VIOLATED)
clkbuf_leaf_245_clk/X                    10     12     -2 (VIOLATED)
clkbuf_leaf_253_clk/X                    10     12     -2 (VIOLATED)
clkbuf_leaf_25_clk/X                     10     12     -2 (VIOLATED)
clkbuf_leaf_262_clk/X                    10     12     -2 (VIOLATED)
clkbuf_leaf_2_clk/X                      10     12     -2 (VIOLATED)
clkbuf_leaf_32_clk/X                     10     12     -2 (VIOLATED)
clkbuf_leaf_38_clk/X                     10     12     -2 (VIOLATED)
clkbuf_leaf_53_clk/X                     10     12     -2 (VIOLATED)
clkbuf_leaf_72_clk/X                     10     12     -2 (VIOLATED)
clkbuf_leaf_74_clk/X                     10     12     -2 (VIOLATED)
clkbuf_leaf_92_clk/X                     10     12     -2 (VIOLATED)
clkbuf_5_16__f_clk/X                     10     11        (VIOLATED)
clkbuf_5_26__f_clk/X                     10     11        (VIOLATED)
clkbuf_5_31__f_clk/X                     10     11        (VIOLATED)
clkbuf_leaf_102_clk/X                    10     11        (VIOLATED)
clkbuf_leaf_104_clk/X                    10     11        (VIOLATED)
clkbuf_leaf_112_clk/X                    10     11        (VIOLATED)
clkbuf_leaf_115_clk/X                    10     11        (VIOLATED)
clkbuf_leaf_121_clk/X                    10     11        (VIOLATED)
clkbuf_leaf_124_clk/X                    10     11        (VIOLATED)
clkbuf_leaf_128_clk/X                    10     11        (VIOLATED)
clkbuf_leaf_132_clk/X                    10     11        (VIOLATED)
clkbuf_leaf_13_clk/X                     10     11        (VIOLATED)
clkbuf_leaf_140_clk/X                    10     11        (VIOLATED)
clkbuf_leaf_170_clk/X                    10     11        (VIOLATED)
clkbuf_leaf_172_clk/X                    10     11        (VIOLATED)
clkbuf_leaf_187_clk/X                    10     11        (VIOLATED)
clkbuf_leaf_196_clk/X                    10     11        (VIOLATED)
clkbuf_leaf_202_clk/X                    10     11        (VIOLATED)
clkbuf_leaf_208_clk/X                    10     11        (VIOLATED)
clkbuf_leaf_222_clk/X                    10     11        (VIOLATED)
clkbuf_leaf_235_clk/X                    10     11        (VIOLATED)
clkbuf_leaf_238_clk/X                    10     11        (VIOLATED)
clkbuf_leaf_242_clk/X                    10     11        (VIOLATED)
clkbuf_leaf_264_clk/X                    10     11        (VIOLATED)
clkbuf_leaf_265_clk/X                    10     11        (VIOLATED)
clkbuf_leaf_42_clk/X                     10     11        (VIOLATED)
clkbuf_leaf_50_clk/X                     10     11        (VIOLATED)
clkbuf_leaf_51_clk/X                     10     11        (VIOLATED)
clkbuf_leaf_56_clk/X                     10     11        (VIOLATED)
clkbuf_leaf_6_clk/X                      10     11        (VIOLATED)
clkbuf_leaf_78_clk/X                     10     11        (VIOLATED)
clkbuf_leaf_98_clk/X                     10     11        (VIOLATED)
fanout1119/X                             10     11        (VIOLATED)
fanout1208/X                             10     11        (VIOLATED)
fanout1225/X                             10     11        (VIOLATED)
fanout390/X                              10     11        (VIOLATED)
fanout470/X                              10     11        (VIOLATED)
fanout472/X                              10     11        (VIOLATED)
fanout493/X                              10     11        (VIOLATED)
fanout508/X                              10     11        (VIOLATED)
fanout520/X                              10     11        (VIOLATED)
fanout532/X                              10     11        (VIOLATED)
fanout556/X                              10     11        (VIOLATED)

max capacitance

Pin                                        Limit         Cap       Slack
------------------------------------------------------------------------
clkbuf_0_clk/X                          0.200000    0.264519   -0.064519 (VIOLATED)
fanout1116/X                            0.200000    0.209042   -0.009042 (VIOLATED)



===========================================================================
report_parasitic_annotation -report_unannotated
============================================================================
Found 247 unannotated drivers.
 clkload0/X
 clkload1/X
 clkload10/Y
 clkload100/Y
 clkload101/X
 clkload102/Y
 clkload103/Y
 clkload104/X
 clkload105/Y
 clkload106/X
 clkload107/Y
 clkload108/Y
 clkload109/Y
 clkload11/X
 clkload110/X
 clkload111/X
 clkload112/Y
 clkload113/Y
 clkload114/Y
 clkload115/Y
 clkload116/Y
 clkload117/X
 clkload118/Y
 clkload119/Y
 clkload12/Y
 clkload120/Y
 clkload121/Y
 clkload122/Y
 clkload123/Y
 clkload124/Y
 clkload125/Y
 clkload126/Y
 clkload127/Y
 clkload128/Y
 clkload129/Y
 clkload13/Y
 clkload130/Y
 clkload131/X
 clkload132/Y
 clkload133/Y
 clkload134/Y
 clkload135/Y
 clkload136/Y
 clkload137/Y
 clkload138/Y
 clkload139/X
 clkload14/Y
 clkload140/Y
 clkload141/Y
 clkload142/X
 clkload143/Y
 clkload144/Y
 clkload145/Y
 clkload146/Y
 clkload147/Y
 clkload148/Y
 clkload149/Y
 clkload15/Y
 clkload150/Y
 clkload151/Y
 clkload152/Y
 clkload153/Y
 clkload154/Y
 clkload155/Y
 clkload156/Y
 clkload157/Y
 clkload158/X
 clkload159/Y
 clkload16/Y
 clkload160/Y
 clkload161/Y
 clkload162/Y
 clkload163/X
 clkload164/Y
 clkload165/Y
 clkload166/X
 clkload167/Y
 clkload168/X
 clkload169/Y
 clkload17/Y
 clkload170/X
 clkload171/Y
 clkload172/Y
 clkload173/Y
 clkload174/Y
 clkload175/Y
 clkload176/Y
 clkload177/Y
 clkload178/Y
 clkload179/Y
 clkload18/Y
 clkload180/Y
 clkload181/Y
 clkload182/Y
 clkload183/Y
 clkload184/Y
 clkload185/Y
 clkload186/Y
 clkload187/Y
 clkload188/Y
 clkload189/Y
 clkload19/Y
 clkload190/Y
 clkload191/Y
 clkload192/Y
 clkload193/Y
 clkload194/Y
 clkload195/Y
 clkload196/X
 clkload197/Y
 clkload198/Y
 clkload199/Y
 clkload2/Y
 clkload20/Y
 clkload200/Y
 clkload201/Y
 clkload202/Y
 clkload203/Y
 clkload204/Y
 clkload205/Y
 clkload206/Y
 clkload207/X
 clkload208/Y
 clkload209/Y
 clkload21/Y
 clkload210/Y
 clkload211/X
 clkload212/X
 clkload213/X
 clkload214/Y
 clkload215/X
 clkload216/Y
 clkload217/Y
 clkload218/Y
 clkload219/Y
 clkload22/X
 clkload220/Y
 clkload221/Y
 clkload222/Y
 clkload223/Y
 clkload224/X
 clkload225/Y
 clkload226/Y
 clkload227/Y
 clkload228/Y
 clkload229/X
 clkload23/Y
 clkload230/Y
 clkload231/Y
 clkload232/Y
 clkload233/Y
 clkload234/Y
 clkload235/Y
 clkload236/Y
 clkload237/Y
 clkload238/Y
 clkload239/Y
 clkload24/Y
 clkload240/Y
 clkload241/Y
 clkload242/Y
 clkload243/Y
 clkload244/Y
 clkload245/Y
 clkload246/Y
 clkload25/Y
 clkload26/Y
 clkload27/Y
 clkload28/Y
 clkload29/Y
 clkload3/X
 clkload30/Y
 clkload31/Y
 clkload32/X
 clkload33/Y
 clkload34/Y
 clkload35/Y
 clkload36/Y
 clkload37/Y
 clkload38/Y
 clkload39/Y
 clkload4/X
 clkload40/X
 clkload41/Y
 clkload42/Y
 clkload43/Y
 clkload44/Y
 clkload45/Y
 clkload46/Y
 clkload47/Y
 clkload48/Y
 clkload49/Y
 clkload5/X
 clkload50/X
 clkload51/X
 clkload52/Y
 clkload53/X
 clkload54/Y
 clkload55/Y
 clkload56/X
 clkload57/Y
 clkload58/X
 clkload59/Y
 clkload6/Y
 clkload60/Y
 clkload61/Y
 clkload62/Y
 clkload63/Y
 clkload64/Y
 clkload65/Y
 clkload66/Y
 clkload67/Y
 clkload68/Y
 clkload69/Y
 clkload7/Y
 clkload70/Y
 clkload71/Y
 clkload72/Y
 clkload73/Y
 clkload74/Y
 clkload75/Y
 clkload76/Y
 clkload77/X
 clkload78/Y
 clkload79/Y
 clkload8/Y
 clkload80/Y
 clkload81/Y
 clkload82/Y
 clkload83/Y
 clkload84/Y
 clkload85/X
 clkload86/Y
 clkload87/X
 clkload88/X
 clkload89/X
 clkload9/X
 clkload90/Y
 clkload91/Y
 clkload92/Y
 clkload93/X
 clkload94/Y
 clkload95/Y
 clkload96/Y
 clkload97/Y
 clkload98/Y
 clkload99/Y
Found 0 partially unannotated drivers.

===========================================================================
max slew violation count 0
max fanout violation count 211
max cap violation count 2
============================================================================

===========================================================================
check_setup -verbose -unconstrained_endpoints -multiple_clock -no_clock -no_input_delay -loops -generated_clocks
===========================================================================
