Clock: clk
Sources: clk 
Generated: no
Virtual: yes
Propagated: no
Period: 10.000000

===========================================================================
report_clock_properties
============================================================================
Clock                   Period          Waveform
----------------------------------------------------
clk                  10.000000    0.000000  5.000000

===========================================================================
report_clock_latency
============================================================================
Clock clk
rise -> rise
    min     max
0.000000 0.000000 source latency
0.728384         network latency _12218_/CLK
        0.874898 network latency _11568_/CLK
---------------
0.728384 0.874898 latency
        0.146514 skew

fall -> fall
    min     max
0.000000 0.000000 source latency
0.593047         network latency _12218_/CLK
        0.729192 network latency _11568_/CLK
---------------
0.593047 0.729192 latency
        0.136146 skew



===========================================================================
report_clock_min_period
============================================================================
clk period_min = 3.52 fmax = 284.21
