Netgen 1.5.278 compiled on Sat Nov  8 11:07:43 UTC 2025
Warning: netgen command 'format' use fully-qualified name '::netgen::format'
Warning: netgen command 'global' use fully-qualified name '::netgen::global'
Warning:  A case-insensitive file has been read and so the	verilog file must be treated case-insensitive to match.
Reading SPICE netlist file '/home/rg/.volare/volare/sky130/versions/0fe599b2afb6708d281543108caf8310912f54af/sky130A/libs.ref/sky130_fd_sc_hd/spice/sky130_ef_sc_hd__decap_12.spice'...
Call to undefined subcircuit sky130_fd_pr__pfet_01v8_hvt
Creating placeholder cell definition.
Call to undefined subcircuit sky130_fd_pr__nfet_01v8
Creating placeholder cell definition.
Reading SPICE netlist file '/home/rg/.volare/volare/sky130/versions/0fe599b2afb6708d281543108caf8310912f54af/sky130A/libs.ref/sky130_fd_sc_hd/spice/sky130_ef_sc_hd__fill_12.spice'...
Reading SPICE netlist file '/home/rg/.volare/volare/sky130/versions/0fe599b2afb6708d281543108caf8310912f54af/sky130A/libs.ref/sky130_fd_sc_hd/spice/sky130_ef_sc_hd__fill_4.spice'...
Reading SPICE netlist file '/home/rg/.volare/volare/sky130/versions/0fe599b2afb6708d281543108caf8310912f54af/sky130A/libs.ref/sky130_fd_sc_hd/spice/sky130_ef_sc_hd__fill_8.spice'...
Reading SPICE netlist file '/home/rg/.volare/volare/sky130/versions/0fe599b2afb6708d281543108caf8310912f54af/sky130A/libs.ref/sky130_fd_sc_hd/spice/sky130_fd_sc_hd.spice'...
Call to undefined subcircuit sky130_fd_pr__res_generic_po
Creating placeholder cell definition.
Call to undefined subcircuit sky130_fd_pr__special_nfet_01v8
Creating placeholder cell definition.
Call to undefined subcircuit sky130_fd_pr__diode_pw2nd_05v5
Creating placeholder cell definition.
Call to undefined subcircuit sky130_fd_pr__special_pfet_01v8_hvt
Creating placeholder cell definition.
Call to undefined subcircuit sky130_fd_sc_hd__nand2_2
Creating placeholder cell definition.
Call to undefined subcircuit sky130_fd_sc_hd__nor2_2
Creating placeholder cell definition.
Warning:  A case-insensitive file has been read and so the	verilog file must be treated case-insensitive to match.
Note:  Implicit pin X in instance clkload0 of sky130_fd_sc_hd__clkbuf_8 in cell cache_controller
Note:  Implicit pin X in instance clkload1 of sky130_fd_sc_hd__clkbuf_8 in cell cache_controller
Note:  Implicit pin Y in instance clkload2 of sky130_fd_sc_hd__inv_6 in cell cache_controller
Note:  Implicit pin X in instance clkload3 of sky130_fd_sc_hd__clkbuf_8 in cell cache_controller
Note:  Implicit pin X in instance clkload4 of sky130_fd_sc_hd__clkbuf_8 in cell cache_controller
Note:  Implicit pin X in instance clkload5 of sky130_fd_sc_hd__clkbuf_8 in cell cache_controller
Note:  Implicit pin Y in instance clkload6 of sky130_fd_sc_hd__inv_6 in cell cache_controller
Note:  Implicit pin Y in instance clkload7 of sky130_fd_sc_hd__clkinvlp_4 in cell cache_controller
Note:  Implicit pin Y in instance clkload8 of sky130_fd_sc_hd__inv_6 in cell cache_controller
Note:  Implicit pin X in instance clkload9 of sky130_fd_sc_hd__clkbuf_8 in cell cache_controller
Note:  Implicit pin Y in instance clkload10 of sky130_fd_sc_hd__clkinvlp_4 in cell cache_controller
Note:  Implicit pin X in instance clkload11 of sky130_fd_sc_hd__clkbuf_8 in cell cache_controller
Note:  Implicit pin Y in instance clkload12 of sky130_fd_sc_hd__inv_6 in cell cache_controller
Note:  Implicit pin Y in instance clkload13 of sky130_fd_sc_hd__clkinvlp_4 in cell cache_controller
Note:  Implicit pin Y in instance clkload14 of sky130_fd_sc_hd__inv_6 in cell cache_controller
Note:  Implicit pin Y in instance clkload15 of sky130_fd_sc_hd__inv_6 in cell cache_controller
Note:  Implicit pin Y in instance clkload16 of sky130_fd_sc_hd__clkinvlp_4 in cell cache_controller
Note:  Implicit pin Y in instance clkload17 of sky130_fd_sc_hd__clkinv_4 in cell cache_controller
Note:  Implicit pin Y in instance clkload18 of sky130_fd_sc_hd__bufinv_16 in cell cache_controller
Note:  Implicit pin Y in instance clkload19 of sky130_fd_sc_hd__inv_8 in cell cache_controller
Note:  Implicit pin Y in instance clkload20 of sky130_fd_sc_hd__inv_8 in cell cache_controller
Note:  Implicit pin Y in instance clkload21 of sky130_fd_sc_hd__inv_8 in cell cache_controller
Note:  Implicit pin X in instance clkload22 of sky130_fd_sc_hd__clkbuf_8 in cell cache_controller
Note:  Implicit pin Y in instance clkload23 of sky130_fd_sc_hd__inv_6 in cell cache_controller
Note:  Implicit pin Y in instance clkload24 of sky130_fd_sc_hd__clkinv_8 in cell cache_controller
Note:  Implicit pin Y in instance clkload25 of sky130_fd_sc_hd__inv_8 in cell cache_controller
Note:  Implicit pin Y in instance clkload26 of sky130_fd_sc_hd__inv_8 in cell cache_controller
Note:  Implicit pin Y in instance clkload27 of sky130_fd_sc_hd__clkinv_8 in cell cache_controller
Note:  Implicit pin Y in instance clkload28 of sky130_fd_sc_hd__inv_6 in cell cache_controller
Note:  Implicit pin Y in instance clkload29 of sky130_fd_sc_hd__inv_8 in cell cache_controller
Note:  Implicit pin Y in instance clkload30 of sky130_fd_sc_hd__clkinv_4 in cell cache_controller
Note:  Implicit pin Y in instance clkload31 of sky130_fd_sc_hd__clkinv_2 in cell cache_controller
Note:  Implicit pin X in instance clkload32 of sky130_fd_sc_hd__clkbuf_4 in cell cache_controller
Note:  Implicit pin Y in instance clkload33 of sky130_fd_sc_hd__inv_6 in cell cache_controller
Note:  Implicit pin Y in instance clkload34 of sky130_fd_sc_hd__bufinv_16 in cell cache_controller
Note:  Implicit pin Y in instance clkload35 of sky130_fd_sc_hd__clkinvlp_4 in cell cache_controller
Note:  Implicit pin Y in instance clkload36 of sky130_fd_sc_hd__clkinvlp_4 in cell cache_controller
Note:  Implicit pin Y in instance clkload37 of sky130_fd_sc_hd__clkinv_8 in cell cache_controller
Note:  Implicit pin Y in instance clkload38 of sky130_fd_sc_hd__clkinv_2 in cell cache_controller
Note:  Implicit pin Y in instance clkload39 of sky130_fd_sc_hd__bufinv_16 in cell cache_controller
Note:  Implicit pin X in instance clkload40 of sky130_fd_sc_hd__clkbuf_4 in cell cache_controller
Note:  Implicit pin Y in instance clkload41 of sky130_fd_sc_hd__clkinvlp_4 in cell cache_controller
Note:  Implicit pin Y in instance clkload42 of sky130_fd_sc_hd__bufinv_16 in cell cache_controller
Note:  Implicit pin Y in instance clkload43 of sky130_fd_sc_hd__inv_6 in cell cache_controller
Note:  Implicit pin Y in instance clkload44 of sky130_fd_sc_hd__clkinvlp_4 in cell cache_controller
Note:  Implicit pin Y in instance clkload45 of sky130_fd_sc_hd__clkinv_4 in cell cache_controller
Note:  Implicit pin Y in instance clkload46 of sky130_fd_sc_hd__bufinv_16 in cell cache_controller
Note:  Implicit pin Y in instance clkload47 of sky130_fd_sc_hd__clkinv_2 in cell cache_controller
Note:  Implicit pin Y in instance clkload48 of sky130_fd_sc_hd__clkinv_2 in cell cache_controller
Note:  Implicit pin Y in instance clkload49 of sky130_fd_sc_hd__bufinv_16 in cell cache_controller
Note:  Implicit pin X in instance clkload50 of sky130_fd_sc_hd__clkbuf_4 in cell cache_controller
Note:  Implicit pin X in instance clkload51 of sky130_fd_sc_hd__clkbuf_4 in cell cache_controller
Note:  Implicit pin Y in instance clkload52 of sky130_fd_sc_hd__inv_6 in cell cache_controller
Note:  Implicit pin X in instance clkload53 of sky130_fd_sc_hd__clkbuf_4 in cell cache_controller
Note:  Implicit pin Y in instance clkload54 of sky130_fd_sc_hd__inv_6 in cell cache_controller
Note:  Implicit pin Y in instance clkload55 of sky130_fd_sc_hd__bufinv_16 in cell cache_controller
Note:  Implicit pin X in instance clkload56 of sky130_fd_sc_hd__clkbuf_8 in cell cache_controller
Note:  Implicit pin Y in instance clkload57 of sky130_fd_sc_hd__inv_6 in cell cache_controller
Note:  Implicit pin X in instance clkload58 of sky130_fd_sc_hd__clkbuf_8 in cell cache_controller
Note:  Implicit pin Y in instance clkload59 of sky130_fd_sc_hd__clkinvlp_4 in cell cache_controller
Note:  Implicit pin Y in instance clkload60 of sky130_fd_sc_hd__inv_6 in cell cache_controller
Note:  Implicit pin Y in instance clkload61 of sky130_fd_sc_hd__inv_8 in cell cache_controller
Note:  Implicit pin Y in instance clkload62 of sky130_fd_sc_hd__inv_6 in cell cache_controller
Note:  Implicit pin Y in instance clkload63 of sky130_fd_sc_hd__bufinv_16 in cell cache_controller
Note:  Implicit pin Y in instance clkload64 of sky130_fd_sc_hd__clkinv_4 in cell cache_controller
Note:  Implicit pin Y in instance clkload65 of sky130_fd_sc_hd__inv_6 in cell cache_controller
Note:  Implicit pin Y in instance clkload66 of sky130_fd_sc_hd__clkinvlp_4 in cell cache_controller
Note:  Implicit pin Y in instance clkload67 of sky130_fd_sc_hd__bufinv_16 in cell cache_controller
Note:  Implicit pin Y in instance clkload68 of sky130_fd_sc_hd__inv_12 in cell cache_controller
Note:  Implicit pin Y in instance clkload69 of sky130_fd_sc_hd__inv_8 in cell cache_controller
Note:  Implicit pin Y in instance clkload70 of sky130_fd_sc_hd__inv_12 in cell cache_controller
Note:  Implicit pin Y in instance clkload71 of sky130_fd_sc_hd__clkinv_8 in cell cache_controller
Note:  Implicit pin Y in instance clkload72 of sky130_fd_sc_hd__inv_8 in cell cache_controller
Note:  Implicit pin Y in instance clkload73 of sky130_fd_sc_hd__inv_12 in cell cache_controller
Note:  Implicit pin Y in instance clkload74 of sky130_fd_sc_hd__clkinv_2 in cell cache_controller
Note:  Implicit pin Y in instance clkload75 of sky130_fd_sc_hd__bufinv_16 in cell cache_controller
Note:  Implicit pin Y in instance clkload76 of sky130_fd_sc_hd__clkinv_2 in cell cache_controller
Note:  Implicit pin X in instance clkload77 of sky130_fd_sc_hd__clkbuf_8 in cell cache_controller
Note:  Implicit pin Y in instance clkload78 of sky130_fd_sc_hd__inv_6 in cell cache_controller
Note:  Implicit pin Y in instance clkload79 of sky130_fd_sc_hd__inv_6 in cell cache_controller
Note:  Implicit pin Y in instance clkload80 of sky130_fd_sc_hd__bufinv_16 in cell cache_controller
Note:  Implicit pin Y in instance clkload81 of sky130_fd_sc_hd__bufinv_16 in cell cache_controller
Note:  Implicit pin Y in instance clkload82 of sky130_fd_sc_hd__clkinv_4 in cell cache_controller
Note:  Implicit pin Y in instance clkload83 of sky130_fd_sc_hd__inv_6 in cell cache_controller
Note:  Implicit pin Y in instance clkload84 of sky130_fd_sc_hd__clkinv_8 in cell cache_controller
Note:  Implicit pin X in instance clkload85 of sky130_fd_sc_hd__clkbuf_4 in cell cache_controller
Note:  Implicit pin Y in instance clkload86 of sky130_fd_sc_hd__clkinv_2 in cell cache_controller
Note:  Implicit pin X in instance clkload87 of sky130_fd_sc_hd__clkbuf_8 in cell cache_controller
Note:  Implicit pin X in instance clkload88 of sky130_fd_sc_hd__clkbuf_8 in cell cache_controller
Note:  Implicit pin X in instance clkload89 of sky130_fd_sc_hd__clkbuf_4 in cell cache_controller
Note:  Implicit pin Y in instance clkload90 of sky130_fd_sc_hd__bufinv_16 in cell cache_controller
Note:  Implicit pin Y in instance clkload91 of sky130_fd_sc_hd__clkinvlp_4 in cell cache_controller
Note:  Implicit pin Y in instance clkload92 of sky130_fd_sc_hd__clkinv_8 in cell cache_controller
Note:  Implicit pin X in instance clkload93 of sky130_fd_sc_hd__clkbuf_4 in cell cache_controller
Note:  Implicit pin Y in instance clkload94 of sky130_fd_sc_hd__inv_6 in cell cache_controller
Note:  Implicit pin Y in instance clkload95 of sky130_fd_sc_hd__bufinv_16 in cell cache_controller
Note:  Implicit pin Y in instance clkload96 of sky130_fd_sc_hd__inv_8 in cell cache_controller
Note:  Implicit pin Y in instance clkload97 of sky130_fd_sc_hd__inv_8 in cell cache_controller
Note:  Implicit pin Y in instance clkload98 of sky130_fd_sc_hd__bufinv_16 in cell cache_controller
Note:  Implicit pin Y in instance clkload99 of sky130_fd_sc_hd__clkinvlp_4 in cell cache_controller
Note:  Implicit pin Y in instance clkload100 of sky130_fd_sc_hd__clkinv_2 in cell cache_controller
Note:  Implicit pin X in instance clkload101 of sky130_fd_sc_hd__clkbuf_8 in cell cache_controller
Note:  Implicit pin Y in instance clkload102 of sky130_fd_sc_hd__inv_6 in cell cache_controller
Note:  Implicit pin Y in instance clkload103 of sky130_fd_sc_hd__clkinv_4 in cell cache_controller
Note:  Implicit pin X in instance clkload104 of sky130_fd_sc_hd__clkbuf_8 in cell cache_controller
Note:  Implicit pin Y in instance clkload105 of sky130_fd_sc_hd__inv_8 in cell cache_controller
Note:  Implicit pin X in instance clkload106 of sky130_fd_sc_hd__clkbuf_8 in cell cache_controller
Note:  Implicit pin Y in instance clkload107 of sky130_fd_sc_hd__clkinvlp_4 in cell cache_controller
Note:  Implicit pin Y in instance clkload108 of sky130_fd_sc_hd__bufinv_16 in cell cache_controller
Note:  Implicit pin Y in instance clkload109 of sky130_fd_sc_hd__clkinvlp_4 in cell cache_controller
Note:  Implicit pin X in instance clkload110 of sky130_fd_sc_hd__clkbuf_8 in cell cache_controller
Note:  Implicit pin X in instance clkload111 of sky130_fd_sc_hd__clkbuf_4 in cell cache_controller
Note:  Implicit pin Y in instance clkload112 of sky130_fd_sc_hd__inv_8 in cell cache_controller
Note:  Implicit pin Y in instance clkload113 of sky130_fd_sc_hd__inv_6 in cell cache_controller
Note:  Implicit pin Y in instance clkload114 of sky130_fd_sc_hd__bufinv_16 in cell cache_controller
Note:  Implicit pin Y in instance clkload115 of sky130_fd_sc_hd__clkinv_4 in cell cache_controller
Note:  Implicit pin Y in instance clkload116 of sky130_fd_sc_hd__inv_6 in cell cache_controller
Note:  Implicit pin X in instance clkload117 of sky130_fd_sc_hd__clkbuf_8 in cell cache_controller
Note:  Implicit pin Y in instance clkload118 of sky130_fd_sc_hd__inv_6 in cell cache_controller
Note:  Implicit pin Y in instance clkload119 of sky130_fd_sc_hd__clkinv_4 in cell cache_controller
Note:  Implicit pin Y in instance clkload120 of sky130_fd_sc_hd__clkinv_8 in cell cache_controller
Note:  Implicit pin Y in instance clkload121 of sky130_fd_sc_hd__clkinv_2 in cell cache_controller
Note:  Implicit pin Y in instance clkload122 of sky130_fd_sc_hd__inv_6 in cell cache_controller
Note:  Implicit pin Y in instance clkload123 of sky130_fd_sc_hd__inv_6 in cell cache_controller
Note:  Implicit pin Y in instance clkload124 of sky130_fd_sc_hd__inv_8 in cell cache_controller
Note:  Implicit pin Y in instance clkload125 of sky130_fd_sc_hd__inv_8 in cell cache_controller
Note:  Implicit pin Y in instance clkload126 of sky130_fd_sc_hd__inv_8 in cell cache_controller
Note:  Implicit pin Y in instance clkload127 of sky130_fd_sc_hd__clkinvlp_4 in cell cache_controller
Note:  Implicit pin Y in instance clkload128 of sky130_fd_sc_hd__inv_6 in cell cache_controller
Note:  Implicit pin Y in instance clkload129 of sky130_fd_sc_hd__clkinv_2 in cell cache_controller
Note:  Implicit pin Y in instance clkload130 of sky130_fd_sc_hd__clkinv_8 in cell cache_controller
Note:  Implicit pin X in instance clkload131 of sky130_fd_sc_hd__clkbuf_4 in cell cache_controller
Note:  Implicit pin Y in instance clkload132 of sky130_fd_sc_hd__clkinv_4 in cell cache_controller
Note:  Implicit pin Y in instance clkload133 of sky130_fd_sc_hd__bufinv_16 in cell cache_controller
Note:  Implicit pin Y in instance clkload134 of sky130_fd_sc_hd__inv_6 in cell cache_controller
Note:  Implicit pin Y in instance clkload135 of sky130_fd_sc_hd__inv_8 in cell cache_controller
Note:  Implicit pin Y in instance clkload136 of sky130_fd_sc_hd__inv_8 in cell cache_controller
Note:  Implicit pin Y in instance clkload137 of sky130_fd_sc_hd__inv_8 in cell cache_controller
Note:  Implicit pin Y in instance clkload138 of sky130_fd_sc_hd__inv_8 in cell cache_controller
Note:  Implicit pin X in instance clkload139 of sky130_fd_sc_hd__clkbuf_8 in cell cache_controller
Note:  Implicit pin Y in instance clkload140 of sky130_fd_sc_hd__inv_6 in cell cache_controller
Note:  Implicit pin Y in instance clkload141 of sky130_fd_sc_hd__bufinv_16 in cell cache_controller
Note:  Implicit pin X in instance clkload142 of sky130_fd_sc_hd__clkbuf_8 in cell cache_controller
Note:  Implicit pin Y in instance clkload143 of sky130_fd_sc_hd__inv_6 in cell cache_controller
Note:  Implicit pin Y in instance clkload144 of sky130_fd_sc_hd__clkinv_8 in cell cache_controller
Note:  Implicit pin Y in instance clkload145 of sky130_fd_sc_hd__clkinv_4 in cell cache_controller
Note:  Implicit pin Y in instance clkload146 of sky130_fd_sc_hd__bufinv_16 in cell cache_controller
Note:  Implicit pin Y in instance clkload147 of sky130_fd_sc_hd__clkinv_2 in cell cache_controller
Note:  Implicit pin Y in instance clkload148 of sky130_fd_sc_hd__inv_6 in cell cache_controller
Note:  Implicit pin Y in instance clkload149 of sky130_fd_sc_hd__clkinv_4 in cell cache_controller
Note:  Implicit pin Y in instance clkload150 of sky130_fd_sc_hd__inv_6 in cell cache_controller
Note:  Implicit pin Y in instance clkload151 of sky130_fd_sc_hd__clkinvlp_4 in cell cache_controller
Note:  Implicit pin Y in instance clkload152 of sky130_fd_sc_hd__inv_6 in cell cache_controller
Note:  Implicit pin Y in instance clkload153 of sky130_fd_sc_hd__clkinvlp_4 in cell cache_controller
Note:  Implicit pin Y in instance clkload154 of sky130_fd_sc_hd__inv_6 in cell cache_controller
Note:  Implicit pin Y in instance clkload155 of sky130_fd_sc_hd__inv_6 in cell cache_controller
Note:  Implicit pin Y in instance clkload156 of sky130_fd_sc_hd__bufinv_16 in cell cache_controller
Note:  Implicit pin Y in instance clkload157 of sky130_fd_sc_hd__clkinvlp_4 in cell cache_controller
Note:  Implicit pin X in instance clkload158 of sky130_fd_sc_hd__clkbuf_4 in cell cache_controller
Note:  Implicit pin Y in instance clkload159 of sky130_fd_sc_hd__clkinvlp_4 in cell cache_controller
Note:  Implicit pin Y in instance clkload160 of sky130_fd_sc_hd__inv_6 in cell cache_controller
Note:  Implicit pin Y in instance clkload161 of sky130_fd_sc_hd__bufinv_16 in cell cache_controller
Note:  Implicit pin Y in instance clkload162 of sky130_fd_sc_hd__clkinv_2 in cell cache_controller
Note:  Implicit pin X in instance clkload163 of sky130_fd_sc_hd__clkbuf_8 in cell cache_controller
Note:  Implicit pin Y in instance clkload164 of sky130_fd_sc_hd__clkinvlp_4 in cell cache_controller
Note:  Implicit pin Y in instance clkload165 of sky130_fd_sc_hd__clkinv_2 in cell cache_controller
Note:  Implicit pin X in instance clkload166 of sky130_fd_sc_hd__clkbuf_8 in cell cache_controller
Note:  Implicit pin Y in instance clkload167 of sky130_fd_sc_hd__inv_6 in cell cache_controller
Note:  Implicit pin X in instance clkload168 of sky130_fd_sc_hd__clkbuf_4 in cell cache_controller
Note:  Implicit pin Y in instance clkload169 of sky130_fd_sc_hd__clkinv_2 in cell cache_controller
Note:  Implicit pin X in instance clkload170 of sky130_fd_sc_hd__clkbuf_8 in cell cache_controller
Note:  Implicit pin Y in instance clkload171 of sky130_fd_sc_hd__clkinvlp_4 in cell cache_controller
Note:  Implicit pin Y in instance clkload172 of sky130_fd_sc_hd__inv_6 in cell cache_controller
Note:  Implicit pin Y in instance clkload173 of sky130_fd_sc_hd__inv_6 in cell cache_controller
Note:  Implicit pin Y in instance clkload174 of sky130_fd_sc_hd__clkinv_4 in cell cache_controller
Note:  Implicit pin Y in instance clkload175 of sky130_fd_sc_hd__clkinv_2 in cell cache_controller
Note:  Implicit pin Y in instance clkload176 of sky130_fd_sc_hd__clkinv_4 in cell cache_controller
Note:  Implicit pin Y in instance clkload177 of sky130_fd_sc_hd__clkinv_4 in cell cache_controller
Note:  Implicit pin Y in instance clkload178 of sky130_fd_sc_hd__clkinv_4 in cell cache_controller
Note:  Implicit pin Y in instance clkload179 of sky130_fd_sc_hd__clkinvlp_4 in cell cache_controller
Note:  Implicit pin Y in instance clkload180 of sky130_fd_sc_hd__inv_8 in cell cache_controller
Note:  Implicit pin Y in instance clkload181 of sky130_fd_sc_hd__clkinv_4 in cell cache_controller
Note:  Implicit pin Y in instance clkload182 of sky130_fd_sc_hd__inv_6 in cell cache_controller
Note:  Implicit pin Y in instance clkload183 of sky130_fd_sc_hd__clkinv_4 in cell cache_controller
Note:  Implicit pin Y in instance clkload184 of sky130_fd_sc_hd__clkinv_2 in cell cache_controller
Note:  Implicit pin Y in instance clkload185 of sky130_fd_sc_hd__inv_6 in cell cache_controller
Note:  Implicit pin Y in instance clkload186 of sky130_fd_sc_hd__clkinvlp_4 in cell cache_controller
Note:  Implicit pin Y in instance clkload187 of sky130_fd_sc_hd__bufinv_16 in cell cache_controller
Note:  Implicit pin Y in instance clkload188 of sky130_fd_sc_hd__clkinv_2 in cell cache_controller
Note:  Implicit pin Y in instance clkload189 of sky130_fd_sc_hd__inv_8 in cell cache_controller
Note:  Implicit pin Y in instance clkload190 of sky130_fd_sc_hd__bufinv_16 in cell cache_controller
Note:  Implicit pin Y in instance clkload191 of sky130_fd_sc_hd__clkinv_2 in cell cache_controller
Note:  Implicit pin Y in instance clkload192 of sky130_fd_sc_hd__inv_8 in cell cache_controller
Note:  Implicit pin Y in instance clkload193 of sky130_fd_sc_hd__clkinv_4 in cell cache_controller
Note:  Implicit pin Y in instance clkload194 of sky130_fd_sc_hd__bufinv_16 in cell cache_controller
Note:  Implicit pin Y in instance clkload195 of sky130_fd_sc_hd__clkinv_4 in cell cache_controller
Note:  Implicit pin X in instance clkload196 of sky130_fd_sc_hd__clkbuf_4 in cell cache_controller
Note:  Implicit pin Y in instance clkload197 of sky130_fd_sc_hd__bufinv_16 in cell cache_controller
Note:  Implicit pin Y in instance clkload198 of sky130_fd_sc_hd__inv_6 in cell cache_controller
Note:  Implicit pin Y in instance clkload199 of sky130_fd_sc_hd__clkinv_2 in cell cache_controller
Note:  Implicit pin Y in instance clkload200 of sky130_fd_sc_hd__clkinvlp_4 in cell cache_controller
Note:  Implicit pin Y in instance clkload201 of sky130_fd_sc_hd__clkinvlp_4 in cell cache_controller
Note:  Implicit pin Y in instance clkload202 of sky130_fd_sc_hd__clkinvlp_4 in cell cache_controller
Note:  Implicit pin Y in instance clkload203 of sky130_fd_sc_hd__bufinv_16 in cell cache_controller
Note:  Implicit pin Y in instance clkload204 of sky130_fd_sc_hd__clkinv_2 in cell cache_controller
Note:  Implicit pin Y in instance clkload205 of sky130_fd_sc_hd__clkinvlp_4 in cell cache_controller
Note:  Implicit pin Y in instance clkload206 of sky130_fd_sc_hd__inv_6 in cell cache_controller
Note:  Implicit pin X in instance clkload207 of sky130_fd_sc_hd__clkbuf_4 in cell cache_controller
Note:  Implicit pin Y in instance clkload208 of sky130_fd_sc_hd__clkinvlp_4 in cell cache_controller
Note:  Implicit pin Y in instance clkload209 of sky130_fd_sc_hd__inv_6 in cell cache_controller
Note:  Implicit pin Y in instance clkload210 of sky130_fd_sc_hd__inv_8 in cell cache_controller
Note:  Implicit pin X in instance clkload211 of sky130_fd_sc_hd__clkbuf_4 in cell cache_controller
Note:  Implicit pin X in instance clkload212 of sky130_fd_sc_hd__clkbuf_8 in cell cache_controller
Note:  Implicit pin X in instance clkload213 of sky130_fd_sc_hd__clkbuf_8 in cell cache_controller
Note:  Implicit pin Y in instance clkload214 of sky130_fd_sc_hd__clkinv_4 in cell cache_controller
Note:  Implicit pin X in instance clkload215 of sky130_fd_sc_hd__clkbuf_4 in cell cache_controller
Note:  Implicit pin Y in instance clkload216 of sky130_fd_sc_hd__clkinv_2 in cell cache_controller
Note:  Implicit pin Y in instance clkload217 of sky130_fd_sc_hd__clkinv_4 in cell cache_controller
Note:  Implicit pin Y in instance clkload218 of sky130_fd_sc_hd__inv_6 in cell cache_controller
Note:  Implicit pin Y in instance clkload219 of sky130_fd_sc_hd__clkinv_8 in cell cache_controller
Note:  Implicit pin Y in instance clkload220 of sky130_fd_sc_hd__inv_6 in cell cache_controller
Note:  Implicit pin Y in instance clkload221 of sky130_fd_sc_hd__clkinv_4 in cell cache_controller
Note:  Implicit pin Y in instance clkload222 of sky130_fd_sc_hd__bufinv_16 in cell cache_controller
Note:  Implicit pin Y in instance clkload223 of sky130_fd_sc_hd__bufinv_16 in cell cache_controller
Note:  Implicit pin X in instance clkload224 of sky130_fd_sc_hd__clkbuf_4 in cell cache_controller
Note:  Implicit pin Y in instance clkload225 of sky130_fd_sc_hd__inv_6 in cell cache_controller
Note:  Implicit pin Y in instance clkload226 of sky130_fd_sc_hd__inv_12 in cell cache_controller
Note:  Implicit pin Y in instance clkload227 of sky130_fd_sc_hd__clkinv_2 in cell cache_controller
Note:  Implicit pin Y in instance clkload228 of sky130_fd_sc_hd__inv_8 in cell cache_controller
Note:  Implicit pin X in instance clkload229 of sky130_fd_sc_hd__clkbuf_4 in cell cache_controller
Note:  Implicit pin Y in instance clkload230 of sky130_fd_sc_hd__inv_8 in cell cache_controller
Note:  Implicit pin Y in instance clkload231 of sky130_fd_sc_hd__inv_6 in cell cache_controller
Note:  Implicit pin Y in instance clkload232 of sky130_fd_sc_hd__clkinv_4 in cell cache_controller
Note:  Implicit pin Y in instance clkload233 of sky130_fd_sc_hd__inv_16 in cell cache_controller
Note:  Implicit pin Y in instance clkload234 of sky130_fd_sc_hd__inv_8 in cell cache_controller
Note:  Implicit pin Y in instance clkload235 of sky130_fd_sc_hd__clkinv_8 in cell cache_controller
Note:  Implicit pin Y in instance clkload236 of sky130_fd_sc_hd__clkinvlp_4 in cell cache_controller
Note:  Implicit pin Y in instance clkload237 of sky130_fd_sc_hd__inv_6 in cell cache_controller
Note:  Implicit pin Y in instance clkload238 of sky130_fd_sc_hd__inv_6 in cell cache_controller
Note:  Implicit pin Y in instance clkload239 of sky130_fd_sc_hd__clkinvlp_4 in cell cache_controller
Note:  Implicit pin Y in instance clkload240 of sky130_fd_sc_hd__inv_6 in cell cache_controller
Note:  Implicit pin Y in instance clkload241 of sky130_fd_sc_hd__inv_8 in cell cache_controller
Note:  Implicit pin Y in instance clkload242 of sky130_fd_sc_hd__inv_8 in cell cache_controller
Note:  Implicit pin Y in instance clkload243 of sky130_fd_sc_hd__clkinv_4 in cell cache_controller
Note:  Implicit pin Y in instance clkload244 of sky130_fd_sc_hd__clkinv_2 in cell cache_controller
Note:  Implicit pin Y in instance clkload245 of sky130_fd_sc_hd__inv_8 in cell cache_controller
Note:  Implicit pin Y in instance clkload246 of sky130_fd_sc_hd__clkinvlp_4 in cell cache_controller
Treating empty subcircuits as black-box cells
Generating JSON file result

Reading setup file /nix/store/ss2cw3sxbrwwx9jl0rrppbw4kgcmgi2n-python3-3.11.9-env/lib/python3.11/site-packages/openlane/scripts/netgen/setup.tcl

Model sky130_fd_pr__res_generic_po pin 1 == 2
No property value found for device sky130_fd_pr__res_generic_po
No property mult found for device sky130_fd_pr__res_generic_po
Model sky130_fd_pr__nfet_01v8 pin 1 == 3
No property mult found for device sky130_fd_pr__nfet_01v8
No property sa found for device sky130_fd_pr__nfet_01v8
No property sb found for device sky130_fd_pr__nfet_01v8
No property sd found for device sky130_fd_pr__nfet_01v8
No property nf found for device sky130_fd_pr__nfet_01v8
No property nrd found for device sky130_fd_pr__nfet_01v8
No property nrs found for device sky130_fd_pr__nfet_01v8
No property area found for device sky130_fd_pr__nfet_01v8
No property perim found for device sky130_fd_pr__nfet_01v8
No property topography found for device sky130_fd_pr__nfet_01v8
Model sky130_fd_pr__pfet_01v8_hvt pin 1 == 3
No property mult found for device sky130_fd_pr__pfet_01v8_hvt
No property sa found for device sky130_fd_pr__pfet_01v8_hvt
No property sb found for device sky130_fd_pr__pfet_01v8_hvt
No property sd found for device sky130_fd_pr__pfet_01v8_hvt
No property nf found for device sky130_fd_pr__pfet_01v8_hvt
No property nrd found for device sky130_fd_pr__pfet_01v8_hvt
No property nrs found for device sky130_fd_pr__pfet_01v8_hvt
No property area found for device sky130_fd_pr__pfet_01v8_hvt
No property perim found for device sky130_fd_pr__pfet_01v8_hvt
No property topography found for device sky130_fd_pr__pfet_01v8_hvt
Model sky130_fd_pr__special_nfet_01v8 pin 1 == 3
No property as found for device sky130_fd_pr__special_nfet_01v8
No property ad found for device sky130_fd_pr__special_nfet_01v8
No property ps found for device sky130_fd_pr__special_nfet_01v8
No property pd found for device sky130_fd_pr__special_nfet_01v8
No property mult found for device sky130_fd_pr__special_nfet_01v8
No property sa found for device sky130_fd_pr__special_nfet_01v8
No property sb found for device sky130_fd_pr__special_nfet_01v8
No property sd found for device sky130_fd_pr__special_nfet_01v8
No property nf found for device sky130_fd_pr__special_nfet_01v8
No property nrd found for device sky130_fd_pr__special_nfet_01v8
No property nrs found for device sky130_fd_pr__special_nfet_01v8
No property area found for device sky130_fd_pr__special_nfet_01v8
No property perim found for device sky130_fd_pr__special_nfet_01v8
No property topography found for device sky130_fd_pr__special_nfet_01v8
Model sky130_fd_pr__special_pfet_01v8_hvt pin 1 == 3
No property as found for device sky130_fd_pr__special_pfet_01v8_hvt
No property ad found for device sky130_fd_pr__special_pfet_01v8_hvt
No property ps found for device sky130_fd_pr__special_pfet_01v8_hvt
No property pd found for device sky130_fd_pr__special_pfet_01v8_hvt
No property mult found for device sky130_fd_pr__special_pfet_01v8_hvt
No property sa found for device sky130_fd_pr__special_pfet_01v8_hvt
No property sb found for device sky130_fd_pr__special_pfet_01v8_hvt
No property sd found for device sky130_fd_pr__special_pfet_01v8_hvt
No property nf found for device sky130_fd_pr__special_pfet_01v8_hvt
No property nrd found for device sky130_fd_pr__special_pfet_01v8_hvt
No property nrs found for device sky130_fd_pr__special_pfet_01v8_hvt
No property area found for device sky130_fd_pr__special_pfet_01v8_hvt
No property perim found for device sky130_fd_pr__special_pfet_01v8_hvt
No property topography found for device sky130_fd_pr__special_pfet_01v8_hvt
No property value found for device sky130_fd_pr__diode_pw2nd_05v5
No property mult found for device sky130_fd_pr__diode_pw2nd_05v5
Comparison output logged to file /mnt/c/Users/User/Desktop/Cache_Controller/runs/RUN_2025-11-08_22-02-17/68-netgen-lvs/reports/lvs.netgen.rpt
Logging to file "/mnt/c/Users/User/Desktop/Cache_Controller/runs/RUN_2025-11-08_22-02-17/68-netgen-lvs/reports/lvs.netgen.rpt" enabled

Contents of circuit 1:  Circuit: 'sky130_fd_sc_hd__decap_3'
Circuit sky130_fd_sc_hd__decap_3 contains 0 device instances.
Circuit contains 0 nets, and 4 disconnected pins.
Contents of circuit 2:  Circuit: 'sky130_fd_sc_hd__decap_3'
Circuit sky130_fd_sc_hd__decap_3 contains 2 device instances.
  Class: sky130_fd_pr__nfet_01v8 instances:   1
  Class: sky130_fd_pr__pfet_01v8_hvt instances:   1
Circuit contains 4 nets.

Circuit sky130_fd_sc_hd__decap_3 contains no devices.

Contents of circuit 1:  Circuit: 'sky130_fd_sc_hd__decap_4'
Circuit sky130_fd_sc_hd__decap_4 contains 0 device instances.
Circuit contains 0 nets, and 4 disconnected pins.
Contents of circuit 2:  Circuit: 'sky130_fd_sc_hd__decap_4'
Circuit sky130_fd_sc_hd__decap_4 contains 2 device instances.
  Class: sky130_fd_pr__nfet_01v8 instances:   1
  Class: sky130_fd_pr__pfet_01v8_hvt instances:   1
Circuit contains 4 nets.

Circuit sky130_fd_sc_hd__decap_4 contains no devices.

Contents of circuit 1:  Circuit: 'sky130_fd_sc_hd__o21a_1'
Circuit sky130_fd_sc_hd__o21a_1 contains 0 device instances.
Circuit contains 0 nets, and 8 disconnected pins.
Contents of circuit 2:  Circuit: 'sky130_fd_sc_hd__o21a_1'
Circuit sky130_fd_sc_hd__o21a_1 contains 8 device instances.
  Class: sky130_fd_pr__nfet_01v8 instances:   4
  Class: sky130_fd_pr__pfet_01v8_hvt instances:   4
Circuit contains 11 nets.

Circuit sky130_fd_sc_hd__o21a_1 contains no devices.

Contents of circuit 1:  Circuit: 'sky130_fd_sc_hd__a221o_1'
Circuit sky130_fd_sc_hd__a221o_1 contains 0 device instances.
Circuit contains 0 nets, and 10 disconnected pins.
Contents of circuit 2:  Circuit: 'sky130_fd_sc_hd__a221o_1'
Circuit sky130_fd_sc_hd__a221o_1 contains 12 device instances.
  Class: sky130_fd_pr__nfet_01v8 instances:   6
  Class: sky130_fd_pr__pfet_01v8_hvt instances:   6
Circuit contains 15 nets.

Circuit sky130_fd_sc_hd__a221o_1 contains no devices.

Contents of circuit 1:  Circuit: 'sky130_fd_sc_hd__mux2_1'
Circuit sky130_fd_sc_hd__mux2_1 contains 0 device instances.
Circuit contains 0 nets, and 8 disconnected pins.
Contents of circuit 2:  Circuit: 'sky130_fd_sc_hd__mux2_1'
Circuit sky130_fd_sc_hd__mux2_1 contains 12 device instances.
  Class: sky130_fd_pr__nfet_01v8 instances:   6
  Class: sky130_fd_pr__pfet_01v8_hvt instances:   6
Circuit contains 14 nets.

Circuit sky130_fd_sc_hd__mux2_1 contains no devices.

Contents of circuit 1:  Circuit: 'sky130_fd_sc_hd__xor2_2'
Circuit sky130_fd_sc_hd__xor2_2 contains 0 device instances.
Circuit contains 0 nets, and 7 disconnected pins.
Contents of circuit 2:  Circuit: 'sky130_fd_sc_hd__xor2_2'
Circuit sky130_fd_sc_hd__xor2_2 contains 20 device instances.
  Class: sky130_fd_pr__nfet_01v8 instances:  10
  Class: sky130_fd_pr__pfet_01v8_hvt instances:  10
Circuit contains 11 nets.

Circuit sky130_fd_sc_hd__xor2_2 contains no devices.

Contents of circuit 1:  Circuit: 'sky130_fd_sc_hd__a22o_1'
Circuit sky130_fd_sc_hd__a22o_1 contains 0 device instances.
Circuit contains 0 nets, and 9 disconnected pins.
Contents of circuit 2:  Circuit: 'sky130_fd_sc_hd__a22o_1'
Circuit sky130_fd_sc_hd__a22o_1 contains 10 device instances.
  Class: sky130_fd_pr__nfet_01v8 instances:   5
  Class: sky130_fd_pr__pfet_01v8_hvt instances:   5
Circuit contains 13 nets.

Circuit sky130_fd_sc_hd__a22o_1 contains no devices.

Contents of circuit 1:  Circuit: 'sky130_fd_sc_hd__or4_1'
Circuit sky130_fd_sc_hd__or4_1 contains 0 device instances.
Circuit contains 0 nets, and 9 disconnected pins.
Contents of circuit 2:  Circuit: 'sky130_fd_sc_hd__or4_1'
Circuit sky130_fd_sc_hd__or4_1 contains 10 device instances.
  Class: sky130_fd_pr__nfet_01v8 instances:   5
  Class: sky130_fd_pr__pfet_01v8_hvt instances:   5
Circuit contains 13 nets.

Circuit sky130_fd_sc_hd__or4_1 contains no devices.

Contents of circuit 1:  Circuit: 'sky130_fd_sc_hd__or4_4'
Circuit sky130_fd_sc_hd__or4_4 contains 0 device instances.
Circuit contains 0 nets, and 9 disconnected pins.
Contents of circuit 2:  Circuit: 'sky130_fd_sc_hd__or4_4'
Circuit sky130_fd_sc_hd__or4_4 contains 16 device instances.
  Class: sky130_fd_pr__nfet_01v8 instances:   8
  Class: sky130_fd_pr__pfet_01v8_hvt instances:   8
Circuit contains 13 nets.

Circuit sky130_fd_sc_hd__or4_4 contains no devices.

Contents of circuit 1:  Circuit: 'sky130_fd_sc_hd__fill_2'
Circuit sky130_fd_sc_hd__fill_2 contains 0 device instances.
Circuit contains 0 nets, and 4 disconnected pins.
Contents of circuit 2:  Circuit: 'sky130_fd_sc_hd__fill_2'
Circuit sky130_fd_sc_hd__fill_2 contains 0 device instances.
Circuit contains 0 nets, and 4 disconnected pins.

Circuit sky130_fd_sc_hd__fill_2 contains no devices.

Contents of circuit 1:  Circuit: 'sky130_fd_sc_hd__decap_6'
Circuit sky130_fd_sc_hd__decap_6 contains 0 device instances.
Circuit contains 0 nets, and 4 disconnected pins.
Contents of circuit 2:  Circuit: 'sky130_fd_sc_hd__decap_6'
Circuit sky130_fd_sc_hd__decap_6 contains 2 device instances.
  Class: sky130_fd_pr__nfet_01v8 instances:   1
  Class: sky130_fd_pr__pfet_01v8_hvt instances:   1
Circuit contains 4 nets.

Circuit sky130_fd_sc_hd__decap_6 contains no devices.

Contents of circuit 1:  Circuit: 'sky130_ef_sc_hd__decap_12'
Circuit sky130_ef_sc_hd__decap_12 contains 0 device instances.
Circuit contains 0 nets, and 4 disconnected pins.
Contents of circuit 2:  Circuit: 'sky130_ef_sc_hd__decap_12'
Circuit sky130_ef_sc_hd__decap_12 contains 2 device instances.
  Class: sky130_fd_pr__nfet_01v8 instances:   1
  Class: sky130_fd_pr__pfet_01v8_hvt instances:   1
Circuit contains 4 nets.

Circuit sky130_ef_sc_hd__decap_12 contains no devices.

Contents of circuit 1:  Circuit: 'sky130_fd_sc_hd__tapvpwrvgnd_1'
Circuit sky130_fd_sc_hd__tapvpwrvgnd_1 contains 0 device instances.
Circuit contains 0 nets, and 2 disconnected pins.
Contents of circuit 2:  Circuit: 'sky130_fd_sc_hd__tapvpwrvgnd_1'
Circuit sky130_fd_sc_hd__tapvpwrvgnd_1 contains 0 device instances.
Circuit contains 0 nets, and 2 disconnected pins.

Circuit sky130_fd_sc_hd__tapvpwrvgnd_1 contains no devices.

Contents of circuit 1:  Circuit: 'sky130_fd_sc_hd__fill_1'
Circuit sky130_fd_sc_hd__fill_1 contains 0 device instances.
Circuit contains 0 nets, and 4 disconnected pins.
Contents of circuit 2:  Circuit: 'sky130_fd_sc_hd__fill_1'
Circuit sky130_fd_sc_hd__fill_1 contains 0 device instances.
Circuit contains 0 nets, and 4 disconnected pins.

Circuit sky130_fd_sc_hd__fill_1 contains no devices.

Contents of circuit 1:  Circuit: 'sky130_fd_sc_hd__or2_1'
Circuit sky130_fd_sc_hd__or2_1 contains 0 device instances.
Circuit contains 0 nets, and 7 disconnected pins.
Contents of circuit 2:  Circuit: 'sky130_fd_sc_hd__or2_1'
Circuit sky130_fd_sc_hd__or2_1 contains 6 device instances.
  Class: sky130_fd_pr__nfet_01v8 instances:   3
  Class: sky130_fd_pr__pfet_01v8_hvt instances:   3
Circuit contains 9 nets.

Circuit sky130_fd_sc_hd__or2_1 contains no devices.

Contents of circuit 1:  Circuit: 'sky130_fd_sc_hd__dlygate4sd3_1'
Circuit sky130_fd_sc_hd__dlygate4sd3_1 contains 0 device instances.
Circuit contains 0 nets, and 6 disconnected pins.
Contents of circuit 2:  Circuit: 'sky130_fd_sc_hd__dlygate4sd3_1'
Circuit sky130_fd_sc_hd__dlygate4sd3_1 contains 8 device instances.
  Class: sky130_fd_pr__nfet_01v8 instances:   4
  Class: sky130_fd_pr__pfet_01v8_hvt instances:   4
Circuit contains 9 nets.

Circuit sky130_fd_sc_hd__dlygate4sd3_1 contains no devices.

Contents of circuit 1:  Circuit: 'sky130_fd_sc_hd__buf_1'
Circuit sky130_fd_sc_hd__buf_1 contains 0 device instances.
Circuit contains 0 nets, and 6 disconnected pins.
Contents of circuit 2:  Circuit: 'sky130_fd_sc_hd__buf_1'
Circuit sky130_fd_sc_hd__buf_1 contains 4 device instances.
  Class: sky130_fd_pr__nfet_01v8 instances:   2
  Class: sky130_fd_pr__pfet_01v8_hvt instances:   2
Circuit contains 7 nets.

Circuit sky130_fd_sc_hd__buf_1 contains no devices.

Contents of circuit 1:  Circuit: 'sky130_fd_sc_hd__buf_6'
Circuit sky130_fd_sc_hd__buf_6 contains 0 device instances.
Circuit contains 0 nets, and 6 disconnected pins.
Contents of circuit 2:  Circuit: 'sky130_fd_sc_hd__buf_6'
Circuit sky130_fd_sc_hd__buf_6 contains 16 device instances.
  Class: sky130_fd_pr__nfet_01v8 instances:   8
  Class: sky130_fd_pr__pfet_01v8_hvt instances:   8
Circuit contains 7 nets.

Circuit sky130_fd_sc_hd__buf_6 contains no devices.

Contents of circuit 1:  Circuit: 'sky130_fd_sc_hd__buf_12'
Circuit sky130_fd_sc_hd__buf_12 contains 0 device instances.
Circuit contains 0 nets, and 6 disconnected pins.
Contents of circuit 2:  Circuit: 'sky130_fd_sc_hd__buf_12'
Circuit sky130_fd_sc_hd__buf_12 contains 32 device instances.
  Class: sky130_fd_pr__nfet_01v8 instances:  16
  Class: sky130_fd_pr__pfet_01v8_hvt instances:  16
Circuit contains 7 nets.

Circuit sky130_fd_sc_hd__buf_12 contains no devices.

Contents of circuit 1:  Circuit: 'sky130_fd_sc_hd__clkbuf_2'
Circuit sky130_fd_sc_hd__clkbuf_2 contains 0 device instances.
Circuit contains 0 nets, and 6 disconnected pins.
Contents of circuit 2:  Circuit: 'sky130_fd_sc_hd__clkbuf_2'
Circuit sky130_fd_sc_hd__clkbuf_2 contains 6 device instances.
  Class: sky130_fd_pr__nfet_01v8 instances:   3
  Class: sky130_fd_pr__pfet_01v8_hvt instances:   3
Circuit contains 7 nets.

Circuit sky130_fd_sc_hd__clkbuf_2 contains no devices.

Contents of circuit 1:  Circuit: 'sky130_fd_sc_hd__dfxtp_1'
Circuit sky130_fd_sc_hd__dfxtp_1 contains 0 device instances.
Circuit contains 0 nets, and 7 disconnected pins.
Contents of circuit 2:  Circuit: 'sky130_fd_sc_hd__dfxtp_1'
Circuit sky130_fd_sc_hd__dfxtp_1 contains 24 device instances.
  Class: sky130_fd_pr__nfet_01v8 instances:   8
  Class: sky130_fd_pr__pfet_01v8_hvt instances:  12
  Class: sky130_fd_pr__special_nfet_01v8 instances:   4
Circuit contains 18 nets.

Circuit sky130_fd_sc_hd__dfxtp_1 contains no devices.

Contents of circuit 1:  Circuit: 'sky130_fd_sc_hd__decap_8'
Circuit sky130_fd_sc_hd__decap_8 contains 0 device instances.
Circuit contains 0 nets, and 4 disconnected pins.
Contents of circuit 2:  Circuit: 'sky130_fd_sc_hd__decap_8'
Circuit sky130_fd_sc_hd__decap_8 contains 2 device instances.
  Class: sky130_fd_pr__nfet_01v8 instances:   1
  Class: sky130_fd_pr__pfet_01v8_hvt instances:   1
Circuit contains 4 nets.

Circuit sky130_fd_sc_hd__decap_8 contains no devices.

Contents of circuit 1:  Circuit: 'sky130_fd_sc_hd__o31a_1'
Circuit sky130_fd_sc_hd__o31a_1 contains 0 device instances.
Circuit contains 0 nets, and 9 disconnected pins.
Contents of circuit 2:  Circuit: 'sky130_fd_sc_hd__o31a_1'
Circuit sky130_fd_sc_hd__o31a_1 contains 10 device instances.
  Class: sky130_fd_pr__nfet_01v8 instances:   5
  Class: sky130_fd_pr__pfet_01v8_hvt instances:   5
Circuit contains 13 nets.

Circuit sky130_fd_sc_hd__o31a_1 contains no devices.

Contents of circuit 1:  Circuit: 'sky130_fd_sc_hd__or3_1'
Circuit sky130_fd_sc_hd__or3_1 contains 0 device instances.
Circuit contains 0 nets, and 8 disconnected pins.
Contents of circuit 2:  Circuit: 'sky130_fd_sc_hd__or3_1'
Circuit sky130_fd_sc_hd__or3_1 contains 8 device instances.
  Class: sky130_fd_pr__nfet_01v8 instances:   4
  Class: sky130_fd_pr__pfet_01v8_hvt instances:   4
Circuit contains 11 nets.

Circuit sky130_fd_sc_hd__or3_1 contains no devices.

Contents of circuit 1:  Circuit: 'sky130_fd_sc_hd__a21o_1'
Circuit sky130_fd_sc_hd__a21o_1 contains 0 device instances.
Circuit contains 0 nets, and 8 disconnected pins.
Contents of circuit 2:  Circuit: 'sky130_fd_sc_hd__a21o_1'
Circuit sky130_fd_sc_hd__a21o_1 contains 8 device instances.
  Class: sky130_fd_pr__nfet_01v8 instances:   4
  Class: sky130_fd_pr__pfet_01v8_hvt instances:   4
Circuit contains 11 nets.

Circuit sky130_fd_sc_hd__a21o_1 contains no devices.

Contents of circuit 1:  Circuit: 'sky130_fd_sc_hd__and2b_1'
Circuit sky130_fd_sc_hd__and2b_1 contains 0 device instances.
Circuit contains 0 nets, and 7 disconnected pins.
Contents of circuit 2:  Circuit: 'sky130_fd_sc_hd__and2b_1'
Circuit sky130_fd_sc_hd__and2b_1 contains 8 device instances.
  Class: sky130_fd_pr__nfet_01v8 instances:   4
  Class: sky130_fd_pr__pfet_01v8_hvt instances:   4
Circuit contains 10 nets.

Circuit sky130_fd_sc_hd__and2b_1 contains no devices.

Contents of circuit 1:  Circuit: 'sky130_fd_sc_hd__nand2_2'
Circuit sky130_fd_sc_hd__nand2_2 contains 0 device instances.
Circuit contains 0 nets, and 7 disconnected pins.
Contents of circuit 2:  Circuit: 'sky130_fd_sc_hd__nand2_2'
Circuit sky130_fd_sc_hd__nand2_2 contains 8 device instances.
  Class: sky130_fd_pr__nfet_01v8 instances:   4
  Class: sky130_fd_pr__pfet_01v8_hvt instances:   4
Circuit contains 8 nets.

Circuit sky130_fd_sc_hd__nand2_2 contains no devices.

Contents of circuit 1:  Circuit: 'sky130_fd_sc_hd__and2_1'
Circuit sky130_fd_sc_hd__and2_1 contains 0 device instances.
Circuit contains 0 nets, and 7 disconnected pins.
Contents of circuit 2:  Circuit: 'sky130_fd_sc_hd__and2_1'
Circuit sky130_fd_sc_hd__and2_1 contains 6 device instances.
  Class: sky130_fd_pr__nfet_01v8 instances:   3
  Class: sky130_fd_pr__pfet_01v8_hvt instances:   3
Circuit contains 9 nets.

Circuit sky130_fd_sc_hd__and2_1 contains no devices.

Contents of circuit 1:  Circuit: 'sky130_fd_sc_hd__clkbuf_4'
Circuit sky130_fd_sc_hd__clkbuf_4 contains 0 device instances.
Circuit contains 0 nets, and 6 disconnected pins.
Contents of circuit 2:  Circuit: 'sky130_fd_sc_hd__clkbuf_4'
Circuit sky130_fd_sc_hd__clkbuf_4 contains 10 device instances.
  Class: sky130_fd_pr__nfet_01v8 instances:   5
  Class: sky130_fd_pr__pfet_01v8_hvt instances:   5
Circuit contains 7 nets.

Circuit sky130_fd_sc_hd__clkbuf_4 contains no devices.

Contents of circuit 1:  Circuit: 'sky130_fd_sc_hd__buf_4'
Circuit sky130_fd_sc_hd__buf_4 contains 0 device instances.
Circuit contains 0 nets, and 6 disconnected pins.
Contents of circuit 2:  Circuit: 'sky130_fd_sc_hd__buf_4'
Circuit sky130_fd_sc_hd__buf_4 contains 10 device instances.
  Class: sky130_fd_pr__nfet_01v8 instances:   5
  Class: sky130_fd_pr__pfet_01v8_hvt instances:   5
Circuit contains 7 nets.

Circuit sky130_fd_sc_hd__buf_4 contains no devices.

Contents of circuit 1:  Circuit: 'sky130_fd_sc_hd__or2_2'
Circuit sky130_fd_sc_hd__or2_2 contains 0 device instances.
Circuit contains 0 nets, and 7 disconnected pins.
Contents of circuit 2:  Circuit: 'sky130_fd_sc_hd__or2_2'
Circuit sky130_fd_sc_hd__or2_2 contains 8 device instances.
  Class: sky130_fd_pr__nfet_01v8 instances:   4
  Class: sky130_fd_pr__pfet_01v8_hvt instances:   4
Circuit contains 9 nets.

Circuit sky130_fd_sc_hd__or2_2 contains no devices.

Contents of circuit 1:  Circuit: 'sky130_fd_sc_hd__clkbuf_8'
Circuit sky130_fd_sc_hd__clkbuf_8 contains 0 device instances.
Circuit contains 0 nets, and 6 disconnected pins.
Contents of circuit 2:  Circuit: 'sky130_fd_sc_hd__clkbuf_8'
Circuit sky130_fd_sc_hd__clkbuf_8 contains 20 device instances.
  Class: sky130_fd_pr__nfet_01v8 instances:  10
  Class: sky130_fd_pr__pfet_01v8_hvt instances:  10
Circuit contains 7 nets.

Circuit sky130_fd_sc_hd__clkbuf_8 contains no devices.

Contents of circuit 1:  Circuit: 'sky130_fd_sc_hd__buf_2'
Circuit sky130_fd_sc_hd__buf_2 contains 0 device instances.
Circuit contains 0 nets, and 6 disconnected pins.
Contents of circuit 2:  Circuit: 'sky130_fd_sc_hd__buf_2'
Circuit sky130_fd_sc_hd__buf_2 contains 6 device instances.
  Class: sky130_fd_pr__nfet_01v8 instances:   3
  Class: sky130_fd_pr__pfet_01v8_hvt instances:   3
Circuit contains 7 nets.

Circuit sky130_fd_sc_hd__buf_2 contains no devices.

Contents of circuit 1:  Circuit: 'sky130_fd_sc_hd__bufinv_16'
Circuit sky130_fd_sc_hd__bufinv_16 contains 0 device instances.
Circuit contains 0 nets, and 6 disconnected pins.
Contents of circuit 2:  Circuit: 'sky130_fd_sc_hd__bufinv_16'
Circuit sky130_fd_sc_hd__bufinv_16 contains 50 device instances.
  Class: sky130_fd_pr__nfet_01v8 instances:  25
  Class: sky130_fd_pr__pfet_01v8_hvt instances:  25
Circuit contains 8 nets.

Circuit sky130_fd_sc_hd__bufinv_16 contains no devices.

Contents of circuit 1:  Circuit: 'sky130_fd_sc_hd__and3_1'
Circuit sky130_fd_sc_hd__and3_1 contains 0 device instances.
Circuit contains 0 nets, and 8 disconnected pins.
Contents of circuit 2:  Circuit: 'sky130_fd_sc_hd__and3_1'
Circuit sky130_fd_sc_hd__and3_1 contains 8 device instances.
  Class: sky130_fd_pr__nfet_01v8 instances:   4
  Class: sky130_fd_pr__pfet_01v8_hvt instances:   4
Circuit contains 11 nets.

Circuit sky130_fd_sc_hd__and3_1 contains no devices.

Contents of circuit 1:  Circuit: 'sky130_fd_sc_hd__diode_2'
Circuit sky130_fd_sc_hd__diode_2 contains 0 device instances.
Circuit contains 0 nets, and 5 disconnected pins.
Contents of circuit 2:  Circuit: 'sky130_fd_sc_hd__diode_2'
Circuit sky130_fd_sc_hd__diode_2 contains 1 device instances.
  Class: sky130_fd_pr__diode_pw2nd_05v5 instances:   1
Circuit contains 2 nets, and 3 disconnected pins.

Circuit sky130_fd_sc_hd__diode_2 contains no devices.

Contents of circuit 1:  Circuit: 'sky130_fd_sc_hd__dlymetal6s2s_1'
Circuit sky130_fd_sc_hd__dlymetal6s2s_1 contains 0 device instances.
Circuit contains 0 nets, and 6 disconnected pins.
Contents of circuit 2:  Circuit: 'sky130_fd_sc_hd__dlymetal6s2s_1'
Circuit sky130_fd_sc_hd__dlymetal6s2s_1 contains 12 device instances.
  Class: sky130_fd_pr__nfet_01v8 instances:   6
  Class: sky130_fd_pr__pfet_01v8_hvt instances:   6
Circuit contains 11 nets.

Circuit sky130_fd_sc_hd__dlymetal6s2s_1 contains no devices.

Contents of circuit 1:  Circuit: 'sky130_fd_sc_hd__clkbuf_1'
Circuit sky130_fd_sc_hd__clkbuf_1 contains 0 device instances.
Circuit contains 0 nets, and 6 disconnected pins.
Contents of circuit 2:  Circuit: 'sky130_fd_sc_hd__clkbuf_1'
Circuit sky130_fd_sc_hd__clkbuf_1 contains 4 device instances.
  Class: sky130_fd_pr__nfet_01v8 instances:   2
  Class: sky130_fd_pr__pfet_01v8_hvt instances:   2
Circuit contains 7 nets.

Circuit sky130_fd_sc_hd__clkbuf_1 contains no devices.

Contents of circuit 1:  Circuit: 'sky130_fd_sc_hd__clkbuf_16'
Circuit sky130_fd_sc_hd__clkbuf_16 contains 0 device instances.
Circuit contains 0 nets, and 6 disconnected pins.
Contents of circuit 2:  Circuit: 'sky130_fd_sc_hd__clkbuf_16'
Circuit sky130_fd_sc_hd__clkbuf_16 contains 40 device instances.
  Class: sky130_fd_pr__nfet_01v8 instances:  20
  Class: sky130_fd_pr__pfet_01v8_hvt instances:  20
Circuit contains 7 nets.

Circuit sky130_fd_sc_hd__clkbuf_16 contains no devices.

Contents of circuit 1:  Circuit: 'sky130_fd_sc_hd__buf_8'
Circuit sky130_fd_sc_hd__buf_8 contains 0 device instances.
Circuit contains 0 nets, and 6 disconnected pins.
Contents of circuit 2:  Circuit: 'sky130_fd_sc_hd__buf_8'
Circuit sky130_fd_sc_hd__buf_8 contains 22 device instances.
  Class: sky130_fd_pr__nfet_01v8 instances:  11
  Class: sky130_fd_pr__pfet_01v8_hvt instances:  11
Circuit contains 7 nets.

Circuit sky130_fd_sc_hd__buf_8 contains no devices.

Contents of circuit 1:  Circuit: 'sky130_fd_sc_hd__nor4_4'
Circuit sky130_fd_sc_hd__nor4_4 contains 0 device instances.
Circuit contains 0 nets, and 9 disconnected pins.
Contents of circuit 2:  Circuit: 'sky130_fd_sc_hd__nor4_4'
Circuit sky130_fd_sc_hd__nor4_4 contains 32 device instances.
  Class: sky130_fd_pr__nfet_01v8 instances:  16
  Class: sky130_fd_pr__pfet_01v8_hvt instances:  16
Circuit contains 12 nets.

Circuit sky130_fd_sc_hd__nor4_4 contains no devices.

Contents of circuit 1:  Circuit: 'sky130_fd_sc_hd__nor2_1'
Circuit sky130_fd_sc_hd__nor2_1 contains 0 device instances.
Circuit contains 0 nets, and 7 disconnected pins.
Contents of circuit 2:  Circuit: 'sky130_fd_sc_hd__nor2_1'
Circuit sky130_fd_sc_hd__nor2_1 contains 4 device instances.
  Class: sky130_fd_pr__nfet_01v8 instances:   2
  Class: sky130_fd_pr__pfet_01v8_hvt instances:   2
Circuit contains 8 nets.

Circuit sky130_fd_sc_hd__nor2_1 contains no devices.

Contents of circuit 1:  Circuit: 'sky130_fd_sc_hd__o31ai_2'
Circuit sky130_fd_sc_hd__o31ai_2 contains 0 device instances.
Circuit contains 0 nets, and 9 disconnected pins.
Contents of circuit 2:  Circuit: 'sky130_fd_sc_hd__o31ai_2'
Circuit sky130_fd_sc_hd__o31ai_2 contains 16 device instances.
  Class: sky130_fd_pr__nfet_01v8 instances:   8
  Class: sky130_fd_pr__pfet_01v8_hvt instances:   8
Circuit contains 12 nets.

Circuit sky130_fd_sc_hd__o31ai_2 contains no devices.

Contents of circuit 1:  Circuit: 'sky130_fd_sc_hd__nor2_2'
Circuit sky130_fd_sc_hd__nor2_2 contains 0 device instances.
Circuit contains 0 nets, and 7 disconnected pins.
Contents of circuit 2:  Circuit: 'sky130_fd_sc_hd__nor2_2'
Circuit sky130_fd_sc_hd__nor2_2 contains 8 device instances.
  Class: sky130_fd_pr__nfet_01v8 instances:   4
  Class: sky130_fd_pr__pfet_01v8_hvt instances:   4
Circuit contains 8 nets.

Circuit sky130_fd_sc_hd__nor2_2 contains no devices.

Contents of circuit 1:  Circuit: 'sky130_fd_sc_hd__a221o_2'
Circuit sky130_fd_sc_hd__a221o_2 contains 0 device instances.
Circuit contains 0 nets, and 10 disconnected pins.
Contents of circuit 2:  Circuit: 'sky130_fd_sc_hd__a221o_2'
Circuit sky130_fd_sc_hd__a221o_2 contains 14 device instances.
  Class: sky130_fd_pr__nfet_01v8 instances:   7
  Class: sky130_fd_pr__pfet_01v8_hvt instances:   7
Circuit contains 15 nets.

Circuit sky130_fd_sc_hd__a221o_2 contains no devices.

Contents of circuit 1:  Circuit: 'sky130_fd_sc_hd__clkinvlp_4'
Circuit sky130_fd_sc_hd__clkinvlp_4 contains 0 device instances.
Circuit contains 0 nets, and 6 disconnected pins.
Contents of circuit 2:  Circuit: 'sky130_fd_sc_hd__clkinvlp_4'
Circuit sky130_fd_sc_hd__clkinvlp_4 contains 8 device instances.
  Class: sky130_fd_pr__nfet_01v8 instances:   4
  Class: sky130_fd_pr__pfet_01v8_hvt instances:   4
Circuit contains 8 nets.

Circuit sky130_fd_sc_hd__clkinvlp_4 contains no devices.

Contents of circuit 1:  Circuit: 'sky130_fd_sc_hd__inv_8'
Circuit sky130_fd_sc_hd__inv_8 contains 0 device instances.
Circuit contains 0 nets, and 6 disconnected pins.
Contents of circuit 2:  Circuit: 'sky130_fd_sc_hd__inv_8'
Circuit sky130_fd_sc_hd__inv_8 contains 16 device instances.
  Class: sky130_fd_pr__nfet_01v8 instances:   8
  Class: sky130_fd_pr__pfet_01v8_hvt instances:   8
Circuit contains 6 nets.

Circuit sky130_fd_sc_hd__inv_8 contains no devices.

Contents of circuit 1:  Circuit: 'sky130_fd_sc_hd__clkinv_2'
Circuit sky130_fd_sc_hd__clkinv_2 contains 0 device instances.
Circuit contains 0 nets, and 6 disconnected pins.
Contents of circuit 2:  Circuit: 'sky130_fd_sc_hd__clkinv_2'
Circuit sky130_fd_sc_hd__clkinv_2 contains 5 device instances.
  Class: sky130_fd_pr__nfet_01v8 instances:   2
  Class: sky130_fd_pr__pfet_01v8_hvt instances:   3
Circuit contains 6 nets.

Circuit sky130_fd_sc_hd__clkinv_2 contains no devices.

Contents of circuit 1:  Circuit: 'sky130_fd_sc_hd__nand2_1'
Circuit sky130_fd_sc_hd__nand2_1 contains 0 device instances.
Circuit contains 0 nets, and 7 disconnected pins.
Contents of circuit 2:  Circuit: 'sky130_fd_sc_hd__nand2_1'
Circuit sky130_fd_sc_hd__nand2_1 contains 4 device instances.
  Class: sky130_fd_pr__nfet_01v8 instances:   2
  Class: sky130_fd_pr__pfet_01v8_hvt instances:   2
Circuit contains 8 nets.

Circuit sky130_fd_sc_hd__nand2_1 contains no devices.

Contents of circuit 1:  Circuit: 'sky130_fd_sc_hd__a31o_1'
Circuit sky130_fd_sc_hd__a31o_1 contains 0 device instances.
Circuit contains 0 nets, and 9 disconnected pins.
Contents of circuit 2:  Circuit: 'sky130_fd_sc_hd__a31o_1'
Circuit sky130_fd_sc_hd__a31o_1 contains 10 device instances.
  Class: sky130_fd_pr__nfet_01v8 instances:   5
  Class: sky130_fd_pr__pfet_01v8_hvt instances:   5
Circuit contains 13 nets.

Circuit sky130_fd_sc_hd__a31o_1 contains no devices.

Contents of circuit 1:  Circuit: 'sky130_fd_sc_hd__xor2_1'
Circuit sky130_fd_sc_hd__xor2_1 contains 0 device instances.
Circuit contains 0 nets, and 7 disconnected pins.
Contents of circuit 2:  Circuit: 'sky130_fd_sc_hd__xor2_1'
Circuit sky130_fd_sc_hd__xor2_1 contains 10 device instances.
  Class: sky130_fd_pr__nfet_01v8 instances:   5
  Class: sky130_fd_pr__pfet_01v8_hvt instances:   5
Circuit contains 11 nets.

Circuit sky130_fd_sc_hd__xor2_1 contains no devices.

Contents of circuit 1:  Circuit: 'sky130_fd_sc_hd__nand2b_1'
Circuit sky130_fd_sc_hd__nand2b_1 contains 0 device instances.
Circuit contains 0 nets, and 7 disconnected pins.
Contents of circuit 2:  Circuit: 'sky130_fd_sc_hd__nand2b_1'
Circuit sky130_fd_sc_hd__nand2b_1 contains 6 device instances.
  Class: sky130_fd_pr__nfet_01v8 instances:   3
  Class: sky130_fd_pr__pfet_01v8_hvt instances:   3
Circuit contains 9 nets.

Circuit sky130_fd_sc_hd__nand2b_1 contains no devices.

Contents of circuit 1:  Circuit: 'sky130_fd_sc_hd__inv_12'
Circuit sky130_fd_sc_hd__inv_12 contains 0 device instances.
Circuit contains 0 nets, and 6 disconnected pins.
Contents of circuit 2:  Circuit: 'sky130_fd_sc_hd__inv_12'
Circuit sky130_fd_sc_hd__inv_12 contains 24 device instances.
  Class: sky130_fd_pr__nfet_01v8 instances:  12
  Class: sky130_fd_pr__pfet_01v8_hvt instances:  12
Circuit contains 6 nets.

Circuit sky130_fd_sc_hd__inv_12 contains no devices.

Contents of circuit 1:  Circuit: 'sky130_fd_sc_hd__clkinv_8'
Circuit sky130_fd_sc_hd__clkinv_8 contains 0 device instances.
Circuit contains 0 nets, and 6 disconnected pins.
Contents of circuit 2:  Circuit: 'sky130_fd_sc_hd__clkinv_8'
Circuit sky130_fd_sc_hd__clkinv_8 contains 20 device instances.
  Class: sky130_fd_pr__nfet_01v8 instances:   8
  Class: sky130_fd_pr__pfet_01v8_hvt instances:  12
Circuit contains 6 nets.

Circuit sky130_fd_sc_hd__clkinv_8 contains no devices.

Contents of circuit 1:  Circuit: 'sky130_fd_sc_hd__clkinv_4'
Circuit sky130_fd_sc_hd__clkinv_4 contains 0 device instances.
Circuit contains 0 nets, and 6 disconnected pins.
Contents of circuit 2:  Circuit: 'sky130_fd_sc_hd__clkinv_4'
Circuit sky130_fd_sc_hd__clkinv_4 contains 10 device instances.
  Class: sky130_fd_pr__nfet_01v8 instances:   4
  Class: sky130_fd_pr__pfet_01v8_hvt instances:   6
Circuit contains 6 nets.

Circuit sky130_fd_sc_hd__clkinv_4 contains no devices.

Contents of circuit 1:  Circuit: 'sky130_fd_sc_hd__or2_4'
Circuit sky130_fd_sc_hd__or2_4 contains 0 device instances.
Circuit contains 0 nets, and 7 disconnected pins.
Contents of circuit 2:  Circuit: 'sky130_fd_sc_hd__or2_4'
Circuit sky130_fd_sc_hd__or2_4 contains 12 device instances.
  Class: sky130_fd_pr__nfet_01v8 instances:   6
  Class: sky130_fd_pr__pfet_01v8_hvt instances:   6
Circuit contains 9 nets.

Circuit sky130_fd_sc_hd__or2_4 contains no devices.

Contents of circuit 1:  Circuit: 'sky130_fd_sc_hd__nand2b_4'
Circuit sky130_fd_sc_hd__nand2b_4 contains 0 device instances.
Circuit contains 0 nets, and 7 disconnected pins.
Contents of circuit 2:  Circuit: 'sky130_fd_sc_hd__nand2b_4'
Circuit sky130_fd_sc_hd__nand2b_4 contains 18 device instances.
  Class: sky130_fd_pr__nfet_01v8 instances:   9
  Class: sky130_fd_pr__pfet_01v8_hvt instances:   9
Circuit contains 9 nets.

Circuit sky130_fd_sc_hd__nand2b_4 contains no devices.

Contents of circuit 1:  Circuit: 'sky130_fd_sc_hd__or4b_1'
Circuit sky130_fd_sc_hd__or4b_1 contains 0 device instances.
Circuit contains 0 nets, and 9 disconnected pins.
Contents of circuit 2:  Circuit: 'sky130_fd_sc_hd__or4b_1'
Circuit sky130_fd_sc_hd__or4b_1 contains 12 device instances.
  Class: sky130_fd_pr__nfet_01v8 instances:   6
  Class: sky130_fd_pr__pfet_01v8_hvt instances:   6
Circuit contains 14 nets.

Circuit sky130_fd_sc_hd__or4b_1 contains no devices.

Contents of circuit 1:  Circuit: 'sky130_fd_sc_hd__inv_6'
Circuit sky130_fd_sc_hd__inv_6 contains 0 device instances.
Circuit contains 0 nets, and 6 disconnected pins.
Contents of circuit 2:  Circuit: 'sky130_fd_sc_hd__inv_6'
Circuit sky130_fd_sc_hd__inv_6 contains 12 device instances.
  Class: sky130_fd_pr__nfet_01v8 instances:   6
  Class: sky130_fd_pr__pfet_01v8_hvt instances:   6
Circuit contains 6 nets.

Circuit sky130_fd_sc_hd__inv_6 contains no devices.

Contents of circuit 1:  Circuit: 'sky130_fd_sc_hd__nor4_1'
Circuit sky130_fd_sc_hd__nor4_1 contains 0 device instances.
Circuit contains 0 nets, and 9 disconnected pins.
Contents of circuit 2:  Circuit: 'sky130_fd_sc_hd__nor4_1'
Circuit sky130_fd_sc_hd__nor4_1 contains 8 device instances.
  Class: sky130_fd_pr__nfet_01v8 instances:   4
  Class: sky130_fd_pr__pfet_01v8_hvt instances:   4
Circuit contains 12 nets.

Circuit sky130_fd_sc_hd__nor4_1 contains no devices.

Contents of circuit 1:  Circuit: 'sky130_fd_sc_hd__and2_4'
Circuit sky130_fd_sc_hd__and2_4 contains 0 device instances.
Circuit contains 0 nets, and 7 disconnected pins.
Contents of circuit 2:  Circuit: 'sky130_fd_sc_hd__and2_4'
Circuit sky130_fd_sc_hd__and2_4 contains 12 device instances.
  Class: sky130_fd_pr__nfet_01v8 instances:   6
  Class: sky130_fd_pr__pfet_01v8_hvt instances:   6
Circuit contains 9 nets.

Circuit sky130_fd_sc_hd__and2_4 contains no devices.

Contents of circuit 1:  Circuit: 'sky130_fd_sc_hd__and2_2'
Circuit sky130_fd_sc_hd__and2_2 contains 0 device instances.
Circuit contains 0 nets, and 7 disconnected pins.
Contents of circuit 2:  Circuit: 'sky130_fd_sc_hd__and2_2'
Circuit sky130_fd_sc_hd__and2_2 contains 8 device instances.
  Class: sky130_fd_pr__nfet_01v8 instances:   4
  Class: sky130_fd_pr__pfet_01v8_hvt instances:   4
Circuit contains 9 nets.

Circuit sky130_fd_sc_hd__and2_2 contains no devices.

Contents of circuit 1:  Circuit: 'sky130_fd_sc_hd__a2111o_1'
Circuit sky130_fd_sc_hd__a2111o_1 contains 0 device instances.
Circuit contains 0 nets, and 10 disconnected pins.
Contents of circuit 2:  Circuit: 'sky130_fd_sc_hd__a2111o_1'
Circuit sky130_fd_sc_hd__a2111o_1 contains 12 device instances.
  Class: sky130_fd_pr__nfet_01v8 instances:   6
  Class: sky130_fd_pr__pfet_01v8_hvt instances:   6
Circuit contains 15 nets.

Circuit sky130_fd_sc_hd__a2111o_1 contains no devices.

Contents of circuit 1:  Circuit: 'sky130_fd_sc_hd__nor2_4'
Circuit sky130_fd_sc_hd__nor2_4 contains 0 device instances.
Circuit contains 0 nets, and 7 disconnected pins.
Contents of circuit 2:  Circuit: 'sky130_fd_sc_hd__nor2_4'
Circuit sky130_fd_sc_hd__nor2_4 contains 16 device instances.
  Class: sky130_fd_pr__nfet_01v8 instances:   8
  Class: sky130_fd_pr__pfet_01v8_hvt instances:   8
Circuit contains 8 nets.

Circuit sky130_fd_sc_hd__nor2_4 contains no devices.

Contents of circuit 1:  Circuit: 'sky130_fd_sc_hd__xnor2_1'
Circuit sky130_fd_sc_hd__xnor2_1 contains 0 device instances.
Circuit contains 0 nets, and 7 disconnected pins.
Contents of circuit 2:  Circuit: 'sky130_fd_sc_hd__xnor2_1'
Circuit sky130_fd_sc_hd__xnor2_1 contains 10 device instances.
  Class: sky130_fd_pr__nfet_01v8 instances:   5
  Class: sky130_fd_pr__pfet_01v8_hvt instances:   5
Circuit contains 11 nets.

Circuit sky130_fd_sc_hd__xnor2_1 contains no devices.

Contents of circuit 1:  Circuit: 'sky130_fd_sc_hd__nand2b_2'
Circuit sky130_fd_sc_hd__nand2b_2 contains 0 device instances.
Circuit contains 0 nets, and 7 disconnected pins.
Contents of circuit 2:  Circuit: 'sky130_fd_sc_hd__nand2b_2'
Circuit sky130_fd_sc_hd__nand2b_2 contains 10 device instances.
  Class: sky130_fd_pr__nfet_01v8 instances:   5
  Class: sky130_fd_pr__pfet_01v8_hvt instances:   5
Circuit contains 9 nets.

Circuit sky130_fd_sc_hd__nand2b_2 contains no devices.

Contents of circuit 1:  Circuit: 'sky130_fd_sc_hd__dfxtp_2'
Circuit sky130_fd_sc_hd__dfxtp_2 contains 0 device instances.
Circuit contains 0 nets, and 7 disconnected pins.
Contents of circuit 2:  Circuit: 'sky130_fd_sc_hd__dfxtp_2'
Circuit sky130_fd_sc_hd__dfxtp_2 contains 26 device instances.
  Class: sky130_fd_pr__nfet_01v8 instances:   9
  Class: sky130_fd_pr__pfet_01v8_hvt instances:  13
  Class: sky130_fd_pr__special_nfet_01v8 instances:   4
Circuit contains 18 nets.

Circuit sky130_fd_sc_hd__dfxtp_2 contains no devices.

Contents of circuit 1:  Circuit: 'sky130_fd_sc_hd__a211o_1'
Circuit sky130_fd_sc_hd__a211o_1 contains 0 device instances.
Circuit contains 0 nets, and 9 disconnected pins.
Contents of circuit 2:  Circuit: 'sky130_fd_sc_hd__a211o_1'
Circuit sky130_fd_sc_hd__a211o_1 contains 10 device instances.
  Class: sky130_fd_pr__nfet_01v8 instances:   5
  Class: sky130_fd_pr__pfet_01v8_hvt instances:   5
Circuit contains 13 nets.

Circuit sky130_fd_sc_hd__a211o_1 contains no devices.

Contents of circuit 1:  Circuit: 'sky130_fd_sc_hd__and3_4'
Circuit sky130_fd_sc_hd__and3_4 contains 0 device instances.
Circuit contains 0 nets, and 8 disconnected pins.
Contents of circuit 2:  Circuit: 'sky130_fd_sc_hd__and3_4'
Circuit sky130_fd_sc_hd__and3_4 contains 14 device instances.
  Class: sky130_fd_pr__nfet_01v8 instances:   7
  Class: sky130_fd_pr__pfet_01v8_hvt instances:   7
Circuit contains 11 nets.

Circuit sky130_fd_sc_hd__and3_4 contains no devices.

Contents of circuit 1:  Circuit: 'sky130_fd_sc_hd__and2b_2'
Circuit sky130_fd_sc_hd__and2b_2 contains 0 device instances.
Circuit contains 0 nets, and 7 disconnected pins.
Contents of circuit 2:  Circuit: 'sky130_fd_sc_hd__and2b_2'
Circuit sky130_fd_sc_hd__and2b_2 contains 10 device instances.
  Class: sky130_fd_pr__nfet_01v8 instances:   5
  Class: sky130_fd_pr__pfet_01v8_hvt instances:   5
Circuit contains 10 nets.

Circuit sky130_fd_sc_hd__and2b_2 contains no devices.

Contents of circuit 1:  Circuit: 'sky130_fd_sc_hd__inv_2'
Circuit sky130_fd_sc_hd__inv_2 contains 0 device instances.
Circuit contains 0 nets, and 6 disconnected pins.
Contents of circuit 2:  Circuit: 'sky130_fd_sc_hd__inv_2'
Circuit sky130_fd_sc_hd__inv_2 contains 4 device instances.
  Class: sky130_fd_pr__nfet_01v8 instances:   2
  Class: sky130_fd_pr__pfet_01v8_hvt instances:   2
Circuit contains 6 nets.

Circuit sky130_fd_sc_hd__inv_2 contains no devices.

Contents of circuit 1:  Circuit: 'sky130_fd_sc_hd__a31oi_2'
Circuit sky130_fd_sc_hd__a31oi_2 contains 0 device instances.
Circuit contains 0 nets, and 9 disconnected pins.
Contents of circuit 2:  Circuit: 'sky130_fd_sc_hd__a31oi_2'
Circuit sky130_fd_sc_hd__a31oi_2 contains 16 device instances.
  Class: sky130_fd_pr__nfet_01v8 instances:   8
  Class: sky130_fd_pr__pfet_01v8_hvt instances:   8
Circuit contains 12 nets.

Circuit sky130_fd_sc_hd__a31oi_2 contains no devices.

Contents of circuit 1:  Circuit: 'sky130_fd_sc_hd__nor4_2'
Circuit sky130_fd_sc_hd__nor4_2 contains 0 device instances.
Circuit contains 0 nets, and 9 disconnected pins.
Contents of circuit 2:  Circuit: 'sky130_fd_sc_hd__nor4_2'
Circuit sky130_fd_sc_hd__nor4_2 contains 16 device instances.
  Class: sky130_fd_pr__nfet_01v8 instances:   8
  Class: sky130_fd_pr__pfet_01v8_hvt instances:   8
Circuit contains 12 nets.

Circuit sky130_fd_sc_hd__nor4_2 contains no devices.

Contents of circuit 1:  Circuit: 'sky130_fd_sc_hd__and2b_4'
Circuit sky130_fd_sc_hd__and2b_4 contains 0 device instances.
Circuit contains 0 nets, and 7 disconnected pins.
Contents of circuit 2:  Circuit: 'sky130_fd_sc_hd__and2b_4'
Circuit sky130_fd_sc_hd__and2b_4 contains 14 device instances.
  Class: sky130_fd_pr__nfet_01v8 instances:   7
  Class: sky130_fd_pr__pfet_01v8_hvt instances:   7
Circuit contains 10 nets.

Circuit sky130_fd_sc_hd__and2b_4 contains no devices.

Contents of circuit 1:  Circuit: 'sky130_fd_sc_hd__a21boi_1'
Circuit sky130_fd_sc_hd__a21boi_1 contains 0 device instances.
Circuit contains 0 nets, and 8 disconnected pins.
Contents of circuit 2:  Circuit: 'sky130_fd_sc_hd__a21boi_1'
Circuit sky130_fd_sc_hd__a21boi_1 contains 8 device instances.
  Class: sky130_fd_pr__nfet_01v8 instances:   4
  Class: sky130_fd_pr__pfet_01v8_hvt instances:   4
Circuit contains 11 nets.

Circuit sky130_fd_sc_hd__a21boi_1 contains no devices.

Contents of circuit 1:  Circuit: 'sky130_fd_sc_hd__o21ai_1'
Circuit sky130_fd_sc_hd__o21ai_1 contains 0 device instances.
Circuit contains 0 nets, and 8 disconnected pins.
Contents of circuit 2:  Circuit: 'sky130_fd_sc_hd__o21ai_1'
Circuit sky130_fd_sc_hd__o21ai_1 contains 6 device instances.
  Class: sky130_fd_pr__nfet_01v8 instances:   3
  Class: sky130_fd_pr__pfet_01v8_hvt instances:   3
Circuit contains 10 nets.

Circuit sky130_fd_sc_hd__o21ai_1 contains no devices.

Contents of circuit 1:  Circuit: 'sky130_fd_sc_hd__a221o_4'
Circuit sky130_fd_sc_hd__a221o_4 contains 0 device instances.
Circuit contains 0 nets, and 10 disconnected pins.
Contents of circuit 2:  Circuit: 'sky130_fd_sc_hd__a221o_4'
Circuit sky130_fd_sc_hd__a221o_4 contains 28 device instances.
  Class: sky130_fd_pr__nfet_01v8 instances:  14
  Class: sky130_fd_pr__pfet_01v8_hvt instances:  14
Circuit contains 15 nets.

Circuit sky130_fd_sc_hd__a221o_4 contains no devices.

Contents of circuit 1:  Circuit: 'sky130_fd_sc_hd__or4b_4'
Circuit sky130_fd_sc_hd__or4b_4 contains 0 device instances.
Circuit contains 0 nets, and 9 disconnected pins.
Contents of circuit 2:  Circuit: 'sky130_fd_sc_hd__or4b_4'
Circuit sky130_fd_sc_hd__or4b_4 contains 18 device instances.
  Class: sky130_fd_pr__nfet_01v8 instances:   9
  Class: sky130_fd_pr__pfet_01v8_hvt instances:   9
Circuit contains 14 nets.

Circuit sky130_fd_sc_hd__or4b_4 contains no devices.

Contents of circuit 1:  Circuit: 'sky130_fd_sc_hd__and3b_1'
Circuit sky130_fd_sc_hd__and3b_1 contains 0 device instances.
Circuit contains 0 nets, and 8 disconnected pins.
Contents of circuit 2:  Circuit: 'sky130_fd_sc_hd__and3b_1'
Circuit sky130_fd_sc_hd__and3b_1 contains 10 device instances.
  Class: sky130_fd_pr__nfet_01v8 instances:   5
  Class: sky130_fd_pr__pfet_01v8_hvt instances:   5
Circuit contains 12 nets.

Circuit sky130_fd_sc_hd__and3b_1 contains no devices.

Contents of circuit 1:  Circuit: 'sky130_fd_sc_hd__or3b_1'
Circuit sky130_fd_sc_hd__or3b_1 contains 0 device instances.
Circuit contains 0 nets, and 8 disconnected pins.
Contents of circuit 2:  Circuit: 'sky130_fd_sc_hd__or3b_1'
Circuit sky130_fd_sc_hd__or3b_1 contains 10 device instances.
  Class: sky130_fd_pr__nfet_01v8 instances:   5
  Class: sky130_fd_pr__pfet_01v8_hvt instances:   5
Circuit contains 12 nets.

Circuit sky130_fd_sc_hd__or3b_1 contains no devices.

Contents of circuit 1:  Circuit: 'sky130_fd_sc_hd__and3b_4'
Circuit sky130_fd_sc_hd__and3b_4 contains 0 device instances.
Circuit contains 0 nets, and 8 disconnected pins.
Contents of circuit 2:  Circuit: 'sky130_fd_sc_hd__and3b_4'
Circuit sky130_fd_sc_hd__and3b_4 contains 16 device instances.
  Class: sky130_fd_pr__nfet_01v8 instances:   8
  Class: sky130_fd_pr__pfet_01v8_hvt instances:   8
Circuit contains 12 nets.

Circuit sky130_fd_sc_hd__and3b_4 contains no devices.

Contents of circuit 1:  Circuit: 'sky130_fd_sc_hd__nand2_8'
Circuit sky130_fd_sc_hd__nand2_8 contains 0 device instances.
Circuit contains 0 nets, and 7 disconnected pins.
Contents of circuit 2:  Circuit: 'sky130_fd_sc_hd__nand2_8'
Circuit sky130_fd_sc_hd__nand2_8 contains 32 device instances.
  Class: sky130_fd_pr__nfet_01v8 instances:  16
  Class: sky130_fd_pr__pfet_01v8_hvt instances:  16
Circuit contains 8 nets.

Circuit sky130_fd_sc_hd__nand2_8 contains no devices.

Contents of circuit 1:  Circuit: 'sky130_fd_sc_hd__dfrtp_1'
Circuit sky130_fd_sc_hd__dfrtp_1 contains 0 device instances.
Circuit contains 0 nets, and 8 disconnected pins.
Contents of circuit 2:  Circuit: 'sky130_fd_sc_hd__dfrtp_1'
Circuit sky130_fd_sc_hd__dfrtp_1 contains 28 device instances.
  Class: sky130_fd_pr__nfet_01v8 instances:  10
  Class: sky130_fd_pr__pfet_01v8_hvt instances:  14
  Class: sky130_fd_pr__special_nfet_01v8 instances:   4
Circuit contains 21 nets.

Circuit sky130_fd_sc_hd__dfrtp_1 contains no devices.

Contents of circuit 1:  Circuit: 'sky130_fd_sc_hd__dfrtp_4'
Circuit sky130_fd_sc_hd__dfrtp_4 contains 0 device instances.
Circuit contains 0 nets, and 8 disconnected pins.
Contents of circuit 2:  Circuit: 'sky130_fd_sc_hd__dfrtp_4'
Circuit sky130_fd_sc_hd__dfrtp_4 contains 34 device instances.
  Class: sky130_fd_pr__nfet_01v8 instances:  13
  Class: sky130_fd_pr__pfet_01v8_hvt instances:  17
  Class: sky130_fd_pr__special_nfet_01v8 instances:   4
Circuit contains 21 nets.

Circuit sky130_fd_sc_hd__dfrtp_4 contains no devices.

Contents of circuit 1:  Circuit: 'sky130_fd_sc_hd__inv_16'
Circuit sky130_fd_sc_hd__inv_16 contains 0 device instances.
Circuit contains 0 nets, and 6 disconnected pins.
Contents of circuit 2:  Circuit: 'sky130_fd_sc_hd__inv_16'
Circuit sky130_fd_sc_hd__inv_16 contains 32 device instances.
  Class: sky130_fd_pr__nfet_01v8 instances:  16
  Class: sky130_fd_pr__pfet_01v8_hvt instances:  16
Circuit contains 6 nets.

Circuit sky130_fd_sc_hd__inv_16 contains no devices.

Contents of circuit 1:  Circuit: 'sky130_fd_sc_hd__dfstp_1'
Circuit sky130_fd_sc_hd__dfstp_1 contains 0 device instances.
Circuit contains 0 nets, and 8 disconnected pins.
Contents of circuit 2:  Circuit: 'sky130_fd_sc_hd__dfstp_1'
Circuit sky130_fd_sc_hd__dfstp_1 contains 32 device instances.
  Class: sky130_fd_pr__nfet_01v8 instances:  14
  Class: sky130_fd_pr__pfet_01v8_hvt instances:  16
  Class: sky130_fd_pr__special_nfet_01v8 instances:   2
Circuit contains 24 nets.

Circuit sky130_fd_sc_hd__dfstp_1 contains no devices.

Contents of circuit 1:  Circuit: 'sky130_fd_sc_hd__dlygate4sd1_1'
Circuit sky130_fd_sc_hd__dlygate4sd1_1 contains 0 device instances.
Circuit contains 0 nets, and 6 disconnected pins.
Contents of circuit 2:  Circuit: 'sky130_fd_sc_hd__dlygate4sd1_1'
Circuit sky130_fd_sc_hd__dlygate4sd1_1 contains 8 device instances.
  Class: sky130_fd_pr__nfet_01v8 instances:   4
  Class: sky130_fd_pr__pfet_01v8_hvt instances:   4
Circuit contains 9 nets.

Circuit sky130_fd_sc_hd__dlygate4sd1_1 contains no devices.

Contents of circuit 1:  Circuit: 'sky130_fd_sc_hd__o41a_1'
Circuit sky130_fd_sc_hd__o41a_1 contains 0 device instances.
Circuit contains 0 nets, and 10 disconnected pins.
Contents of circuit 2:  Circuit: 'sky130_fd_sc_hd__o41a_1'
Circuit sky130_fd_sc_hd__o41a_1 contains 12 device instances.
  Class: sky130_fd_pr__nfet_01v8 instances:   6
  Class: sky130_fd_pr__pfet_01v8_hvt instances:   6
Circuit contains 15 nets.

Circuit sky130_fd_sc_hd__o41a_1 contains no devices.

Contents of circuit 1:  Circuit: 'cache_controller'
Circuit cache_controller contains 30859 device instances.
  Class: sky130_fd_sc_hd__bufinv_16 instances:  29
  Class: sky130_fd_sc_hd__a31o_1 instances:   8
  Class: sky130_fd_sc_hd__a21o_1 instances: 100
  Class: sky130_fd_sc_hd__clkbuf_16 instances:  33
  Class: sky130_fd_sc_hd__dfxtp_1 instances: 3102
  Class: sky130_fd_sc_hd__dfxtp_2 instances:   9
  Class: sky130_fd_sc_hd__o31ai_2 instances:   1
  Class: sky130_fd_sc_hd__or4_1 instances:  48
  Class: sky130_fd_sc_hd__or4_4 instances:   7
  Class: sky130_fd_sc_hd__a31oi_2 instances:   1
  Class: sky130_fd_sc_hd__buf_1 instances:  92
  Class: sky130_fd_sc_hd__buf_2 instances: 229
  Class: sky130_fd_sc_hd__buf_4 instances: 308
  Class: sky130_fd_sc_hd__buf_6 instances:  30
  Class: sky130_fd_sc_hd__buf_8 instances:   7
  Class: sky130_fd_sc_hd__and3b_1 instances:   1
  Class: sky130_fd_sc_hd__and3b_4 instances:   1
  Class: sky130_fd_sc_hd__xor2_1 instances:  14
  Class: sky130_fd_sc_hd__xor2_2 instances:   3
  Class: sky130_fd_sc_hd__dfstp_1 instances:   1
  Class: sky130_ef_sc_hd__decap_12 instances: 2433
  Class: sky130_fd_sc_hd__dfrtp_1 instances:   4
  Class: sky130_fd_sc_hd__dfrtp_4 instances:   1
  Class: sky130_fd_sc_hd__inv_2 instances:  19
  Class: sky130_fd_sc_hd__inv_6 instances:  51
  Class: sky130_fd_sc_hd__inv_8 instances:  30
  Class: sky130_fd_sc_hd__clkbuf_1 instances: 140
  Class: sky130_fd_sc_hd__clkbuf_2 instances: 301
  Class: sky130_fd_sc_hd__clkbuf_4 instances: 402
  Class: sky130_fd_sc_hd__clkbuf_8 instances: 412
  Class: sky130_fd_sc_hd__or3_1 instances:  25
  Class: sky130_fd_sc_hd__and2b_1 instances:  72
  Class: sky130_fd_sc_hd__and2b_2 instances:   1
  Class: sky130_fd_sc_hd__and2b_4 instances:   2
  Class: sky130_fd_sc_hd__a21boi_1 instances:   1
  Class: sky130_fd_sc_hd__buf_12 instances:   7
  Class: sky130_fd_sc_hd__clkinv_2 instances:  23
  Class: sky130_fd_sc_hd__clkinv_4 instances:  24
  Class: sky130_fd_sc_hd__clkinv_8 instances:  11
  Class: sky130_fd_sc_hd__and3_1 instances:  25
  Class: sky130_fd_sc_hd__and3_4 instances:   1
  Class: sky130_fd_sc_hd__a2111o_1 instances:   8
  Class: sky130_fd_sc_hd__decap_3 instances: 1804
  Class: sky130_fd_sc_hd__decap_4 instances: 1782
  Class: sky130_fd_sc_hd__decap_6 instances: 1220
  Class: sky130_fd_sc_hd__decap_8 instances: 1087
  Class: sky130_fd_sc_hd__dlygate4sd3_1 instances: 2933
  Class: sky130_fd_sc_hd__or2_1 instances: 194
  Class: sky130_fd_sc_hd__or2_2 instances:  17
  Class: sky130_fd_sc_hd__or2_4 instances:   1
  Class: sky130_fd_sc_hd__nand2_1 instances:  16
  Class: sky130_fd_sc_hd__nand2_2 instances:   7
  Class: sky130_fd_sc_hd__nand2_8 instances:   1
  Class: sky130_fd_sc_hd__mux2_1 instances: 2962
  Class: sky130_fd_sc_hd__and2_1 instances:  69
  Class: sky130_fd_sc_hd__and2_2 instances:   8
  Class: sky130_fd_sc_hd__and2_4 instances:   5
  Class: sky130_fd_sc_hd__or4b_1 instances:  11
  Class: sky130_fd_sc_hd__or4b_4 instances:   3
  Class: sky130_fd_sc_hd__clkinvlp_4 instances:  31
  Class: sky130_fd_sc_hd__nor4_1 instances:   2
  Class: sky130_fd_sc_hd__nor4_2 instances:   1
  Class: sky130_fd_sc_hd__nor4_4 instances:   1
  Class: sky130_fd_sc_hd__inv_12 instances:   4
  Class: sky130_fd_sc_hd__inv_16 instances:   1
  Class: sky130_fd_sc_hd__xnor2_1 instances:   1
  Class: sky130_fd_sc_hd__nand2b_1 instances:  20
  Class: sky130_fd_sc_hd__nand2b_2 instances:   2
  Class: sky130_fd_sc_hd__nand2b_4 instances:   4
  Class: sky130_fd_sc_hd__diode_2 instances:  93
  Class: sky130_fd_sc_hd__a221o_1 instances: 742
  Class: sky130_fd_sc_hd__a221o_2 instances:  12
  Class: sky130_fd_sc_hd__a221o_4 instances:   3
  Class: sky130_fd_sc_hd__a211o_1 instances:   4
  Class: sky130_fd_sc_hd__or3b_1 instances:   2
  Class: sky130_fd_sc_hd__dlymetal6s2s_1 instances:  57
  Class: sky130_fd_sc_hd__o41a_1 instances:   1
  Class: sky130_fd_sc_hd__dlygate4sd1_1 instances:   4
  Class: sky130_fd_sc_hd__a22o_1 instances: 1253
  Class: sky130_fd_sc_hd__o31a_1 instances:   4
  Class: sky130_fd_sc_hd__o21a_1 instances:  64
  Class: sky130_fd_sc_hd__o21ai_1 instances:   3
  Class: sky130_fd_sc_hd__tapvpwrvgnd_1 instances: 3553
  Class: sky130_fd_sc_hd__fill_1 instances: 3292
  Class: sky130_fd_sc_hd__fill_2 instances: 1546
  Class: sky130_fd_sc_hd__nor2_1 instances:  20
  Class: sky130_fd_sc_hd__nor2_2 instances:   1
  Class: sky130_fd_sc_hd__nor2_4 instances:   1
Circuit contains 14216 nets.
Contents of circuit 2:  Circuit: 'cache_controller'
Circuit cache_controller contains 30859 device instances.
  Class: sky130_fd_sc_hd__bufinv_16 instances:  29
  Class: sky130_fd_sc_hd__a31o_1 instances:   8
  Class: sky130_fd_sc_hd__a21o_1 instances: 100
  Class: sky130_fd_sc_hd__clkbuf_16 instances:  33
  Class: sky130_fd_sc_hd__dfxtp_1 instances: 3102
  Class: sky130_fd_sc_hd__dfxtp_2 instances:   9
  Class: sky130_fd_sc_hd__o31ai_2 instances:   1
  Class: sky130_fd_sc_hd__or4_1 instances:  48
  Class: sky130_fd_sc_hd__or4_4 instances:   7
  Class: sky130_fd_sc_hd__a31oi_2 instances:   1
  Class: sky130_fd_sc_hd__buf_1 instances:  92
  Class: sky130_fd_sc_hd__buf_2 instances: 229
  Class: sky130_fd_sc_hd__buf_4 instances: 308
  Class: sky130_fd_sc_hd__buf_6 instances:  30
  Class: sky130_fd_sc_hd__buf_8 instances:   7
  Class: sky130_fd_sc_hd__and3b_1 instances:   1
  Class: sky130_fd_sc_hd__and3b_4 instances:   1
  Class: sky130_fd_sc_hd__xor2_1 instances:  14
  Class: sky130_fd_sc_hd__xor2_2 instances:   3
  Class: sky130_fd_sc_hd__dfstp_1 instances:   1
  Class: sky130_ef_sc_hd__decap_12 instances: 2433
  Class: sky130_fd_sc_hd__dfrtp_1 instances:   4
  Class: sky130_fd_sc_hd__dfrtp_4 instances:   1
  Class: sky130_fd_sc_hd__inv_2 instances:  19
  Class: sky130_fd_sc_hd__inv_6 instances:  51
  Class: sky130_fd_sc_hd__inv_8 instances:  30
  Class: sky130_fd_sc_hd__clkbuf_1 instances: 140
  Class: sky130_fd_sc_hd__clkbuf_2 instances: 301
  Class: sky130_fd_sc_hd__clkbuf_4 instances: 402
  Class: sky130_fd_sc_hd__clkbuf_8 instances: 412
  Class: sky130_fd_sc_hd__or3_1 instances:  25
  Class: sky130_fd_sc_hd__and2b_1 instances:  72
  Class: sky130_fd_sc_hd__and2b_2 instances:   1
  Class: sky130_fd_sc_hd__and2b_4 instances:   2
  Class: sky130_fd_sc_hd__a21boi_1 instances:   1
  Class: sky130_fd_sc_hd__buf_12 instances:   7
  Class: sky130_fd_sc_hd__clkinv_2 instances:  23
  Class: sky130_fd_sc_hd__clkinv_4 instances:  24
  Class: sky130_fd_sc_hd__clkinv_8 instances:  11
  Class: sky130_fd_sc_hd__and3_1 instances:  25
  Class: sky130_fd_sc_hd__and3_4 instances:   1
  Class: sky130_fd_sc_hd__a2111o_1 instances:   8
  Class: sky130_fd_sc_hd__decap_3 instances: 1804
  Class: sky130_fd_sc_hd__decap_4 instances: 1782
  Class: sky130_fd_sc_hd__decap_6 instances: 1220
  Class: sky130_fd_sc_hd__decap_8 instances: 1087
  Class: sky130_fd_sc_hd__dlygate4sd3_1 instances: 2933
  Class: sky130_fd_sc_hd__or2_1 instances: 194
  Class: sky130_fd_sc_hd__or2_2 instances:  17
  Class: sky130_fd_sc_hd__or2_4 instances:   1
  Class: sky130_fd_sc_hd__nand2_1 instances:  16
  Class: sky130_fd_sc_hd__nand2_2 instances:   7
  Class: sky130_fd_sc_hd__nand2_8 instances:   1
  Class: sky130_fd_sc_hd__mux2_1 instances: 2962
  Class: sky130_fd_sc_hd__and2_1 instances:  69
  Class: sky130_fd_sc_hd__and2_2 instances:   8
  Class: sky130_fd_sc_hd__and2_4 instances:   5
  Class: sky130_fd_sc_hd__or4b_1 instances:  11
  Class: sky130_fd_sc_hd__or4b_4 instances:   3
  Class: sky130_fd_sc_hd__clkinvlp_4 instances:  31
  Class: sky130_fd_sc_hd__nor4_1 instances:   2
  Class: sky130_fd_sc_hd__nor4_2 instances:   1
  Class: sky130_fd_sc_hd__nor4_4 instances:   1
  Class: sky130_fd_sc_hd__inv_12 instances:   4
  Class: sky130_fd_sc_hd__inv_16 instances:   1
  Class: sky130_fd_sc_hd__xnor2_1 instances:   1
  Class: sky130_fd_sc_hd__nand2b_1 instances:  20
  Class: sky130_fd_sc_hd__nand2b_2 instances:   2
  Class: sky130_fd_sc_hd__nand2b_4 instances:   4
  Class: sky130_fd_sc_hd__diode_2 instances:  93
  Class: sky130_fd_sc_hd__a221o_1 instances: 742
  Class: sky130_fd_sc_hd__a221o_2 instances:  12
  Class: sky130_fd_sc_hd__a221o_4 instances:   3
  Class: sky130_fd_sc_hd__a211o_1 instances:   4
  Class: sky130_fd_sc_hd__or3b_1 instances:   2
  Class: sky130_fd_sc_hd__dlymetal6s2s_1 instances:  57
  Class: sky130_fd_sc_hd__o41a_1 instances:   1
  Class: sky130_fd_sc_hd__dlygate4sd1_1 instances:   4
  Class: sky130_fd_sc_hd__a22o_1 instances: 1253
  Class: sky130_fd_sc_hd__o31a_1 instances:   4
  Class: sky130_fd_sc_hd__o21a_1 instances:  64
  Class: sky130_fd_sc_hd__o21ai_1 instances:   3
  Class: sky130_fd_sc_hd__tapvpwrvgnd_1 instances: 3553
  Class: sky130_fd_sc_hd__fill_1 instances: 3292
  Class: sky130_fd_sc_hd__fill_2 instances: 1546
  Class: sky130_fd_sc_hd__nor2_1 instances:  20
  Class: sky130_fd_sc_hd__nor2_2 instances:   1
  Class: sky130_fd_sc_hd__nor2_4 instances:   1
Circuit contains 14216 nets.

Circuit was modified by parallel/series device merging.
New circuit summary:

Contents of circuit 1:  Circuit: 'cache_controller'
Circuit cache_controller contains 14129 device instances.
  Class: sky130_fd_sc_hd__bufinv_16 instances:  29
  Class: sky130_fd_sc_hd__a31o_1 instances:   8
  Class: sky130_fd_sc_hd__a21o_1 instances: 100
  Class: sky130_fd_sc_hd__clkbuf_16 instances:  33
  Class: sky130_fd_sc_hd__dfxtp_1 instances: 3102
  Class: sky130_fd_sc_hd__dfxtp_2 instances:   9
  Class: sky130_fd_sc_hd__o31ai_2 instances:   1
  Class: sky130_fd_sc_hd__or4_1 instances:  48
  Class: sky130_fd_sc_hd__or4_4 instances:   7
  Class: sky130_fd_sc_hd__a31oi_2 instances:   1
  Class: sky130_fd_sc_hd__buf_1 instances:  92
  Class: sky130_fd_sc_hd__buf_2 instances: 229
  Class: sky130_fd_sc_hd__buf_4 instances: 308
  Class: sky130_fd_sc_hd__buf_6 instances:  30
  Class: sky130_fd_sc_hd__buf_8 instances:   7
  Class: sky130_fd_sc_hd__and3b_1 instances:   1
  Class: sky130_fd_sc_hd__and3b_4 instances:   1
  Class: sky130_fd_sc_hd__xor2_1 instances:  14
  Class: sky130_fd_sc_hd__xor2_2 instances:   3
  Class: sky130_fd_sc_hd__dfstp_1 instances:   1
  Class: sky130_ef_sc_hd__decap_12 instances:   1
  Class: sky130_fd_sc_hd__dfrtp_1 instances:   4
  Class: sky130_fd_sc_hd__dfrtp_4 instances:   1
  Class: sky130_fd_sc_hd__inv_2 instances:  19
  Class: sky130_fd_sc_hd__inv_6 instances:  51
  Class: sky130_fd_sc_hd__inv_8 instances:  30
  Class: sky130_fd_sc_hd__clkbuf_1 instances: 140
  Class: sky130_fd_sc_hd__clkbuf_2 instances: 301
  Class: sky130_fd_sc_hd__clkbuf_4 instances: 402
  Class: sky130_fd_sc_hd__clkbuf_8 instances: 412
  Class: sky130_fd_sc_hd__or3_1 instances:  25
  Class: sky130_fd_sc_hd__and2b_1 instances:  72
  Class: sky130_fd_sc_hd__and2b_2 instances:   1
  Class: sky130_fd_sc_hd__and2b_4 instances:   2
  Class: sky130_fd_sc_hd__a21boi_1 instances:   1
  Class: sky130_fd_sc_hd__buf_12 instances:   7
  Class: sky130_fd_sc_hd__clkinv_2 instances:  23
  Class: sky130_fd_sc_hd__clkinv_4 instances:  24
  Class: sky130_fd_sc_hd__clkinv_8 instances:  11
  Class: sky130_fd_sc_hd__and3_1 instances:  25
  Class: sky130_fd_sc_hd__and3_4 instances:   1
  Class: sky130_fd_sc_hd__a2111o_1 instances:   8
  Class: sky130_fd_sc_hd__decap_3 instances:   1
  Class: sky130_fd_sc_hd__decap_4 instances:   1
  Class: sky130_fd_sc_hd__decap_6 instances:   1
  Class: sky130_fd_sc_hd__decap_8 instances:   1
  Class: sky130_fd_sc_hd__dlygate4sd3_1 instances: 2933
  Class: sky130_fd_sc_hd__or2_1 instances: 194
  Class: sky130_fd_sc_hd__or2_2 instances:  17
  Class: sky130_fd_sc_hd__or2_4 instances:   1
  Class: sky130_fd_sc_hd__nand2_1 instances:  16
  Class: sky130_fd_sc_hd__nand2_2 instances:   7
  Class: sky130_fd_sc_hd__nand2_8 instances:   1
  Class: sky130_fd_sc_hd__mux2_1 instances: 2962
  Class: sky130_fd_sc_hd__and2_1 instances:  69
  Class: sky130_fd_sc_hd__and2_2 instances:   8
  Class: sky130_fd_sc_hd__and2_4 instances:   5
  Class: sky130_fd_sc_hd__or4b_1 instances:  11
  Class: sky130_fd_sc_hd__or4b_4 instances:   3
  Class: sky130_fd_sc_hd__clkinvlp_4 instances:  31
  Class: sky130_fd_sc_hd__nor4_1 instances:   2
  Class: sky130_fd_sc_hd__nor4_2 instances:   1
  Class: sky130_fd_sc_hd__nor4_4 instances:   1
  Class: sky130_fd_sc_hd__inv_12 instances:   4
  Class: sky130_fd_sc_hd__inv_16 instances:   1
  Class: sky130_fd_sc_hd__xnor2_1 instances:   1
  Class: sky130_fd_sc_hd__nand2b_1 instances:  20
  Class: sky130_fd_sc_hd__nand2b_2 instances:   2
  Class: sky130_fd_sc_hd__nand2b_4 instances:   4
  Class: sky130_fd_sc_hd__diode_2 instances:  72
  Class: sky130_fd_sc_hd__a221o_1 instances: 742
  Class: sky130_fd_sc_hd__a221o_2 instances:  12
  Class: sky130_fd_sc_hd__a221o_4 instances:   3
  Class: sky130_fd_sc_hd__a211o_1 instances:   4
  Class: sky130_fd_sc_hd__or3b_1 instances:   2
  Class: sky130_fd_sc_hd__dlymetal6s2s_1 instances:  57
  Class: sky130_fd_sc_hd__o41a_1 instances:   1
  Class: sky130_fd_sc_hd__dlygate4sd1_1 instances:   4
  Class: sky130_fd_sc_hd__a22o_1 instances: 1253
  Class: sky130_fd_sc_hd__o31a_1 instances:   4
  Class: sky130_fd_sc_hd__o21a_1 instances:  64
  Class: sky130_fd_sc_hd__o21ai_1 instances:   3
  Class: sky130_fd_sc_hd__tapvpwrvgnd_1 instances:   1
  Class: sky130_fd_sc_hd__fill_1 instances:   1
  Class: sky130_fd_sc_hd__fill_2 instances:   1
  Class: sky130_fd_sc_hd__nor2_1 instances:  20
  Class: sky130_fd_sc_hd__nor2_2 instances:   1
  Class: sky130_fd_sc_hd__nor2_4 instances:   1
Circuit contains 14216 nets.
Contents of circuit 2:  Circuit: 'cache_controller'
Circuit cache_controller contains 14129 device instances.
  Class: sky130_fd_sc_hd__bufinv_16 instances:  29
  Class: sky130_fd_sc_hd__a31o_1 instances:   8
  Class: sky130_fd_sc_hd__a21o_1 instances: 100
  Class: sky130_fd_sc_hd__clkbuf_16 instances:  33
  Class: sky130_fd_sc_hd__dfxtp_1 instances: 3102
  Class: sky130_fd_sc_hd__dfxtp_2 instances:   9
  Class: sky130_fd_sc_hd__o31ai_2 instances:   1
  Class: sky130_fd_sc_hd__or4_1 instances:  48
  Class: sky130_fd_sc_hd__or4_4 instances:   7
  Class: sky130_fd_sc_hd__a31oi_2 instances:   1
  Class: sky130_fd_sc_hd__buf_1 instances:  92
  Class: sky130_fd_sc_hd__buf_2 instances: 229
  Class: sky130_fd_sc_hd__buf_4 instances: 308
  Class: sky130_fd_sc_hd__buf_6 instances:  30
  Class: sky130_fd_sc_hd__buf_8 instances:   7
  Class: sky130_fd_sc_hd__and3b_1 instances:   1
  Class: sky130_fd_sc_hd__and3b_4 instances:   1
  Class: sky130_fd_sc_hd__xor2_1 instances:  14
  Class: sky130_fd_sc_hd__xor2_2 instances:   3
  Class: sky130_fd_sc_hd__dfstp_1 instances:   1
  Class: sky130_ef_sc_hd__decap_12 instances:   1
  Class: sky130_fd_sc_hd__dfrtp_1 instances:   4
  Class: sky130_fd_sc_hd__dfrtp_4 instances:   1
  Class: sky130_fd_sc_hd__inv_2 instances:  19
  Class: sky130_fd_sc_hd__inv_6 instances:  51
  Class: sky130_fd_sc_hd__inv_8 instances:  30
  Class: sky130_fd_sc_hd__clkbuf_1 instances: 140
  Class: sky130_fd_sc_hd__clkbuf_2 instances: 301
  Class: sky130_fd_sc_hd__clkbuf_4 instances: 402
  Class: sky130_fd_sc_hd__clkbuf_8 instances: 412
  Class: sky130_fd_sc_hd__or3_1 instances:  25
  Class: sky130_fd_sc_hd__and2b_1 instances:  72
  Class: sky130_fd_sc_hd__and2b_2 instances:   1
  Class: sky130_fd_sc_hd__and2b_4 instances:   2
  Class: sky130_fd_sc_hd__a21boi_1 instances:   1
  Class: sky130_fd_sc_hd__buf_12 instances:   7
  Class: sky130_fd_sc_hd__clkinv_2 instances:  23
  Class: sky130_fd_sc_hd__clkinv_4 instances:  24
  Class: sky130_fd_sc_hd__clkinv_8 instances:  11
  Class: sky130_fd_sc_hd__and3_1 instances:  25
  Class: sky130_fd_sc_hd__and3_4 instances:   1
  Class: sky130_fd_sc_hd__a2111o_1 instances:   8
  Class: sky130_fd_sc_hd__decap_3 instances:   1
  Class: sky130_fd_sc_hd__decap_4 instances:   1
  Class: sky130_fd_sc_hd__decap_6 instances:   1
  Class: sky130_fd_sc_hd__decap_8 instances:   1
  Class: sky130_fd_sc_hd__dlygate4sd3_1 instances: 2933
  Class: sky130_fd_sc_hd__or2_1 instances: 194
  Class: sky130_fd_sc_hd__or2_2 instances:  17
  Class: sky130_fd_sc_hd__or2_4 instances:   1
  Class: sky130_fd_sc_hd__nand2_1 instances:  16
  Class: sky130_fd_sc_hd__nand2_2 instances:   7
  Class: sky130_fd_sc_hd__nand2_8 instances:   1
  Class: sky130_fd_sc_hd__mux2_1 instances: 2962
  Class: sky130_fd_sc_hd__and2_1 instances:  69
  Class: sky130_fd_sc_hd__and2_2 instances:   8
  Class: sky130_fd_sc_hd__and2_4 instances:   5
  Class: sky130_fd_sc_hd__or4b_1 instances:  11
  Class: sky130_fd_sc_hd__or4b_4 instances:   3
  Class: sky130_fd_sc_hd__clkinvlp_4 instances:  31
  Class: sky130_fd_sc_hd__nor4_1 instances:   2
  Class: sky130_fd_sc_hd__nor4_2 instances:   1
  Class: sky130_fd_sc_hd__nor4_4 instances:   1
  Class: sky130_fd_sc_hd__inv_12 instances:   4
  Class: sky130_fd_sc_hd__inv_16 instances:   1
  Class: sky130_fd_sc_hd__xnor2_1 instances:   1
  Class: sky130_fd_sc_hd__nand2b_1 instances:  20
  Class: sky130_fd_sc_hd__nand2b_2 instances:   2
  Class: sky130_fd_sc_hd__nand2b_4 instances:   4
  Class: sky130_fd_sc_hd__diode_2 instances:  72
  Class: sky130_fd_sc_hd__a221o_1 instances: 742
  Class: sky130_fd_sc_hd__a221o_2 instances:  12
  Class: sky130_fd_sc_hd__a221o_4 instances:   3
  Class: sky130_fd_sc_hd__a211o_1 instances:   4
  Class: sky130_fd_sc_hd__or3b_1 instances:   2
  Class: sky130_fd_sc_hd__dlymetal6s2s_1 instances:  57
  Class: sky130_fd_sc_hd__o41a_1 instances:   1
  Class: sky130_fd_sc_hd__dlygate4sd1_1 instances:   4
  Class: sky130_fd_sc_hd__a22o_1 instances: 1253
  Class: sky130_fd_sc_hd__o31a_1 instances:   4
  Class: sky130_fd_sc_hd__o21a_1 instances:  64
  Class: sky130_fd_sc_hd__o21ai_1 instances:   3
  Class: sky130_fd_sc_hd__tapvpwrvgnd_1 instances:   1
  Class: sky130_fd_sc_hd__fill_1 instances:   1
  Class: sky130_fd_sc_hd__fill_2 instances:   1
  Class: sky130_fd_sc_hd__nor2_1 instances:  20
  Class: sky130_fd_sc_hd__nor2_2 instances:   1
  Class: sky130_fd_sc_hd__nor2_4 instances:   1
Circuit contains 14216 nets.

Circuit 1 contains 14129 devices, Circuit 2 contains 14129 devices.
Circuit 1 contains 14216 nets,    Circuit 2 contains 14216 nets.


Final result: 
Circuits match uniquely.
.
Logging to file "/mnt/c/Users/User/Desktop/Cache_Controller/runs/RUN_2025-11-08_22-02-17/68-netgen-lvs/reports/lvs.netgen.rpt" disabled
LVS Done.
