Clock: clk
Sources: clk 
Generated: no
Virtual: yes
Propagated: no
Period: 10.000000

===========================================================================
report_clock_properties
============================================================================
Clock                   Period          Waveform
----------------------------------------------------
clk                  10.000000    0.000000  5.000000

===========================================================================
report_clock_latency
============================================================================
Clock clk
rise -> rise
    min     max
0.000000 0.000000 source latency
1.851749         network latency _12218_/CLK
        2.213431 network latency _11568_/CLK
---------------
1.851749 2.213431 latency
        0.361682 skew

fall -> fall
    min     max
0.000000 0.000000 source latency
1.525319         network latency _12218_/CLK
        1.865276 network latency _11568_/CLK
---------------
1.525319 1.865276 latency
        0.339958 skew



===========================================================================
report_clock_min_period
============================================================================
clk period_min = 10.65 fmax = 93.86
