
===========================================================================
Violator List
============================================================================
[setup reg-out] _12197_/Q -> cpu_rdata[15] : -1.796668
[setup reg-out] _12197_/Q -> cpu_rdata[24] : -1.780003
[setup reg-out] _12197_/Q -> cpu_rdata[42] : -1.777843
[setup reg-out] _12197_/Q -> cpu_rdata[49] : -1.774963
[setup reg-out] _12197_/Q -> cpu_rdata[33] : -1.772244
[setup reg-out] _12197_/Q -> cpu_rdata[9] : -1.768765
[setup reg-out] _12197_/Q -> cpu_rdata[19] : -1.767357
[setup reg-out] _12197_/Q -> cpu_rdata[38] : -1.767154
[setup reg-out] _12197_/Q -> cpu_rdata[4] : -1.757601
[setup reg-out] _12197_/Q -> cpu_rdata[30] : -1.752018
[setup reg-out] _12197_/Q -> cpu_rdata[21] : -1.520474
[setup reg-out] _12197_/Q -> cpu_rdata[16] : -1.519222
[setup reg-out] _12197_/Q -> cpu_rdata[61] : -1.517379
[setup reg-out] _12197_/Q -> cpu_rdata[52] : -1.515179
[setup reg-out] _12197_/Q -> cpu_rdata[2] : -1.513045
[setup reg-out] _12197_/Q -> cpu_rdata[57] : -1.502123
[setup reg-out] _12197_/Q -> cpu_rdata[27] : -1.501819
[setup reg-out] _12197_/Q -> cpu_rdata[54] : -1.497368
[setup reg-out] _12197_/Q -> cpu_rdata[63] : -1.494000
[setup reg-out] _12197_/Q -> cpu_rdata[37] : -1.490021
[setup reg-out] _12197_/Q -> cpu_rdata[41] : -1.481223
[setup reg-out] _12197_/Q -> cpu_rdata[39] : -1.436693
[setup reg-out] _12197_/Q -> cpu_rdata[29] : -1.436471
[setup reg-out] _12197_/Q -> cpu_rdata[59] : -1.419657
[setup reg-out] _12197_/Q -> cpu_rdata[51] : -1.419353
[setup reg-out] _12197_/Q -> cpu_rdata[43] : -1.415371
[setup reg-out] _12197_/Q -> cpu_rdata[1] : -1.411409
[setup reg-out] _12197_/Q -> cpu_rdata[47] : -1.411054
[setup reg-out] _12197_/Q -> cpu_rdata[48] : -1.410029
[setup reg-out] _12197_/Q -> cpu_rdata[25] : -1.405641
[setup reg-out] _12197_/Q -> cpu_rdata[3] : -1.403119
[setup reg-out] _12197_/Q -> cpu_rdata[31] : -1.400199
[setup reg-out] _12197_/Q -> cpu_rdata[53] : -1.398906
[setup reg-out] _12197_/Q -> cpu_rdata[6] : -1.389491
[setup reg-out] _12197_/Q -> cpu_rdata[32] : -1.389284
[setup reg-out] _12197_/Q -> cpu_rdata[26] : -1.382071
[setup reg-out] _12197_/Q -> cpu_rdata[35] : -1.375724
[setup reg-out] _12197_/Q -> cpu_rdata[14] : -1.370792
[setup reg-out] _12197_/Q -> cpu_rdata[11] : -1.362124
[setup reg-out] _12197_/Q -> cpu_rdata[13] : -1.335089
[setup reg-out] _12197_/Q -> cpu_rdata[23] : -1.305278
[setup reg-out] _12197_/Q -> cpu_rdata[46] : -1.284850
[setup reg-out] _12197_/Q -> cpu_rdata[50] : -1.278791
[setup reg-out] _12197_/Q -> cpu_rdata[60] : -1.150412
[setup reg-out] _12197_/Q -> cpu_rdata[12] : -1.143235
[setup reg-out] _12197_/Q -> cpu_rdata[7] : -1.137671
[setup reg-out] _12197_/Q -> cpu_rdata[36] : -1.128937
[setup reg-out] _12197_/Q -> cpu_rdata[40] : -1.118997
[setup reg-out] _12197_/Q -> cpu_rdata[58] : -1.053774
[setup reg-out] _12197_/Q -> cpu_rdata[5] : -1.019012
[setup reg-out] _12197_/Q -> cpu_rdata[17] : -1.004481
[setup reg-out] _12197_/Q -> cpu_rdata[45] : -1.001224
[setup reg-out] _12197_/Q -> cpu_rdata[28] : -0.993214
[setup reg-out] _12197_/Q -> cpu_rdata[34] : -0.993158
[setup reg-out] _12197_/Q -> cpu_rdata[18] : -0.985679
[setup reg-out] _12197_/Q -> cpu_rdata[22] : -0.982495
[setup reg-out] _12197_/Q -> cpu_rdata[8] : -0.974264
[setup reg-out] _12197_/Q -> cpu_rdata[44] : -0.937903
[setup reg-out] _12197_/Q -> cpu_rdata[20] : -0.933094
[setup reg-out] _12197_/Q -> cpu_rdata[10] : -0.912247
[setup reg-out] _12197_/Q -> cpu_rdata[62] : -0.890917
[setup reg-out] _12227_/Q -> cpu_rdata[0] : -0.850045
[setup reg-reg] _12227_/Q -> _13155_/D : -0.654731
[setup reg-reg] _12227_/Q -> _13440_/D : -0.651196
[setup reg-reg] _12227_/Q -> _13442_/D : -0.650376
[setup reg-reg] _12227_/Q -> _13420_/D : -0.634704
[setup reg-reg] _12227_/Q -> _13145_/D : -0.633039
[setup reg-reg] _12227_/Q -> _13154_/D : -0.629266
[setup reg-out] _12197_/Q -> cpu_rdata[56] : -0.628703
[setup reg-reg] _12227_/Q -> _13147_/D : -0.624517
[setup reg-reg] _12227_/Q -> _13400_/D : -0.621957
[setup reg-reg] _12227_/Q -> _13151_/D : -0.621639
[setup reg-reg] _12227_/Q -> _13143_/D : -0.617554
[setup reg-reg] _12197_/Q -> _11424_/D : -0.607662
[setup reg-reg] _12197_/Q -> _11472_/D : -0.581644
[setup reg-reg] _12197_/Q -> _14097_/D : -0.577790
[setup reg-reg] _12197_/Q -> _11432_/D : -0.573440
[setup reg-reg] _12197_/Q -> _14171_/D : -0.564937
[setup reg-out] _12197_/Q -> cpu_rdata[55] : -0.564876
[setup reg-reg] _12197_/Q -> _11434_/D : -0.560926
[setup reg-reg] _12197_/Q -> _11416_/D : -0.555380
[setup reg-reg] _12197_/Q -> _14103_/D : -0.555325
[setup reg-reg] _12197_/Q -> _14161_/D : -0.554520
[setup reg-reg] _12197_/Q -> _11469_/D : -0.553279
[setup reg-reg] _12197_/Q -> _14167_/D : -0.551820
[setup reg-reg] _12197_/Q -> _11465_/D : -0.547765
[setup reg-reg] _12197_/Q -> _11463_/D : -0.545721
[setup reg-reg] _12197_/Q -> _14107_/D : -0.545199
[setup reg-reg] _12197_/Q -> _11448_/D : -0.540035
[setup reg-reg] _12197_/Q -> _14137_/D : -0.539164
[setup reg-reg] _12197_/Q -> _14182_/D : -0.539120
[setup reg-reg] _12197_/Q -> _14117_/D : -0.534841
[setup reg-reg] _12197_/Q -> _14181_/D : -0.533360
[setup reg-reg] _12197_/Q -> _11474_/D : -0.532379
[setup reg-reg] _12197_/Q -> _14201_/D : -0.524479
[setup reg-reg] _12197_/Q -> _14185_/D : -0.521712
[setup reg-reg] _12197_/Q -> _14176_/D : -0.519051
[setup reg-reg] _12197_/Q -> _14156_/D : -0.513555
[setup reg-reg] _12197_/Q -> _14190_/D : -0.507610
[setup reg-reg] _12197_/Q -> _14092_/D : -0.497852
[setup reg-reg] _12197_/Q -> _14121_/D : -0.494246
[setup reg-reg] _12197_/Q -> _14112_/D : -0.489567
[setup reg-reg] _12197_/Q -> _14118_/D : -0.486899
[setup reg-reg] _12197_/Q -> _14149_/D : -0.485575
[setup reg-reg] _12197_/Q -> _14126_/D : -0.481760
[setup reg-out] _14499_/Q -> mem_wdata[1] : -0.474238
[setup reg-out] _14499_/Q -> mem_wdata[56] : -0.472751
[setup reg-out] _14499_/Q -> mem_wdata[25] : -0.470037
[setup reg-reg] _12197_/Q -> _14093_/D : -0.469838
[setup reg-out] _14499_/Q -> mem_wdata[18] : -0.468929
[setup reg-out] _14499_/Q -> mem_wdata[53] : -0.468503
[setup reg-reg] _12227_/Q -> _13465_/D : -0.467557
[setup reg-reg] _12197_/Q -> _14146_/D : -0.460702
[setup reg-out] _14499_/Q -> mem_wdata[22] : -0.459204
[setup reg-out] _14499_/Q -> mem_wdata[6] : -0.458514
[setup reg-out] _14499_/Q -> mem_wdata[51] : -0.455969
[setup reg-reg] _12197_/Q -> _14140_/D : -0.455266
[setup reg-reg] _12197_/Q -> _14213_/D : -0.454724
[setup reg-out] _14499_/Q -> mem_wdata[28] : -0.454088
[setup reg-reg] _12197_/Q -> _14111_/D : -0.453471
[setup reg-reg] _12197_/Q -> _14101_/D : -0.450748
[setup reg-out] _14499_/Q -> mem_wdata[8] : -0.450202
[setup reg-reg] _12197_/Q -> _14204_/D : -0.444483
[setup reg-reg] _12197_/Q -> _14210_/D : -0.442545
[setup reg-reg] _12197_/Q -> _14125_/D : -0.438851
[setup reg-reg] _12197_/Q -> _14175_/D : -0.436874
[setup reg-reg] _12197_/Q -> _14104_/D : -0.436549
[setup reg-reg] _12197_/Q -> _14151_/D : -0.435280
[setup reg-reg] _12227_/Q -> _13453_/D : -0.432494
[setup reg-reg] _12197_/Q -> _14142_/D : -0.428416
[setup reg-reg] _12197_/Q -> _14157_/D : -0.426872
[setup reg-reg] _12197_/Q -> _14165_/D : -0.425564
[setup reg-reg] _12227_/Q -> _12744_/D : -0.417065
[setup reg-reg] _12227_/Q -> _13450_/D : -0.414833
[setup reg-reg] _12197_/Q -> _14189_/D : -0.413869
[setup reg-reg] _12197_/Q -> _14168_/D : -0.413795
[setup reg-reg] _12227_/Q -> _13445_/D : -0.412949
[setup reg-reg] _12197_/Q -> _14215_/D : -0.409757
[setup reg-reg] _12227_/Q -> _13456_/D : -0.409232
[setup reg-reg] _12227_/Q -> _14490_/D : -0.408288
[setup reg-reg] _12227_/Q -> _13459_/D : -0.408023
[setup reg-reg] _12227_/Q -> _13460_/D : -0.404220
[setup reg-reg] _12197_/Q -> _14206_/D : -0.404214
[setup reg-reg] _12227_/Q -> _14484_/D : -0.402115
[setup reg-reg] _12227_/Q -> _12771_/D : -0.402083
[setup reg-reg] _12227_/Q -> _13468_/D : -0.401031
[setup reg-reg] _12227_/Q -> _12777_/D : -0.400488
[setup reg-reg] _12227_/Q -> _12769_/D : -0.399972
[setup reg-reg] _12227_/Q -> _13447_/D : -0.397812
[setup reg-reg] _12227_/Q -> _13122_/D : -0.397304
[setup reg-reg] _12227_/Q -> _13448_/D : -0.395450
[setup reg-reg] _12227_/Q -> _13125_/D : -0.395392
[setup reg-reg] _12227_/Q -> _13124_/D : -0.393775
[setup reg-reg] _12227_/Q -> _12607_/D : -0.392677
[setup reg-reg] _12227_/Q -> _12772_/D : -0.391321
[setup reg-reg] _12227_/Q -> _13458_/D : -0.389983
[setup reg-reg] _12227_/Q -> _12746_/D : -0.389852
[setup reg-reg] _12227_/Q -> _12604_/D : -0.389780
[setup reg-reg] _12227_/Q -> _12757_/D : -0.389561
[setup reg-reg] _12227_/Q -> _12752_/D : -0.388975
[setup reg-reg] _12227_/Q -> _13123_/D : -0.388884
[setup reg-reg] _12227_/Q -> _13132_/D : -0.388458
[setup reg-reg] _12227_/Q -> _13463_/D : -0.387582
[setup reg-reg] _12227_/Q -> _12768_/D : -0.386603
[setup reg-out] _14499_/Q -> mem_wdata[3] : -0.386586
[setup reg-reg] _12227_/Q -> _13128_/D : -0.386217
[setup reg-reg] _12227_/Q -> _13376_/D : -0.386014
[setup reg-reg] _12227_/Q -> _13113_/D : -0.385540
[setup reg-reg] _12227_/Q -> _13114_/D : -0.385479
[setup reg-reg] _12227_/Q -> _13455_/D : -0.384995
[setup reg-reg] _12227_/Q -> _13119_/D : -0.384908
[setup reg-reg] _12227_/Q -> _12612_/D : -0.383711
[setup reg-reg] _12227_/Q -> _14482_/D : -0.382205
[setup reg-reg] _12227_/Q -> _12608_/D : -0.382028
[setup reg-reg] _12227_/Q -> _12774_/D : -0.381660
[setup reg-reg] _12227_/Q -> _13446_/D : -0.381346
[setup reg-reg] _12227_/Q -> _12603_/D : -0.380441
[setup reg-reg] _12227_/Q -> _13454_/D : -0.378002
[setup reg-reg] _12227_/Q -> _13121_/D : -0.377262
[setup reg-reg] _12227_/Q -> _13457_/D : -0.377099
[setup reg-reg] _12227_/Q -> _12593_/D : -0.376914
[setup reg-reg] _12227_/Q -> _12599_/D : -0.375766
[setup reg-reg] _12227_/Q -> _13461_/D : -0.375332
[setup reg-reg] _12227_/Q -> _12738_/D : -0.375265
[setup reg-reg] _12227_/Q -> _12733_/D : -0.375214
[setup reg-reg] _12227_/Q -> _12767_/D : -0.375098
[setup reg-reg] _12227_/Q -> _12980_/D : -0.374092
[setup reg-reg] _12227_/Q -> _13452_/D : -0.373750
[setup reg-reg] _12227_/Q -> _12776_/D : -0.373532
[setup reg-reg] _12227_/Q -> _12972_/D : -0.372824
[setup reg-reg] _12227_/Q -> _12770_/D : -0.372790
[setup reg-reg] _12227_/Q -> _12735_/D : -0.372017
[setup reg-reg] _12227_/Q -> _13127_/D : -0.371960
[setup reg-out] _14499_/Q -> mem_wdata[15] : -0.371683
[setup reg-reg] _12227_/Q -> _12758_/D : -0.368293
[setup reg-out] _14499_/Q -> mem_wdata[59] : -0.368278
[setup reg-reg] _12227_/Q -> _13379_/D : -0.368240
[setup reg-reg] _12227_/Q -> _12761_/D : -0.367858
[setup reg-reg] _12227_/Q -> _12597_/D : -0.367515
[setup reg-reg] _12227_/Q -> _12773_/D : -0.367431
[setup reg-reg] _12227_/Q -> _12750_/D : -0.367145
[setup reg-reg] _12227_/Q -> _12605_/D : -0.366521
[setup reg-reg] _12227_/Q -> _12747_/D : -0.366510
[setup reg-reg] _12227_/Q -> _13374_/D : -0.366024
[setup reg-reg] _12227_/Q -> _13444_/D : -0.365722
[setup reg-reg] _12227_/Q -> _12983_/D : -0.365687
[setup reg-reg] _12227_/Q -> _12760_/D : -0.365578
[setup reg-reg] _12227_/Q -> _13117_/D : -0.365359
[setup reg-reg] _12227_/Q -> _14487_/D : -0.365329
[setup reg-reg] _12227_/Q -> _13118_/D : -0.365029
[setup reg-reg] _12227_/Q -> _12742_/D : -0.364522
[setup reg-reg] _12227_/Q -> _12602_/D : -0.364510
[setup reg-reg] _12227_/Q -> _13116_/D : -0.363996
[setup reg-reg] _12227_/Q -> _13464_/D : -0.363481
[setup reg-reg] _12227_/Q -> _12743_/D : -0.363158
[setup reg-reg] _12227_/Q -> _13115_/D : -0.362252
[setup reg-reg] _12227_/Q -> _13130_/D : -0.361998
[setup reg-reg] _12227_/Q -> _12596_/D : -0.361965
[setup reg-reg] _12227_/Q -> _12748_/D : -0.361165
[setup reg-reg] _12227_/Q -> _12736_/D : -0.359947
[setup reg-out] _14499_/Q -> mem_wdata[29] : -0.359758
[setup reg-reg] _12227_/Q -> _13366_/D : -0.359461
[setup reg-reg] _12227_/Q -> _12763_/D : -0.359424
[setup reg-reg] _12227_/Q -> _13133_/D : -0.358506
[setup reg-reg] _12227_/Q -> _14483_/D : -0.358381
[setup reg-reg] _12227_/Q -> _12613_/D : -0.357828
[setup reg-reg] _12227_/Q -> _12780_/D : -0.357817
[setup reg-reg] _12227_/Q -> _12751_/D : -0.357562
[setup reg-reg] _12227_/Q -> _12745_/D : -0.357376
[setup reg-reg] _12227_/Q -> _13367_/D : -0.357362
[setup reg-reg] _12227_/Q -> _14486_/D : -0.357343
[setup reg-reg] _12227_/Q -> _13467_/D : -0.357075
[setup reg-reg] _12227_/Q -> _13361_/D : -0.354934
[setup reg-reg] _12227_/Q -> _12610_/D : -0.354128
[setup reg-reg] _12227_/Q -> _12594_/D : -0.354095
[setup reg-out] _14499_/Q -> mem_wdata[49] : -0.353809
[setup reg-reg] _12227_/Q -> _13449_/D : -0.353483
[setup reg-reg] _12227_/Q -> _13370_/D : -0.353262
[setup reg-reg] _12227_/Q -> _12732_/D : -0.352445
[setup reg-out] _14499_/Q -> mem_wdata[31] : -0.352439
[setup reg-reg] _12227_/Q -> _13355_/D : -0.351956
[setup reg-out] _14499_/Q -> mem_wdata[9] : -0.351749
[setup reg-out] _14499_/Q -> mem_wdata[43] : -0.351627
[setup reg-reg] _12227_/Q -> _12775_/D : -0.350703
[setup reg-out] _14499_/Q -> mem_wdata[14] : -0.350632
[setup reg-reg] _12227_/Q -> _13371_/D : -0.348606
[setup reg-reg] _12227_/Q -> _12755_/D : -0.348471
[setup reg-reg] _12227_/Q -> _13356_/D : -0.347291
[setup reg-reg] _12227_/Q -> _13365_/D : -0.346928
[setup reg-reg] _12227_/Q -> _12601_/D : -0.345199
[setup reg-reg] _12227_/Q -> _12963_/D : -0.343854
[setup reg-reg] _12227_/Q -> _12749_/D : -0.341899
[setup reg-reg] _12227_/Q -> _12598_/D : -0.341785
[setup reg-reg] _12227_/Q -> _13358_/D : -0.341324
[setup reg-reg] _12227_/Q -> _13364_/D : -0.340822
[setup reg-out] _14499_/Q -> mem_wdata[11] : -0.340646
[setup reg-reg] _12227_/Q -> _12759_/D : -0.339531
[setup reg-reg] _12227_/Q -> _13136_/D : -0.339236
[setup reg-reg] _12227_/Q -> _13369_/D : -0.338947
[setup reg-reg] _12227_/Q -> _12966_/D : -0.338716
[setup reg-reg] _12227_/Q -> _13359_/D : -0.338509
[setup reg-reg] _12227_/Q -> _12974_/D : -0.338340
[setup reg-reg] _12227_/Q -> _12595_/D : -0.337778
[setup reg-reg] _12227_/Q -> _12734_/D : -0.337137
[setup reg-reg] _12227_/Q -> _13372_/D : -0.336005
[setup reg-reg] _12227_/Q -> _12970_/D : -0.334178
[setup reg-reg] _12227_/Q -> _13378_/D : -0.333139
[setup reg-reg] _12227_/Q -> _13451_/D : -0.332379
[setup reg-reg] _12227_/Q -> _12964_/D : -0.330902
[setup reg-reg] _12227_/Q -> _12753_/D : -0.330732
[setup reg-reg] _12227_/Q -> _13368_/D : -0.330713
[setup reg-reg] _12227_/Q -> _12737_/D : -0.329979
[setup reg-reg] _12227_/Q -> _13932_/D : -0.329723
[setup reg-reg] _12227_/Q -> _13363_/D : -0.329664
[setup reg-reg] _12227_/Q -> _12971_/D : -0.328837
[setup reg-reg] _12227_/Q -> _13357_/D : -0.327166
[setup reg-reg] _12227_/Q -> _12961_/D : -0.326577
[setup reg-reg] _12227_/Q -> _12975_/D : -0.325795
[setup reg-reg] _12227_/Q -> _12978_/D : -0.323745
[setup reg-reg] _12227_/Q -> _12762_/D : -0.323722
[setup reg-reg] _12227_/Q -> _12740_/D : -0.323578
[setup reg-reg] _12227_/Q -> _13375_/D : -0.321810
[setup reg-reg] _12227_/Q -> _12960_/D : -0.317405
[setup reg-reg] _12227_/Q -> _12973_/D : -0.316169
[setup reg-reg] _12227_/Q -> _12962_/D : -0.314416
[setup reg-reg] _12227_/Q -> _13362_/D : -0.312508
[setup reg-reg] _12227_/Q -> _12616_/D : -0.311118
[setup reg-reg] _12227_/Q -> _13360_/D : -0.310219
[setup reg-reg] _12227_/Q -> _13958_/D : -0.309869
[setup reg-reg] _12227_/Q -> _12741_/D : -0.308922
[setup reg-reg] _12227_/Q -> _12979_/D : -0.308628
[setup reg-reg] _12227_/Q -> _11593_/D : -0.308494
[setup reg-reg] _12227_/Q -> _12969_/D : -0.304252
[setup reg-reg] _12227_/Q -> _13906_/D : -0.303521
[setup reg-reg] _12227_/Q -> _13936_/D : -0.301007
[setup reg-reg] _12227_/Q -> _11589_/D : -0.299024
[setup reg-reg] _12227_/Q -> _13956_/D : -0.298862
[setup reg-reg] _12227_/Q -> _12977_/D : -0.298566
[setup reg-reg] _12227_/Q -> _11600_/D : -0.296127
[setup reg-reg] _12227_/Q -> _14485_/D : -0.292274
[setup reg-reg] _12197_/Q -> _12723_/D : -0.283985
[setup reg-reg] _12227_/Q -> _11591_/D : -0.282922
[setup reg-reg] _12197_/Q -> _12707_/D : -0.276846
[setup reg-reg] _12227_/Q -> _11601_/D : -0.273409
[setup reg-reg] _12227_/Q -> _12965_/D : -0.269600
[setup reg-reg] _12197_/Q -> _12722_/D : -0.267224
[setup reg-reg] _12197_/Q -> _12719_/D : -0.266996
[setup reg-reg] _12197_/Q -> _12717_/D : -0.265545
[setup reg-reg] _12197_/Q -> _14488_/D : -0.256934
[setup reg-reg] _12197_/Q -> _12726_/D : -0.256556
[setup reg-reg] _12197_/Q -> _12721_/D : -0.255761
[setup reg-reg] _12197_/Q -> _12135_/D : -0.255464
[setup reg-reg] _12197_/Q -> _12727_/D : -0.249523
[setup reg-reg] _12227_/Q -> _12739_/D : -0.243974
[setup reg-reg] _12197_/Q -> _12708_/D : -0.241222
[setup reg-reg] _12197_/Q -> _12716_/D : -0.241019
[setup reg-reg] _12197_/Q -> _12724_/D : -0.238463
[setup reg-reg] _12197_/Q -> _11747_/D : -0.234946
[setup reg-reg] _12197_/Q -> _12130_/D : -0.234538
[setup reg-reg] _12197_/Q -> _12711_/D : -0.233376
[setup reg-reg] _12197_/Q -> _12720_/D : -0.230291
[setup reg-reg] _12197_/Q -> _12725_/D : -0.229313
[setup reg-reg] _12197_/Q -> _12718_/D : -0.227621
[setup reg-reg] _12197_/Q -> _12710_/D : -0.225156
[setup reg-reg] _12197_/Q -> _12713_/D : -0.224984
[setup reg-reg] _12197_/Q -> _12133_/D : -0.223944
[setup reg-reg] _12197_/Q -> _12730_/D : -0.223660
[setup reg-reg] _12197_/Q -> _11739_/D : -0.220982
[setup reg-reg] _12197_/Q -> _11736_/D : -0.213261
[setup reg-reg] _12197_/Q -> _12118_/D : -0.211617
[setup reg-reg] _12197_/Q -> _11740_/D : -0.209432
[setup reg-reg] _12197_/Q -> _12152_/D : -0.208425
[setup reg-reg] _12197_/Q -> _12709_/D : -0.207708
[setup reg-reg] _12197_/Q -> _12143_/D : -0.205539
[setup reg-reg] _12197_/Q -> _11785_/D : -0.204499
[setup reg-reg] _12197_/Q -> _12166_/D : -0.204495
[setup reg-reg] _12197_/Q -> _12139_/D : -0.204055
[setup reg-reg] _12197_/Q -> _12127_/D : -0.202466
[setup reg-reg] _12227_/Q -> _14276_/D : -0.198078
[setup reg-reg] _12197_/Q -> _12191_/D : -0.193554
[setup reg-reg] _12197_/Q -> _11768_/D : -0.191315
[setup reg-reg] _12197_/Q -> _11759_/D : -0.190081
[setup reg-reg] _12197_/Q -> _11780_/D : -0.189993
[setup reg-reg] _12227_/Q -> _14278_/D : -0.189922
[setup reg-reg] _12197_/Q -> _11749_/D : -0.189631
[setup reg-reg] _12197_/Q -> _11755_/D : -0.189113
[setup reg-reg] _12197_/Q -> _11939_/D : -0.189024
[setup reg-reg] _12197_/Q -> _11757_/D : -0.188870
[setup reg-reg] _12227_/Q -> _12300_/D : -0.188505
[setup reg-reg] _12197_/Q -> _11787_/D : -0.187996
[setup reg-reg] _12227_/Q -> _14256_/D : -0.186918
[setup reg-reg] _12197_/Q -> _12189_/D : -0.186557
[setup reg-reg] _12197_/Q -> _12164_/D : -0.186533
[setup reg-reg] _12197_/Q -> _14494_/D : -0.186428
[setup reg-reg] _12197_/Q -> _11788_/D : -0.185193
[setup reg-reg] _12227_/Q -> _12298_/D : -0.182858
[setup reg-reg] _12197_/Q -> _11797_/D : -0.182733
[setup reg-reg] _12197_/Q -> _11771_/D : -0.181340
[setup reg-reg] _12197_/Q -> _12132_/D : -0.179555
[setup reg-reg] _12197_/Q -> _12153_/D : -0.179507
[setup reg-reg] _12197_/Q -> _11786_/D : -0.178857
[setup reg-reg] _12227_/Q -> _12310_/D : -0.178281
[setup reg-reg] _12227_/Q -> _14226_/D : -0.178240
[setup reg-reg] _12197_/Q -> _12183_/D : -0.177013
[setup reg-reg] _12197_/Q -> _11750_/D : -0.176830
[setup reg-reg] _12197_/Q -> _12119_/D : -0.175564
[setup reg-reg] _12197_/Q -> _12129_/D : -0.174979
[setup reg-reg] _12197_/Q -> _12120_/D : -0.174937
[setup reg-reg] _12227_/Q -> _14229_/D : -0.174644
[setup reg-reg] _12197_/Q -> _12136_/D : -0.172609
[setup reg-reg] _12197_/Q -> _11748_/D : -0.172309
[setup reg-reg] _12197_/Q -> _11793_/D : -0.171464
[setup reg-reg] _12227_/Q -> _14239_/D : -0.170752
[setup reg-reg] _12197_/Q -> _12177_/D : -0.170711
[setup reg-reg] _12197_/Q -> _12138_/D : -0.170685
[setup reg-reg] _12227_/Q -> _12309_/D : -0.170558
[setup reg-reg] _12197_/Q -> _11766_/D : -0.170379
[setup reg-reg] _12197_/Q -> _12162_/D : -0.168647
[setup reg-reg] _12227_/Q -> _14274_/D : -0.166638
[setup reg-reg] _12197_/Q -> _11753_/D : -0.165073
[setup reg-reg] _12197_/Q -> _11743_/D : -0.164312
[setup reg-reg] _12227_/Q -> _14279_/D : -0.163942
[setup reg-reg] _12197_/Q -> _12121_/D : -0.163189
[setup reg-reg] _12197_/Q -> _12155_/D : -0.162188
[setup reg-reg] _12227_/Q -> _14277_/D : -0.161875
[setup reg-reg] _12197_/Q -> _11777_/D : -0.161476
[setup reg-reg] _12227_/Q -> _14221_/D : -0.160468
[setup reg-reg] _12197_/Q -> _11751_/D : -0.160442
[setup reg-reg] _12197_/Q -> _11462_/D : -0.159159
[setup reg-reg] _12197_/Q -> _11735_/D : -0.159041
[setup reg-reg] _12197_/Q -> _12182_/D : -0.158017
[setup reg-reg] _12197_/Q -> _11464_/D : -0.157740
[setup reg-reg] _12197_/Q -> _11737_/D : -0.157397
[setup reg-reg] _12227_/Q -> _12302_/D : -0.157395
[setup reg-reg] _12197_/Q -> _11745_/D : -0.156867
[setup reg-reg] _12197_/Q -> _11783_/D : -0.155086
[setup reg-reg] _12197_/Q -> _11758_/D : -0.154322
[setup reg-reg] _12197_/Q -> _12159_/D : -0.154169
[setup reg-reg] _12197_/Q -> _12122_/D : -0.154141
[setup reg-reg] _12197_/Q -> _12170_/D : -0.154002
[setup reg-reg] _12197_/Q -> _11760_/D : -0.153715
[setup reg-reg] _12197_/Q -> _12128_/D : -0.153485
[setup reg-reg] _12227_/Q -> _14236_/D : -0.152833
[setup reg-reg] _12197_/Q -> _12178_/D : -0.152192
[setup reg-reg] _12197_/Q -> _12059_/D : -0.152068
[setup reg-reg] _12197_/Q -> _12077_/D : -0.149611
[setup reg-reg] _12197_/Q -> _11417_/D : -0.149448
[setup reg-reg] _12197_/Q -> _11765_/D : -0.148503
[setup reg-reg] _12197_/Q -> _12157_/D : -0.148336
[setup reg-reg] _12197_/Q -> _12144_/D : -0.148298
[setup reg-reg] _12197_/Q -> _12156_/D : -0.148142
[setup reg-reg] _12197_/Q -> _14493_/D : -0.147348
[setup reg-reg] _12197_/Q -> _12131_/D : -0.147291
[setup reg-reg] _12197_/Q -> _12171_/D : -0.146878
[setup reg-reg] _12197_/Q -> _12137_/D : -0.146456
[setup reg-reg] _12197_/Q -> _11763_/D : -0.145784
[setup reg-reg] _12197_/Q -> _12067_/D : -0.145564
[setup reg-reg] _12197_/Q -> _12169_/D : -0.145063
[setup reg-reg] _12197_/Q -> _12184_/D : -0.144689
[setup reg-reg] _12197_/Q -> _12112_/D : -0.143402
[setup reg-reg] _12197_/Q -> _14496_/D : -0.142006
[setup reg-reg] _12197_/Q -> _11457_/D : -0.141331
[setup reg-reg] _12197_/Q -> _12134_/D : -0.139811
[setup reg-reg] _12197_/Q -> _12186_/D : -0.139127
[setup reg-reg] _12197_/Q -> _12168_/D : -0.138291
[setup reg-reg] _12197_/Q -> _11445_/D : -0.138189
[setup reg-reg] _12197_/Q -> _11436_/D : -0.137664
[setup reg-reg] _12197_/Q -> _11953_/D : -0.137187
[setup reg-reg] _12197_/Q -> _11412_/D : -0.136372
[setup reg-reg] _12197_/Q -> _12147_/D : -0.136350
[setup reg-reg] _12197_/Q -> _12179_/D : -0.136223
[setup reg-reg] _12197_/Q -> _12117_/D : -0.134919
[setup reg-reg] _12197_/Q -> _11963_/D : -0.134691
[setup reg-reg] _12197_/Q -> _11782_/D : -0.134428
[setup reg-reg] _12197_/Q -> _12188_/D : -0.133458
[setup reg-reg] _12197_/Q -> _11781_/D : -0.133380
[setup reg-reg] _12197_/Q -> _12187_/D : -0.133355
[setup reg-reg] _12227_/Q -> _14232_/D : -0.133157
[setup reg-reg] _12197_/Q -> _11446_/D : -0.132610
[setup reg-reg] _12197_/Q -> _11764_/D : -0.132117
[setup reg-reg] _12197_/Q -> _12265_/D : -0.131514
[setup reg-reg] _12197_/Q -> _11931_/D : -0.131306
[setup reg-reg] _12197_/Q -> _11928_/D : -0.129402
[setup reg-reg] _12197_/Q -> _12160_/D : -0.128694
[setup reg-reg] _12197_/Q -> _12145_/D : -0.128082
[setup reg-reg] _12197_/Q -> _12180_/D : -0.128007
[setup reg-reg] _12197_/Q -> _12158_/D : -0.127263
[setup reg-reg] _12197_/Q -> _12185_/D : -0.126202
[setup reg-reg] _12197_/Q -> _11772_/D : -0.125305
[setup reg-reg] _12197_/Q -> _11952_/D : -0.125188
[setup reg-reg] _12197_/Q -> _12161_/D : -0.124795
[setup reg-reg] _12197_/Q -> _12181_/D : -0.124206
[setup reg-reg] _12227_/Q -> _14268_/D : -0.123682
[setup reg-reg] _12197_/Q -> _12154_/D : -0.123365
[setup reg-reg] _12197_/Q -> _11980_/D : -0.122657
[setup reg-reg] _12197_/Q -> _12163_/D : -0.121188
[setup reg-reg] _12197_/Q -> _11935_/D : -0.121167
[setup reg-reg] _12197_/Q -> _11767_/D : -0.121089
[setup reg-reg] _12197_/Q -> _11943_/D : -0.119820
[setup reg-reg] _12197_/Q -> _12247_/D : -0.119472
[setup reg-reg] _12197_/Q -> _11452_/D : -0.119019
[setup reg-reg] _12197_/Q -> _12146_/D : -0.118558
[setup reg-reg] _12197_/Q -> _12172_/D : -0.117080
[setup reg-reg] _12197_/Q -> _11738_/D : -0.115733
[setup reg-reg] _12197_/Q -> _11942_/D : -0.114083
[setup reg-reg] _12197_/Q -> _11987_/D : -0.113582
[setup reg-reg] _12197_/Q -> _12141_/D : -0.113015
[setup reg-reg] _12227_/Q -> _14253_/D : -0.111747
[setup reg-reg] _12197_/Q -> _12106_/D : -0.111061
[setup reg-reg] _12227_/Q -> _12296_/D : -0.108324
[setup reg-reg] _12197_/Q -> _12115_/D : -0.108083
[setup reg-reg] _12197_/Q -> _11443_/D : -0.107569
[setup reg-reg] _12197_/Q -> _11941_/D : -0.107199
[setup reg-reg] _12197_/Q -> _11955_/D : -0.106074
[setup reg-reg] _12197_/Q -> _11975_/D : -0.099687
[setup reg-reg] _12197_/Q -> _11426_/D : -0.097756
[setup reg-reg] _12197_/Q -> _11945_/D : -0.094615
[setup reg-reg] _12197_/Q -> _11460_/D : -0.092537
[setup reg-reg] _12197_/Q -> _11985_/D : -0.091173
[setup reg-reg] _12197_/Q -> _12070_/D : -0.090822
[setup reg-reg] _12227_/Q -> _13159_/D : -0.089629
[setup reg-reg] _12197_/Q -> _11440_/D : -0.078654
[setup reg-reg] _12197_/Q -> _11420_/D : -0.075217
[setup reg-reg] _12227_/Q -> _13148_/D : -0.074293
[setup reg-reg] _12197_/Q -> _11959_/D : -0.066177
[setup reg-reg] _12227_/Q -> _13146_/D : -0.063577
[setup reg-reg] _12197_/Q -> _11964_/D : -0.063208
[setup reg-reg] _12227_/Q -> _13436_/D : -0.060433
[setup reg-reg] _12197_/Q -> _11956_/D : -0.058562
[setup reg-reg] _12227_/Q -> _13398_/D : -0.058191
[setup reg-reg] _12197_/Q -> _11974_/D : -0.057120
[setup reg-reg] _12197_/Q -> _11430_/D : -0.055859
[setup reg-reg] _12227_/Q -> _13428_/D : -0.054862
[setup reg-reg] _12227_/Q -> _13425_/D : -0.053791
[setup reg-reg] _12227_/Q -> _13413_/D : -0.049500
[setup reg-reg] _12227_/Q -> _13390_/D : -0.048502
[setup reg-reg] _12197_/Q -> _11441_/D : -0.047928
[setup reg-reg] _12227_/Q -> _13395_/D : -0.047922
[setup reg-reg] _12227_/Q -> _13402_/D : -0.047639
[setup reg-reg] _12227_/Q -> _13410_/D : -0.046746
[setup reg-reg] _12227_/Q -> _13416_/D : -0.045693
[setup reg-reg] _12227_/Q -> _13399_/D : -0.045201
[setup reg-reg] _12227_/Q -> _13389_/D : -0.043745
[setup reg-reg] _12227_/Q -> _13502_/D : -0.042746
[setup reg-reg] _12227_/Q -> _13388_/D : -0.041564
[setup reg-reg] _12197_/Q -> _11415_/D : -0.040846
[setup reg-reg] _12227_/Q -> _13384_/D : -0.040515
[setup reg-reg] _12227_/Q -> _13435_/D : -0.040504
[setup reg-reg] _12227_/Q -> _13406_/D : -0.040321
[setup reg-reg] _12197_/Q -> _11461_/D : -0.038430
[setup reg-reg] _12227_/Q -> _13161_/D : -0.037782
[setup reg-reg] _12227_/Q -> _13139_/D : -0.037640
[setup reg-reg] _12227_/Q -> _13383_/D : -0.036031
[setup reg-reg] _12197_/Q -> _11458_/D : -0.031827
[setup reg-reg] _12197_/Q -> _11444_/D : -0.031066
[setup reg-reg] _12197_/Q -> _11428_/D : -0.026583
[setup reg-reg] _12227_/Q -> _13381_/D : -0.026026
[setup reg-reg] _12197_/Q -> _11419_/D : -0.024443
[setup reg-reg] _12227_/Q -> _13418_/D : -0.021798
[setup reg-reg] _12227_/Q -> _13408_/D : -0.021524
[setup reg-reg] _12197_/Q -> _11449_/D : -0.021128
[setup reg-reg] _12227_/Q -> _13405_/D : -0.020178
[setup reg-reg] _12197_/Q -> _11433_/D : -0.019978
[setup reg-reg] _12197_/Q -> _11439_/D : -0.018877
[setup reg-reg] _12197_/Q -> _11467_/D : -0.017820
[setup reg-reg] _12227_/Q -> _13430_/D : -0.016563
[setup reg-reg] _12227_/Q -> _13426_/D : -0.014988
[setup reg-reg] _12227_/Q -> _13397_/D : -0.014631
[setup reg-reg] _12227_/Q -> _13415_/D : -0.014071
[setup reg-reg] _12227_/Q -> _13421_/D : -0.013580
[setup reg-reg] _12227_/Q -> _13386_/D : -0.012983
[setup reg-reg] _12227_/Q -> _13433_/D : -0.012800
[setup reg-reg] _12227_/Q -> _13414_/D : -0.011149
[setup reg-reg] _12197_/Q -> _11456_/D : -0.010971
[setup reg-reg] _12227_/Q -> _13157_/D : -0.009954
[setup reg-reg] _12227_/Q -> _13434_/D : -0.009636
[setup reg-reg] _12227_/Q -> _13382_/D : -0.008103
[setup reg-reg] _12197_/Q -> _11438_/D : -0.007366
[setup reg-reg] _12197_/Q -> _11466_/D : -0.005340
[setup reg-reg] _12197_/Q -> _11437_/D : -0.005261
[setup reg-reg] _12227_/Q -> _13412_/D : -0.005040
[setup reg-reg] _12227_/Q -> _13419_/D : -0.003938
[setup reg-reg] _12197_/Q -> _11413_/D : -0.001598
[setup reg-reg] _12197_/Q -> _14158_/D : -0.000958
[setup reg-reg] _12227_/Q -> _13508_/D : -0.000563
[setup reg-reg] _12197_/Q -> _14177_/D : -0.000472
