Clock: clk
Sources: clk 
Generated: no
Virtual: yes
Propagated: no
Period: 10.000000

===========================================================================
report_clock_properties
============================================================================
Clock                   Period          Waveform
----------------------------------------------------
clk                  10.000000    0.000000  5.000000

===========================================================================
report_clock_latency
============================================================================
Clock clk
rise -> rise
    min     max
0.000000 0.000000 source latency
0.779751         network latency _12218_/CLK
        0.970526 network latency _11568_/CLK
---------------
0.779751 0.970526 latency
        0.190775 skew

fall -> fall
    min     max
0.000000 0.000000 source latency
0.663533         network latency _12218_/CLK
        0.844076 network latency _11568_/CLK
---------------
0.663533 0.844076 latency
        0.180543 skew



===========================================================================
report_clock_min_period
============================================================================
clk period_min = 4.63 fmax = 215.88
