Reading OpenROAD database at '/mnt/c/Users/User/Desktop/Cache_Controller/runs/RUN_2025-11-08_22-02-17/47-odb-reportdisconnectedpins/cache_controller.odb'…
Reading library file at '/home/rg/.volare/volare/sky130/versions/0fe599b2afb6708d281543108caf8310912f54af/sky130A/libs.ref/sky130_fd_sc_hd/lib/sky130_fd_sc_hd__tt_025C_1v80.lib'…
Reading design constraints file at '/nix/store/ss2cw3sxbrwwx9jl0rrppbw4kgcmgi2n-python3-3.11.9-env/lib/python3.11/site-packages/openlane/scripts/base.sdc'…
[INFO] Using clock clk…
[INFO] Setting output delay to: 2.0
[INFO] Setting input delay to: 2.0
[INFO] Setting load to: 0.033442
[INFO] Setting clock uncertainty to: 0.25
[INFO] Setting clock transition to: 0.1499999999999999944488848768742172978818416595458984375
[INFO] Setting timing derate to: 5%
sky130_ef_sc_hd__decap_12 sky130_fd_sc_hd__decap_8 sky130_fd_sc_hd__decap_6 sky130_fd_sc_hd__decap_4 sky130_fd_sc_hd__decap_3 sky130_fd_sc_hd__fill*
[INFO DPL-0001] Placed 12794 filler instances.
Setting global connections for newly added cells…
[INFO] Setting global connections...
Updating metrics…
Cell type report:                       Count       Area
  Fill cell                             13164   80246.96
  Tap cell                               3553    4445.51
  Antenna cell                             93     232.72
  Clock buffer                            362    5241.28
  Timing Repair Buffer                   4593   40797.88
  Inverter                                 19      71.32
  Clock inverter                          204    2477.38
  Sequential cell                        3117   62446.14
  Multi-Input combinational cell         5754   57502.65
  Total                                 30859  253461.84
Writing OpenROAD database to '/mnt/c/Users/User/Desktop/Cache_Controller/runs/RUN_2025-11-08_22-02-17/51-openroad-fillinsertion/cache_controller.odb'…
Writing netlist to '/mnt/c/Users/User/Desktop/Cache_Controller/runs/RUN_2025-11-08_22-02-17/51-openroad-fillinsertion/cache_controller.nl.v'…
Writing powered netlist to '/mnt/c/Users/User/Desktop/Cache_Controller/runs/RUN_2025-11-08_22-02-17/51-openroad-fillinsertion/cache_controller.pnl.v'…
Writing layout to '/mnt/c/Users/User/Desktop/Cache_Controller/runs/RUN_2025-11-08_22-02-17/51-openroad-fillinsertion/cache_controller.def'…
Writing timing constraints to '/mnt/c/Users/User/Desktop/Cache_Controller/runs/RUN_2025-11-08_22-02-17/51-openroad-fillinsertion/cache_controller.sdc'…
