Clock: clk
Sources: clk 
Generated: no
Virtual: yes
Propagated: no
Period: 10.000000

===========================================================================
report_clock_properties
============================================================================
Clock                   Period          Waveform
----------------------------------------------------
clk                  10.000000    0.000000  5.000000

===========================================================================
report_clock_latency
============================================================================
Clock clk
rise -> rise
    min     max
0.000000 0.000000 source latency
1.936384         network latency _12218_/CLK
        2.310066 network latency _11568_/CLK
---------------
1.936384 2.310066 latency
        0.373683 skew

fall -> fall
    min     max
0.000000 0.000000 source latency
1.587755         network latency _12218_/CLK
        1.937040 network latency _11568_/CLK
---------------
1.587755 1.937040 latency
        0.349285 skew



===========================================================================
report_clock_min_period
============================================================================
clk period_min = 10.95 fmax = 91.32
