
===========================================================================
Violator List
============================================================================
[setup reg-out] _12197_/Q -> cpu_rdata[15] : -2.085304
[setup reg-out] _12197_/Q -> cpu_rdata[49] : -2.061368
[setup reg-out] _12197_/Q -> cpu_rdata[24] : -2.058269
[setup reg-out] _12197_/Q -> cpu_rdata[9] : -2.054907
[setup reg-out] _12197_/Q -> cpu_rdata[42] : -2.054053
[setup reg-out] _12197_/Q -> cpu_rdata[33] : -2.051117
[setup reg-out] _12197_/Q -> cpu_rdata[19] : -2.048579
[setup reg-out] _12197_/Q -> cpu_rdata[38] : -2.042772
[setup reg-out] _12197_/Q -> cpu_rdata[4] : -2.037541
[setup reg-out] _12197_/Q -> cpu_rdata[30] : -2.030738
[setup reg-out] _12197_/Q -> cpu_rdata[21] : -1.769058
[setup reg-out] _12197_/Q -> cpu_rdata[41] : -1.767061
[setup reg-out] _12197_/Q -> cpu_rdata[16] : -1.766978
[setup reg-out] _12197_/Q -> cpu_rdata[52] : -1.764132
[setup reg-out] _12197_/Q -> cpu_rdata[2] : -1.763707
[setup reg-out] _12197_/Q -> cpu_rdata[61] : -1.761332
[setup reg-out] _12197_/Q -> cpu_rdata[57] : -1.752084
[setup reg-out] _12197_/Q -> cpu_rdata[27] : -1.750391
[setup reg-out] _12197_/Q -> cpu_rdata[54] : -1.745459
[setup reg-out] _12197_/Q -> cpu_rdata[63] : -1.737959
[setup reg-out] _12197_/Q -> cpu_rdata[37] : -1.735778
[setup reg-out] _12197_/Q -> cpu_rdata[29] : -1.719244
[setup reg-out] _12197_/Q -> cpu_rdata[39] : -1.712381
[setup reg-out] _12197_/Q -> cpu_rdata[51] : -1.709434
[setup reg-out] _12197_/Q -> cpu_rdata[59] : -1.699775
[setup reg-out] _12197_/Q -> cpu_rdata[43] : -1.697599
[setup reg-out] _12197_/Q -> cpu_rdata[1] : -1.697229
[setup reg-out] _12197_/Q -> cpu_rdata[3] : -1.690772
[setup reg-out] _12197_/Q -> cpu_rdata[25] : -1.690612
[setup reg-out] _12197_/Q -> cpu_rdata[31] : -1.689065
[setup reg-out] _12197_/Q -> cpu_rdata[53] : -1.685994
[setup reg-out] _12197_/Q -> cpu_rdata[47] : -1.679746
[setup reg-out] _12197_/Q -> cpu_rdata[48] : -1.678208
[setup reg-out] _12197_/Q -> cpu_rdata[6] : -1.674363
[setup reg-out] _12197_/Q -> cpu_rdata[32] : -1.669909
[setup reg-out] _12197_/Q -> cpu_rdata[26] : -1.658702
[setup reg-out] _12197_/Q -> cpu_rdata[35] : -1.653984
[setup reg-out] _12197_/Q -> cpu_rdata[14] : -1.653649
[setup reg-out] _12197_/Q -> cpu_rdata[11] : -1.645621
[setup reg-out] _12197_/Q -> cpu_rdata[13] : -1.531460
[setup reg-out] _12197_/Q -> cpu_rdata[23] : -1.498933
[setup reg-out] _12197_/Q -> cpu_rdata[46] : -1.491547
[setup reg-out] _12197_/Q -> cpu_rdata[50] : -1.476716
[setup reg-out] _12197_/Q -> cpu_rdata[60] : -1.344356
[setup reg-out] _12197_/Q -> cpu_rdata[12] : -1.336401
[setup reg-out] _12197_/Q -> cpu_rdata[7] : -1.331621
[setup reg-out] _12197_/Q -> cpu_rdata[36] : -1.321186
[setup reg-out] _12197_/Q -> cpu_rdata[40] : -1.308709
[setup reg-out] _12197_/Q -> cpu_rdata[58] : -1.291196
[setup reg-out] _12197_/Q -> cpu_rdata[17] : -1.267203
[setup reg-out] _12197_/Q -> cpu_rdata[45] : -1.250563
[setup reg-out] _12197_/Q -> cpu_rdata[34] : -1.247270
[setup reg-out] _12197_/Q -> cpu_rdata[28] : -1.244094
[setup reg-out] _12197_/Q -> cpu_rdata[22] : -1.233222
[setup reg-out] _12197_/Q -> cpu_rdata[18] : -1.228447
[setup reg-out] _12197_/Q -> cpu_rdata[8] : -1.218626
[setup reg-out] _12197_/Q -> cpu_rdata[5] : -1.207471
[setup reg-out] _12197_/Q -> cpu_rdata[44] : -1.185899
[setup reg-out] _12197_/Q -> cpu_rdata[20] : -1.173603
[setup reg-out] _12197_/Q -> cpu_rdata[10] : -1.157458
[setup reg-out] _12197_/Q -> cpu_rdata[62] : -1.131343
[setup reg-out] _12227_/Q -> cpu_rdata[0] : -1.073269
[setup reg-reg] _12227_/Q -> _13155_/D : -0.949917
[setup reg-reg] _12227_/Q -> _13442_/D : -0.944487
[setup reg-reg] _12227_/Q -> _13440_/D : -0.943830
[setup reg-reg] _12227_/Q -> _13420_/D : -0.928087
[setup reg-reg] _12227_/Q -> _13145_/D : -0.927671
[setup reg-reg] _12227_/Q -> _13154_/D : -0.923058
[setup reg-reg] _12227_/Q -> _13151_/D : -0.916638
[setup reg-reg] _12227_/Q -> _13147_/D : -0.915978
[setup reg-reg] _12227_/Q -> _13400_/D : -0.913895
[setup reg-reg] _12227_/Q -> _13143_/D : -0.911260
[setup reg-reg] _12197_/Q -> _14097_/D : -0.869884
[setup reg-reg] _12197_/Q -> _11424_/D : -0.867018
[setup reg-out] _12197_/Q -> cpu_rdata[56] : -0.852159
[setup reg-reg] _12197_/Q -> _14103_/D : -0.843118
[setup reg-reg] _12197_/Q -> _14171_/D : -0.841518
[setup reg-reg] _12197_/Q -> _11472_/D : -0.837239
[setup reg-reg] _12197_/Q -> _14161_/D : -0.831442
[setup reg-reg] _12197_/Q -> _14107_/D : -0.831178
[setup reg-reg] _12197_/Q -> _11432_/D : -0.828243
[setup reg-reg] _12197_/Q -> _14137_/D : -0.827417
[setup reg-reg] _12197_/Q -> _14167_/D : -0.827221
[setup reg-reg] _12197_/Q -> _14117_/D : -0.822842
[setup reg-reg] _12197_/Q -> _14182_/D : -0.817642
[setup reg-reg] _12197_/Q -> _11434_/D : -0.814535
[setup reg-reg] _12197_/Q -> _11416_/D : -0.812093
[setup reg-reg] _12197_/Q -> _11469_/D : -0.808392
[setup reg-reg] _12197_/Q -> _14181_/D : -0.808000
[setup reg-reg] _12197_/Q -> _11463_/D : -0.805290
[setup reg-reg] _12197_/Q -> _11465_/D : -0.804489
[setup reg-out] _12197_/Q -> cpu_rdata[55] : -0.802070
[setup reg-reg] _12197_/Q -> _14201_/D : -0.798647
[setup reg-reg] _12197_/Q -> _11448_/D : -0.797416
[setup reg-out] _14499_/Q -> mem_wdata[1] : -0.795114
[setup reg-out] _14499_/Q -> mem_wdata[56] : -0.792431
[setup reg-reg] _12197_/Q -> _14185_/D : -0.791571
[setup reg-out] _14499_/Q -> mem_wdata[25] : -0.789772
[setup reg-out] _14499_/Q -> mem_wdata[53] : -0.786653
[setup reg-reg] _12197_/Q -> _11474_/D : -0.785994
[setup reg-reg] _12197_/Q -> _14156_/D : -0.785630
[setup reg-reg] _12197_/Q -> _14176_/D : -0.785509
[setup reg-out] _14499_/Q -> mem_wdata[18] : -0.780113
[setup reg-out] _14499_/Q -> mem_wdata[6] : -0.777843
[setup reg-reg] _12197_/Q -> _14092_/D : -0.777099
[setup reg-reg] _12197_/Q -> _14190_/D : -0.775976
[setup reg-out] _14499_/Q -> mem_wdata[22] : -0.775568
[setup reg-out] _14499_/Q -> mem_wdata[51] : -0.773621
[setup reg-out] _14499_/Q -> mem_wdata[28] : -0.768659
[setup reg-reg] _12197_/Q -> _14121_/D : -0.768218
[setup reg-reg] _12197_/Q -> _14118_/D : -0.765469
[setup reg-out] _14499_/Q -> mem_wdata[8] : -0.761628
[setup reg-reg] _12197_/Q -> _14112_/D : -0.758876
[setup reg-reg] _12197_/Q -> _14126_/D : -0.757530
[setup reg-reg] _12197_/Q -> _14149_/D : -0.746375
[setup reg-reg] _12197_/Q -> _14093_/D : -0.733495
[setup reg-reg] _12197_/Q -> _14146_/D : -0.724025
[setup reg-reg] _12197_/Q -> _14140_/D : -0.718854
[setup reg-reg] _12227_/Q -> _13465_/D : -0.711957
[setup reg-reg] _12197_/Q -> _14111_/D : -0.711737
[setup reg-reg] _12197_/Q -> _14213_/D : -0.711405
[setup reg-reg] _12197_/Q -> _14101_/D : -0.709870
[setup reg-reg] _12197_/Q -> _14204_/D : -0.705930
[setup reg-reg] _12197_/Q -> _14125_/D : -0.702829
[setup reg-reg] _12197_/Q -> _14210_/D : -0.700754
[setup reg-reg] _12197_/Q -> _14104_/D : -0.698148
[setup reg-reg] _12197_/Q -> _14175_/D : -0.694312
[setup reg-reg] _12197_/Q -> _14151_/D : -0.693741
[setup reg-reg] _12197_/Q -> _14142_/D : -0.689090
[setup reg-reg] _12197_/Q -> _14157_/D : -0.685641
[setup reg-out] _14499_/Q -> mem_wdata[3] : -0.685002
[setup reg-reg] _12197_/Q -> _14165_/D : -0.682087
[setup reg-reg] _12227_/Q -> _13453_/D : -0.678467
[setup reg-reg] _12197_/Q -> _14189_/D : -0.673885
[setup reg-out] _14499_/Q -> mem_wdata[15] : -0.673767
[setup reg-reg] _12197_/Q -> _14168_/D : -0.673752
[setup reg-out] _14499_/Q -> mem_wdata[59] : -0.667142
[setup reg-reg] _12197_/Q -> _14215_/D : -0.665727
[setup reg-reg] _12197_/Q -> _14206_/D : -0.661530
[setup reg-out] _14499_/Q -> mem_wdata[29] : -0.659746
[setup reg-out] _14499_/Q -> mem_wdata[49] : -0.653276
[setup reg-reg] _12227_/Q -> _13450_/D : -0.651221
[setup reg-out] _14499_/Q -> mem_wdata[9] : -0.651099
[setup reg-out] _14499_/Q -> mem_wdata[31] : -0.650633
[setup reg-out] _14499_/Q -> mem_wdata[14] : -0.650201
[setup reg-out] _14499_/Q -> mem_wdata[43] : -0.650040
[setup reg-reg] _12227_/Q -> _13445_/D : -0.647116
[setup reg-reg] _12227_/Q -> _13460_/D : -0.646163
[setup reg-reg] _12227_/Q -> _13456_/D : -0.645648
[setup reg-reg] _12227_/Q -> _14490_/D : -0.645407
[setup reg-reg] _12227_/Q -> _12744_/D : -0.645305
[setup reg-reg] _12227_/Q -> _13459_/D : -0.645073
[setup reg-reg] _12227_/Q -> _13122_/D : -0.643683
[setup reg-reg] _12227_/Q -> _14484_/D : -0.643676
[setup reg-reg] _12227_/Q -> _13125_/D : -0.641840
[setup reg-out] _14499_/Q -> mem_wdata[11] : -0.637405
[setup reg-reg] _12227_/Q -> _13124_/D : -0.633767
[setup reg-reg] _12227_/Q -> _13468_/D : -0.633291
[setup reg-reg] _12227_/Q -> _12771_/D : -0.632571
[setup reg-reg] _12227_/Q -> _13128_/D : -0.630950
[setup reg-reg] _12227_/Q -> _12777_/D : -0.630702
[setup reg-reg] _12227_/Q -> _13132_/D : -0.629276
[setup reg-reg] _12227_/Q -> _13123_/D : -0.629108
[setup reg-reg] _12227_/Q -> _12607_/D : -0.628599
[setup reg-reg] _12227_/Q -> _13448_/D : -0.628247
[setup reg-reg] _12227_/Q -> _13113_/D : -0.627885
[setup reg-reg] _12227_/Q -> _13114_/D : -0.627796
[setup reg-reg] _12227_/Q -> _13447_/D : -0.627407
[setup reg-reg] _12227_/Q -> _12604_/D : -0.627311
[setup reg-reg] _12227_/Q -> _13376_/D : -0.627234
[setup reg-reg] _12227_/Q -> _13463_/D : -0.624638
[setup reg-reg] _12227_/Q -> _12769_/D : -0.624430
[setup reg-reg] _12227_/Q -> _13458_/D : -0.624397
[setup reg-reg] _12227_/Q -> _13119_/D : -0.623887
[setup reg-reg] _12227_/Q -> _12746_/D : -0.622077
[setup reg-reg] _12227_/Q -> _13121_/D : -0.621304
[setup reg-reg] _12227_/Q -> _12752_/D : -0.620619
[setup reg-reg] _12227_/Q -> _13455_/D : -0.620387
[setup reg-reg] _12227_/Q -> _13457_/D : -0.619744
[setup reg-reg] _12227_/Q -> _12612_/D : -0.618719
[setup reg-reg] _12227_/Q -> _14482_/D : -0.617915
[setup reg-reg] _12227_/Q -> _12768_/D : -0.616985
[setup reg-reg] _12227_/Q -> _13461_/D : -0.616691
[setup reg-reg] _12227_/Q -> _12608_/D : -0.616376
[setup reg-reg] _12227_/Q -> _12772_/D : -0.615979
[setup reg-reg] _12227_/Q -> _13127_/D : -0.615222
[setup reg-reg] _12227_/Q -> _13454_/D : -0.614751
[setup reg-reg] _12227_/Q -> _13446_/D : -0.614451
[setup reg-reg] _12227_/Q -> _12757_/D : -0.614168
[setup reg-reg] _12227_/Q -> _13932_/D : -0.613820
[setup reg-reg] _12227_/Q -> _13452_/D : -0.613294
[setup reg-reg] _12227_/Q -> _12593_/D : -0.611726
[setup reg-reg] _12227_/Q -> _12603_/D : -0.611276
[setup reg-reg] _12227_/Q -> _13374_/D : -0.610799
[setup reg-reg] _12227_/Q -> _13118_/D : -0.610592
[setup reg-reg] _12227_/Q -> _12774_/D : -0.610553
[setup reg-reg] _12227_/Q -> _13379_/D : -0.609907
[setup reg-reg] _12227_/Q -> _12733_/D : -0.608491
[setup reg-reg] _12227_/Q -> _12599_/D : -0.606789
[setup reg-reg] _12227_/Q -> _13130_/D : -0.606280
[setup reg-reg] _12227_/Q -> _13366_/D : -0.605612
[setup reg-reg] _12227_/Q -> _12738_/D : -0.604493
[setup reg-reg] _12227_/Q -> _13367_/D : -0.604125
[setup reg-reg] _12227_/Q -> _14483_/D : -0.603483
[setup reg-reg] _12227_/Q -> _13115_/D : -0.603291
[setup reg-reg] _12227_/Q -> _12980_/D : -0.601918
[setup reg-reg] _12227_/Q -> _13117_/D : -0.601234
[setup reg-reg] _12227_/Q -> _12770_/D : -0.600096
[setup reg-reg] _12227_/Q -> _13444_/D : -0.600060
[setup reg-reg] _12227_/Q -> _12767_/D : -0.599752
[setup reg-reg] _12227_/Q -> _12605_/D : -0.599715
[setup reg-reg] _12227_/Q -> _13370_/D : -0.599662
[setup reg-reg] _12227_/Q -> _12776_/D : -0.598875
[setup reg-reg] _12227_/Q -> _13116_/D : -0.598842
[setup reg-reg] _12227_/Q -> _12735_/D : -0.598298
[setup reg-reg] _12227_/Q -> _13133_/D : -0.597757
[setup reg-reg] _12227_/Q -> _13361_/D : -0.597717
[setup reg-reg] _12227_/Q -> _13467_/D : -0.597319
[setup reg-reg] _12227_/Q -> _12972_/D : -0.595612
[setup reg-reg] _12227_/Q -> _12758_/D : -0.595426
[setup reg-reg] _12227_/Q -> _12602_/D : -0.595104
[setup reg-reg] _12227_/Q -> _13355_/D : -0.594842
[setup reg-reg] _12227_/Q -> _13371_/D : -0.594175
[setup reg-reg] _12227_/Q -> _12761_/D : -0.594066
[setup reg-reg] _12227_/Q -> _12743_/D : -0.593713
[setup reg-reg] _12227_/Q -> _12750_/D : -0.593534
[setup reg-reg] _12227_/Q -> _13464_/D : -0.592879
[setup reg-reg] _12227_/Q -> _13958_/D : -0.592586
[setup reg-reg] _12227_/Q -> _13449_/D : -0.592452
[setup reg-reg] _12227_/Q -> _12747_/D : -0.592357
[setup reg-reg] _12227_/Q -> _12597_/D : -0.592033
[setup reg-reg] _12227_/Q -> _13356_/D : -0.591492
[setup reg-reg] _12227_/Q -> _12983_/D : -0.590632
[setup reg-reg] _12227_/Q -> _12760_/D : -0.590461
[setup reg-reg] _12227_/Q -> _12773_/D : -0.590132
[setup reg-reg] _12227_/Q -> _12613_/D : -0.589638
[setup reg-reg] _12227_/Q -> _13364_/D : -0.589128
[setup reg-reg] _12227_/Q -> _11593_/D : -0.588790
[setup reg-reg] _12227_/Q -> _13365_/D : -0.588773
[setup reg-reg] _12227_/Q -> _14487_/D : -0.588336
[setup reg-reg] _12227_/Q -> _12742_/D : -0.588050
[setup reg-reg] _12227_/Q -> _13906_/D : -0.587909
[setup reg-reg] _12227_/Q -> _12780_/D : -0.585784
[setup reg-reg] _12227_/Q -> _12596_/D : -0.585498
[setup reg-reg] _12227_/Q -> _12736_/D : -0.585389
[setup reg-reg] _12227_/Q -> _12594_/D : -0.585304
[setup reg-reg] _12227_/Q -> _12763_/D : -0.585239
[setup reg-reg] _12227_/Q -> _12610_/D : -0.584889
[setup reg-reg] _12227_/Q -> _12745_/D : -0.584823
[setup reg-reg] _12227_/Q -> _13369_/D : -0.583933
[setup reg-reg] _12227_/Q -> _13936_/D : -0.583025
[setup reg-reg] _12227_/Q -> _12751_/D : -0.581688
[setup reg-reg] _12227_/Q -> _11589_/D : -0.581405
[setup reg-reg] _12227_/Q -> _12748_/D : -0.580633
[setup reg-reg] _12227_/Q -> _13368_/D : -0.580629
[setup reg-reg] _12227_/Q -> _13136_/D : -0.580428
[setup reg-reg] _12227_/Q -> _13358_/D : -0.580375
[setup reg-reg] _12227_/Q -> _13956_/D : -0.580125
[setup reg-reg] _12227_/Q -> _14486_/D : -0.579937
[setup reg-reg] _12227_/Q -> _13372_/D : -0.579449
[setup reg-reg] _12227_/Q -> _13359_/D : -0.578691
[setup reg-reg] _12227_/Q -> _11600_/D : -0.578201
[setup reg-reg] _12227_/Q -> _13378_/D : -0.576593
[setup reg-reg] _12227_/Q -> _13363_/D : -0.575731
[setup reg-reg] _12227_/Q -> _12732_/D : -0.574336
[setup reg-reg] _12227_/Q -> _12755_/D : -0.573880
[setup reg-reg] _12227_/Q -> _12775_/D : -0.573798
[setup reg-reg] _12227_/Q -> _12598_/D : -0.573023
[setup reg-reg] _12227_/Q -> _12601_/D : -0.572398
[setup reg-reg] _12227_/Q -> _13357_/D : -0.569846
[setup reg-reg] _12227_/Q -> _13451_/D : -0.569508
[setup reg-reg] _12227_/Q -> _12595_/D : -0.567831
[setup reg-reg] _12227_/Q -> _12749_/D : -0.567446
[setup reg-reg] _12227_/Q -> _12963_/D : -0.566042
[setup reg-reg] _12227_/Q -> _12759_/D : -0.564143
[setup reg-reg] _12227_/Q -> _11591_/D : -0.563774
[setup reg-reg] _12227_/Q -> _12734_/D : -0.563663
[setup reg-reg] _12227_/Q -> _13375_/D : -0.563545
[setup reg-reg] _12227_/Q -> _12966_/D : -0.561027
[setup reg-reg] _12227_/Q -> _12974_/D : -0.560353
[setup reg-reg] _12227_/Q -> _12970_/D : -0.558208
[setup reg-reg] _12227_/Q -> _12971_/D : -0.553284
[setup reg-reg] _12227_/Q -> _13362_/D : -0.553147
[setup reg-reg] _12227_/Q -> _12964_/D : -0.553088
[setup reg-reg] _12227_/Q -> _12753_/D : -0.552985
[setup reg-reg] _12227_/Q -> _12737_/D : -0.552658
[setup reg-reg] _12227_/Q -> _13360_/D : -0.551770
[setup reg-reg] _12227_/Q -> _11601_/D : -0.551161
[setup reg-reg] _12227_/Q -> _12961_/D : -0.550434
[setup reg-reg] _12227_/Q -> _12740_/D : -0.549569
[setup reg-reg] _12227_/Q -> _12975_/D : -0.547208
[setup reg-reg] _12227_/Q -> _12762_/D : -0.546439
[setup reg-reg] _12227_/Q -> _12978_/D : -0.545210
[setup reg-reg] _12227_/Q -> _12960_/D : -0.540531
[setup reg-reg] _12227_/Q -> _12973_/D : -0.540529
[setup reg-reg] _12227_/Q -> _12616_/D : -0.536329
[setup reg-reg] _12227_/Q -> _12741_/D : -0.535811
[setup reg-reg] _12227_/Q -> _12962_/D : -0.534910
[setup reg-reg] _12227_/Q -> _12979_/D : -0.530028
[setup reg-reg] _12227_/Q -> _12969_/D : -0.525743
[setup reg-reg] _12227_/Q -> _12977_/D : -0.519454
[setup reg-reg] _12227_/Q -> _14485_/D : -0.510062
[setup reg-reg] _12197_/Q -> _11747_/D : -0.500853
[setup reg-reg] _12197_/Q -> _11740_/D : -0.486237
[setup reg-reg] _12227_/Q -> _12965_/D : -0.485979
[setup reg-reg] _12197_/Q -> _11739_/D : -0.485956
[setup reg-reg] _12197_/Q -> _11736_/D : -0.484045
[setup reg-reg] _12197_/Q -> _11785_/D : -0.480633
[setup reg-reg] _12197_/Q -> _11768_/D : -0.467232
[setup reg-reg] _12197_/Q -> _11759_/D : -0.464965
[setup reg-reg] _12227_/Q -> _14276_/D : -0.464713
[setup reg-reg] _12197_/Q -> _11749_/D : -0.463331
[setup reg-reg] _12197_/Q -> _11787_/D : -0.462866
[setup reg-reg] _12227_/Q -> _12739_/D : -0.462012
[setup reg-reg] _12197_/Q -> _11939_/D : -0.460336
[setup reg-reg] _12197_/Q -> _11780_/D : -0.460045
[setup reg-reg] _12197_/Q -> _12723_/D : -0.458352
[setup reg-reg] _12197_/Q -> _11788_/D : -0.455844
[setup reg-reg] _12227_/Q -> _14278_/D : -0.455134
[setup reg-reg] _12197_/Q -> _11755_/D : -0.454819
[setup reg-reg] _12227_/Q -> _12300_/D : -0.453213
[setup reg-reg] _12197_/Q -> _11771_/D : -0.452153
[setup reg-reg] _12227_/Q -> _14256_/D : -0.451339
[setup reg-reg] _12197_/Q -> _12707_/D : -0.451291
[setup reg-reg] _12197_/Q -> _11797_/D : -0.451124
[setup reg-reg] _12197_/Q -> _11757_/D : -0.449961
[setup reg-reg] _12227_/Q -> _12298_/D : -0.447653
[setup reg-reg] _12197_/Q -> _11786_/D : -0.445987
[setup reg-reg] _12227_/Q -> _14226_/D : -0.442800
[setup reg-reg] _12227_/Q -> _12310_/D : -0.442666
[setup reg-reg] _12197_/Q -> _11750_/D : -0.442343
[setup reg-reg] _12197_/Q -> _12722_/D : -0.442287
[setup reg-reg] _12197_/Q -> _11766_/D : -0.442240
[setup reg-reg] _12197_/Q -> _11748_/D : -0.442025
[setup reg-reg] _12197_/Q -> _12717_/D : -0.439731
[setup reg-reg] _12227_/Q -> _14229_/D : -0.439292
[setup reg-reg] _12197_/Q -> _11793_/D : -0.439289
[setup reg-reg] _12197_/Q -> _11753_/D : -0.436478
[setup reg-reg] _12197_/Q -> _11743_/D : -0.435422
[setup reg-reg] _12197_/Q -> _12719_/D : -0.434997
[setup reg-reg] _12227_/Q -> _12309_/D : -0.433840
[setup reg-reg] _12227_/Q -> _14239_/D : -0.432390
[setup reg-reg] _12197_/Q -> _14488_/D : -0.431000
[setup reg-reg] _12197_/Q -> _12726_/D : -0.430460
[setup reg-reg] _12227_/Q -> _14274_/D : -0.430250
[setup reg-reg] _12197_/Q -> _11735_/D : -0.429897
[setup reg-reg] _12197_/Q -> _11777_/D : -0.428946
[setup reg-reg] _12197_/Q -> _12721_/D : -0.427634
[setup reg-reg] _12197_/Q -> _11737_/D : -0.427614
[setup reg-reg] _12227_/Q -> _14279_/D : -0.425265
[setup reg-reg] _12197_/Q -> _12135_/D : -0.425058
[setup reg-reg] _12227_/Q -> _14277_/D : -0.424760
[setup reg-reg] _12197_/Q -> _11783_/D : -0.423932
[setup reg-reg] _12197_/Q -> _11751_/D : -0.423519
[setup reg-reg] _12197_/Q -> _11745_/D : -0.423063
[setup reg-reg] _12227_/Q -> _14221_/D : -0.422815
[setup reg-reg] _12197_/Q -> _12727_/D : -0.421403
[setup reg-reg] _12197_/Q -> _11758_/D : -0.418159
[setup reg-reg] _12227_/Q -> _12302_/D : -0.417180
[setup reg-reg] _12197_/Q -> _11763_/D : -0.416780
[setup reg-reg] _12197_/Q -> _11765_/D : -0.416160
[setup reg-reg] _12197_/Q -> _11462_/D : -0.416088
[setup reg-reg] _12197_/Q -> _12708_/D : -0.415678
[setup reg-reg] _12197_/Q -> _11760_/D : -0.415604
[setup reg-reg] _12197_/Q -> _11464_/D : -0.415415
[setup reg-reg] _12227_/Q -> _14236_/D : -0.412832
[setup reg-reg] _12197_/Q -> _12724_/D : -0.411127
[setup reg-reg] _12197_/Q -> _12716_/D : -0.410483
[setup reg-reg] _12197_/Q -> _11417_/D : -0.407164
[setup reg-reg] _12197_/Q -> _11953_/D : -0.406591
[setup reg-reg] _12197_/Q -> _11963_/D : -0.406086
[setup reg-reg] _12197_/Q -> _12711_/D : -0.403087
[setup reg-reg] _12197_/Q -> _11928_/D : -0.402447
[setup reg-reg] _12197_/Q -> _12130_/D : -0.401237
[setup reg-reg] _12197_/Q -> _11782_/D : -0.401037
[setup reg-reg] _12197_/Q -> _12720_/D : -0.400870
[setup reg-reg] _12197_/Q -> _11931_/D : -0.400339
[setup reg-reg] _12197_/Q -> _12718_/D : -0.399327
[setup reg-reg] _12197_/Q -> _11952_/D : -0.398797
[setup reg-reg] _12227_/Q -> _14232_/D : -0.398363
[setup reg-reg] _12197_/Q -> _11764_/D : -0.398206
[setup reg-reg] _12197_/Q -> _12725_/D : -0.396982
[setup reg-reg] _12197_/Q -> _11781_/D : -0.396860
[setup reg-reg] _12197_/Q -> _11980_/D : -0.394497
[setup reg-reg] _12197_/Q -> _12730_/D : -0.394492
[setup reg-reg] _12197_/Q -> _11436_/D : -0.394422
[setup reg-reg] _12197_/Q -> _12710_/D : -0.394032
[setup reg-reg] _12197_/Q -> _11943_/D : -0.393262
[setup reg-reg] _12197_/Q -> _12713_/D : -0.392790
[setup reg-reg] _12197_/Q -> _12059_/D : -0.392283
[setup reg-reg] _12197_/Q -> _11412_/D : -0.391934
[setup reg-reg] _12197_/Q -> _12133_/D : -0.390049
[setup reg-reg] _12197_/Q -> _11457_/D : -0.389932
[setup reg-reg] _12197_/Q -> _11445_/D : -0.389091
[setup reg-reg] _12197_/Q -> _11772_/D : -0.389077
[setup reg-reg] _12197_/Q -> _12077_/D : -0.387202
[setup reg-reg] _12197_/Q -> _11767_/D : -0.386756
[setup reg-reg] _12227_/Q -> _14268_/D : -0.386230
[setup reg-reg] _12197_/Q -> _11942_/D : -0.384375
[setup reg-reg] _12197_/Q -> _12067_/D : -0.383387
[setup reg-reg] _12197_/Q -> _12112_/D : -0.381974
[setup reg-reg] _12197_/Q -> _11935_/D : -0.381060
[setup reg-reg] _12197_/Q -> _11987_/D : -0.381053
[setup reg-reg] _12197_/Q -> _11446_/D : -0.379611
[setup reg-reg] _12197_/Q -> _11738_/D : -0.379009
[setup reg-reg] _12197_/Q -> _12709_/D : -0.377226
[setup reg-reg] _12197_/Q -> _12118_/D : -0.375804
[setup reg-reg] _12197_/Q -> _12152_/D : -0.375350
[setup reg-reg] _12227_/Q -> _14253_/D : -0.373682
[setup reg-reg] _12197_/Q -> _12143_/D : -0.372515
[setup reg-reg] _12197_/Q -> _12166_/D : -0.371680
[setup reg-reg] _12197_/Q -> _11452_/D : -0.369013
[setup reg-reg] _12197_/Q -> _12127_/D : -0.367399
[setup reg-reg] _12197_/Q -> _12117_/D : -0.366603
[setup reg-reg] _12197_/Q -> _12265_/D : -0.364680
[setup reg-reg] _12197_/Q -> _11941_/D : -0.364619
[setup reg-reg] _12197_/Q -> _12139_/D : -0.363910
[setup reg-reg] _12197_/Q -> _11955_/D : -0.363373
[setup reg-reg] _12227_/Q -> _12296_/D : -0.363003
[setup reg-reg] _12197_/Q -> _11443_/D : -0.357775
[setup reg-reg] _12197_/Q -> _11975_/D : -0.356687
[setup reg-reg] _12197_/Q -> _12191_/D : -0.356228
[setup reg-reg] _12227_/Q -> _13159_/D : -0.353094
[setup reg-reg] _12197_/Q -> _12247_/D : -0.351904
[setup reg-reg] _12197_/Q -> _11945_/D : -0.351852
[setup reg-reg] _12197_/Q -> _12106_/D : -0.350731
[setup reg-reg] _12197_/Q -> _11426_/D : -0.349067
[setup reg-reg] _12197_/Q -> _11985_/D : -0.348744
[setup reg-reg] _12197_/Q -> _14494_/D : -0.348470
[setup reg-reg] _12197_/Q -> _12153_/D : -0.347583
[setup reg-reg] _12197_/Q -> _12115_/D : -0.347353
[setup reg-reg] _12197_/Q -> _12164_/D : -0.347320
[setup reg-reg] _12197_/Q -> _11460_/D : -0.343717
[setup reg-reg] _12197_/Q -> _12189_/D : -0.343357
[setup reg-reg] _12197_/Q -> _12132_/D : -0.341259
[setup reg-reg] _12197_/Q -> _12129_/D : -0.339928
[setup reg-reg] _12197_/Q -> _12119_/D : -0.338470
[setup reg-reg] _12197_/Q -> _12120_/D : -0.336589
[setup reg-reg] _12197_/Q -> _12136_/D : -0.335110
[setup reg-reg] _12197_/Q -> _12162_/D : -0.334943
[setup reg-reg] _12227_/Q -> _13148_/D : -0.333399
[setup reg-reg] _12197_/Q -> _12138_/D : -0.331793
[setup reg-reg] _12197_/Q -> _12183_/D : -0.330945
[setup reg-reg] _12197_/Q -> _12070_/D : -0.330751
[setup reg-reg] _12227_/Q -> _13146_/D : -0.330108
[setup reg-reg] _12197_/Q -> _11440_/D : -0.329434
[setup reg-reg] _12197_/Q -> _12177_/D : -0.328407
[setup reg-reg] _12197_/Q -> _11420_/D : -0.324825
[setup reg-reg] _12197_/Q -> _12121_/D : -0.324377
[setup reg-reg] _12197_/Q -> _11959_/D : -0.319208
[setup reg-reg] _12227_/Q -> _13436_/D : -0.318881
[setup reg-reg] _12197_/Q -> _12155_/D : -0.318383
[setup reg-reg] _12197_/Q -> _12128_/D : -0.316982
[setup reg-reg] _12197_/Q -> _12159_/D : -0.316206
[setup reg-reg] _12197_/Q -> _12122_/D : -0.315984
[setup reg-reg] _12197_/Q -> _11964_/D : -0.315117
[setup reg-reg] _12227_/Q -> _13428_/D : -0.314562
[setup reg-reg] _12197_/Q -> _12182_/D : -0.314518
[setup reg-reg] _12197_/Q -> _12178_/D : -0.313669
[setup reg-reg] _12227_/Q -> _13425_/D : -0.312084
[setup reg-reg] _12227_/Q -> _13398_/D : -0.311618
[setup reg-reg] _12197_/Q -> _11974_/D : -0.311365
[setup reg-reg] _12197_/Q -> _12170_/D : -0.310635
[setup reg-reg] _12197_/Q -> _11956_/D : -0.310530
[setup reg-reg] _12197_/Q -> _12156_/D : -0.309217
[setup reg-reg] _12197_/Q -> _12131_/D : -0.308825
[setup reg-reg] _12227_/Q -> _13395_/D : -0.307190
[setup reg-reg] _12197_/Q -> _12157_/D : -0.305992
[setup reg-reg] _12197_/Q -> _14493_/D : -0.305964
[setup reg-reg] _12227_/Q -> _13413_/D : -0.305932
[setup reg-reg] _12197_/Q -> _12137_/D : -0.305875
[setup reg-reg] _12197_/Q -> _12144_/D : -0.305025
[setup reg-reg] _12197_/Q -> _11430_/D : -0.304408
[setup reg-reg] _12227_/Q -> _13402_/D : -0.303934
[setup reg-reg] _12227_/Q -> _13410_/D : -0.303916
[setup reg-reg] _12227_/Q -> _13399_/D : -0.303374
[setup reg-reg] _12227_/Q -> _13389_/D : -0.303348
[setup reg-reg] _12197_/Q -> _12171_/D : -0.302162
[setup reg-reg] _12227_/Q -> _13161_/D : -0.301699
[setup reg-reg] _12197_/Q -> _12184_/D : -0.301394
[setup reg-reg] _12197_/Q -> _14496_/D : -0.300274
[setup reg-reg] _12197_/Q -> _12134_/D : -0.300109
[setup reg-reg] _12197_/Q -> _12169_/D : -0.299461
[setup reg-reg] _12197_/Q -> _12168_/D : -0.297645
[setup reg-reg] _12227_/Q -> _13416_/D : -0.297566
[setup reg-reg] _12227_/Q -> _13384_/D : -0.296589
[setup reg-reg] _12227_/Q -> _13390_/D : -0.296465
[setup reg-reg] _12227_/Q -> _13502_/D : -0.294881
[setup reg-reg] _12197_/Q -> _12179_/D : -0.294668
[setup reg-reg] _12227_/Q -> _13406_/D : -0.294374
[setup reg-reg] _12197_/Q -> _12147_/D : -0.294251
[setup reg-reg] _12227_/Q -> _13388_/D : -0.293459
[setup reg-reg] _12227_/Q -> _13435_/D : -0.292779
[setup reg-reg] _12197_/Q -> _12186_/D : -0.292305
[setup reg-reg] _12197_/Q -> _12187_/D : -0.291753
[setup reg-reg] _12227_/Q -> _13383_/D : -0.291710
[setup reg-reg] _12197_/Q -> _11441_/D : -0.291468
[setup reg-reg] _12197_/Q -> _12160_/D : -0.291058
[setup reg-reg] _12197_/Q -> _12188_/D : -0.288198
[setup reg-reg] _12197_/Q -> _12158_/D : -0.286125
[setup reg-reg] _12197_/Q -> _12185_/D : -0.285120
[setup reg-reg] _12197_/Q -> _11415_/D : -0.284190
[setup reg-reg] _12197_/Q -> _12145_/D : -0.283326
[setup reg-reg] _12197_/Q -> _12180_/D : -0.282246
[setup reg-reg] _12227_/Q -> _13139_/D : -0.282200
[setup reg-reg] _12197_/Q -> _12161_/D : -0.281532
[setup reg-reg] _12227_/Q -> _13381_/D : -0.281344
[setup reg-reg] _12197_/Q -> _12154_/D : -0.279884
[setup reg-reg] _12197_/Q -> _12181_/D : -0.279488
[setup reg-reg] _12197_/Q -> _11461_/D : -0.278477
[setup reg-reg] _12227_/Q -> _13405_/D : -0.276492
[setup reg-reg] _12197_/Q -> _12163_/D : -0.275882
[setup reg-reg] _12227_/Q -> _13508_/D : -0.273998
[setup reg-reg] _12227_/Q -> _13418_/D : -0.272762
[setup reg-reg] _12197_/Q -> _12146_/D : -0.271721
[setup reg-reg] _12197_/Q -> _11444_/D : -0.271307
[setup reg-reg] _12197_/Q -> _12141_/D : -0.270573
[setup reg-reg] _12197_/Q -> _12172_/D : -0.270113
[setup reg-reg] _12227_/Q -> _13408_/D : -0.269753
[setup reg-reg] _12227_/Q -> _13430_/D : -0.268853
[setup reg-reg] _12227_/Q -> _13421_/D : -0.268601
[setup reg-reg] _12227_/Q -> _13426_/D : -0.268536
[setup reg-reg] _12227_/Q -> _13415_/D : -0.268392
[setup reg-reg] _12227_/Q -> _13386_/D : -0.267455
[setup reg-reg] _12227_/Q -> _13433_/D : -0.266948
[setup reg-reg] _12197_/Q -> _11419_/D : -0.266829
[setup reg-reg] _12197_/Q -> _11458_/D : -0.265834
[setup reg-reg] _12227_/Q -> _13397_/D : -0.265749
[setup reg-reg] _12227_/Q -> _13414_/D : -0.265112
[setup reg-reg] _12197_/Q -> _11428_/D : -0.264774
[setup reg-reg] _12227_/Q -> _13434_/D : -0.262226
[setup reg-reg] _12227_/Q -> _13157_/D : -0.262111
[setup reg-reg] _12227_/Q -> _13412_/D : -0.259918
[setup reg-reg] _12197_/Q -> _11467_/D : -0.259621
[setup reg-reg] _12197_/Q -> _11433_/D : -0.258637
[setup reg-reg] _12197_/Q -> _11449_/D : -0.258619
[setup reg-reg] _12197_/Q -> _11439_/D : -0.258580
[setup reg-reg] _12227_/Q -> _13382_/D : -0.257795
[setup reg-reg] _12227_/Q -> _13423_/D : -0.257534
[setup reg-reg] _12227_/Q -> _13419_/D : -0.253407
[setup reg-reg] _12227_/Q -> _13516_/D : -0.252258
[setup reg-reg] _12227_/Q -> _13153_/D : -0.249256
[setup reg-reg] _12227_/Q -> _12813_/D : -0.248809
[setup reg-reg] _12227_/Q -> _13394_/D : -0.247551
[setup reg-reg] _12197_/Q -> _11456_/D : -0.247039
[setup reg-reg] _12227_/Q -> _13566_/D : -0.246915
[setup reg-reg] _12197_/Q -> _11466_/D : -0.246843
[setup reg-reg] _12197_/Q -> _14158_/D : -0.246313
[setup reg-reg] _12227_/Q -> _13526_/D : -0.246213
[setup reg-reg] _12197_/Q -> _14177_/D : -0.246086
[setup reg-reg] _12197_/Q -> _14203_/D : -0.244269
[setup reg-reg] _12197_/Q -> _11438_/D : -0.244192
[setup reg-reg] _12227_/Q -> _13407_/D : -0.243656
[setup reg-reg] _12197_/Q -> _11437_/D : -0.243062
[setup reg-reg] _12227_/Q -> _13438_/D : -0.242921
[setup reg-reg] _12197_/Q -> _14205_/D : -0.241236
[setup reg-reg] _12227_/Q -> _13411_/D : -0.239519
[setup reg-reg] _12227_/Q -> _12811_/D : -0.238940
[setup reg-reg] _12197_/Q -> _11413_/D : -0.237439
[setup reg-reg] _12197_/Q -> _14153_/D : -0.236382
[setup reg-reg] _12227_/Q -> _13439_/D : -0.234681
[setup reg-reg] _12227_/Q -> _13427_/D : -0.231784
[setup reg-reg] _12197_/Q -> _11662_/D : -0.231780
[setup reg-reg] _12227_/Q -> _13431_/D : -0.230821
[setup reg-out] _14499_/Q -> mem_wdata[45] : -0.230426
[setup reg-reg] _12227_/Q -> _13424_/D : -0.225358
[setup reg-reg] _12197_/Q -> _14187_/D : -0.225182
[setup reg-reg] _12197_/Q -> _11427_/D : -0.223778
[setup reg-reg] _12197_/Q -> _14193_/D : -0.222077
[setup reg-reg] _12197_/Q -> _14198_/D : -0.222053
[setup reg-reg] _12197_/Q -> _14180_/D : -0.221783
[setup reg-reg] _12227_/Q -> _13555_/D : -0.220192
[setup reg-reg] _12227_/Q -> _13393_/D : -0.219074
[setup reg-reg] _12197_/Q -> _14184_/D : -0.218867
[setup reg-reg] _12197_/Q -> _13296_/D : -0.217966
[setup reg-reg] _12227_/Q -> _13385_/D : -0.217548
[setup reg-reg] _12227_/Q -> _13404_/D : -0.215787
[setup reg-reg] _12227_/Q -> _13429_/D : -0.215391
[setup reg-reg] _12197_/Q -> _14139_/D : -0.215308
[setup reg-reg] _12227_/Q -> _13409_/D : -0.213680
[setup reg-reg] _12227_/Q -> _13557_/D : -0.212223
[setup reg-reg] _12227_/Q -> _13138_/D : -0.211586
[setup reg-reg] _12197_/Q -> _14186_/D : -0.210851
[setup reg-reg] _12227_/Q -> _13387_/D : -0.209449
[setup reg-reg] _12227_/Q -> _13149_/D : -0.209249
[setup reg-reg] _12227_/Q -> _13392_/D : -0.208971
[setup reg-reg] _12197_/Q -> _14113_/D : -0.207146
[setup reg-reg] _12197_/Q -> _14197_/D : -0.206890
[setup reg-reg] _12227_/Q -> _13540_/D : -0.206827
[setup reg-reg] _12227_/Q -> _13519_/D : -0.206432
[setup reg-reg] _12227_/Q -> _13403_/D : -0.205748
[setup reg-reg] _12227_/Q -> _13422_/D : -0.204232
[setup reg-reg] _12197_/Q -> _14141_/D : -0.203448
[setup reg-reg] _12197_/Q -> _14163_/D : -0.202666
[setup reg-reg] _12197_/Q -> _14094_/D : -0.200031
[setup reg-reg] _12197_/Q -> _12521_/D : -0.196809
[setup reg-reg] _12197_/Q -> _13352_/D : -0.196768
[setup reg-reg] _12197_/Q -> _14123_/D : -0.196406
[setup reg-reg] _12197_/Q -> _11562_/D : -0.195493
[setup reg-reg] _12227_/Q -> _13443_/D : -0.192749
[setup reg-reg] _12197_/Q -> _14099_/D : -0.192033
[setup reg-out] _14499_/Q -> mem_wdata[55] : -0.191800
[setup reg-reg] _12197_/Q -> _14089_/D : -0.191251
[setup reg-reg] _12197_/Q -> _14207_/D : -0.190776
[setup reg-reg] _12197_/Q -> _11389_/D : -0.190418
[setup reg-reg] _12197_/Q -> _12271_/D : -0.189853
[setup reg-reg] _12197_/Q -> _14110_/D : -0.188285
[setup reg-reg] _12197_/Q -> _14160_/D : -0.187750
[setup reg-reg] _12197_/Q -> _14183_/D : -0.184255
[setup reg-reg] _12197_/Q -> _14208_/D : -0.184183
[setup reg-reg] _12197_/Q -> _14102_/D : -0.183938
[setup reg-out] _14499_/Q -> mem_wdata[42] : -0.183425
[setup reg-reg] _12197_/Q -> _14131_/D : -0.183402
[setup reg-reg] _12197_/Q -> _14143_/D : -0.183245
[setup reg-reg] _12197_/Q -> _14106_/D : -0.182384
[setup reg-reg] _12197_/Q -> _11612_/D : -0.182239
[setup reg-reg] _12227_/Q -> _13432_/D : -0.182150
[setup reg-reg] _12197_/Q -> _14202_/D : -0.181880
[setup reg-reg] _12197_/Q -> _14166_/D : -0.181600
[setup reg-reg] _12197_/Q -> _13304_/D : -0.181251
[setup reg-reg] _12197_/Q -> _14174_/D : -0.180878
[setup reg-reg] _12197_/Q -> _14195_/D : -0.180179
[setup reg-reg] _12227_/Q -> _13134_/D : -0.179745
[setup reg-reg] _12197_/Q -> _11587_/D : -0.179551
[setup reg-reg] _12197_/Q -> _14133_/D : -0.179249
[setup reg-reg] _12197_/Q -> _14211_/D : -0.179140
[setup reg-out] _14499_/Q -> mem_wdata[34] : -0.179065
[setup reg-reg] _12197_/Q -> _14122_/D : -0.178239
[setup reg-reg] _12197_/Q -> _14170_/D : -0.177990
[setup reg-reg] _12197_/Q -> _14109_/D : -0.177470
[setup reg-reg] _12197_/Q -> _12810_/D : -0.176567
[setup reg-reg] _12197_/Q -> _14116_/D : -0.175667
[setup reg-reg] _12197_/Q -> _14096_/D : -0.173998
[setup reg-reg] _12197_/Q -> _14134_/D : -0.173856
[setup reg-out] _14499_/Q -> mem_wdata[32] : -0.172759
[setup reg-reg] _12197_/Q -> _14119_/D : -0.172274
[setup reg-reg] _12197_/Q -> _13314_/D : -0.171956
[setup reg-reg] _12197_/Q -> _14091_/D : -0.171775
[setup reg-reg] _12227_/Q -> _13441_/D : -0.171187
[setup reg-reg] _12197_/Q -> _11687_/D : -0.169726
[setup reg-reg] _12197_/Q -> _14147_/D : -0.169572
[setup reg-out] _14499_/Q -> mem_wdata[26] : -0.169195
[setup reg-reg] _12197_/Q -> _14120_/D : -0.168909
[setup reg-reg] _12227_/Q -> _13417_/D : -0.168375
[setup reg-reg] _12197_/Q -> _14155_/D : -0.168019
[setup reg-reg] _12197_/Q -> _14144_/D : -0.166068
[setup reg-reg] _12197_/Q -> _13293_/D : -0.164975
[setup reg-reg] _12197_/Q -> _13345_/D : -0.164805
[setup reg-out] _14499_/Q -> mem_wdata[2] : -0.163090
[setup reg-out] _14499_/Q -> mem_wdata[24] : -0.163066
[setup reg-reg] _12227_/Q -> _13396_/D : -0.161847
[setup reg-out] _14499_/Q -> mem_wdata[44] : -0.161307
[setup reg-out] _14499_/Q -> mem_wdata[33] : -0.161251
[setup reg-reg] _12197_/Q -> _13349_/D : -0.161092
[setup reg-reg] _12227_/Q -> _12614_/D : -0.160173
[setup reg-reg] _12197_/Q -> _14136_/D : -0.158848
[setup reg-out] _14499_/Q -> mem_wdata[47] : -0.157831
[setup reg-reg] _12227_/Q -> _13462_/D : -0.156624
[setup reg-reg] _12197_/Q -> _14200_/D : -0.155375
[setup reg-reg] _12227_/Q -> _13401_/D : -0.154457
[setup reg-reg] _12197_/Q -> _14129_/D : -0.152942
[setup reg-out] _14499_/Q -> mem_wdata[17] : -0.151871
[setup reg-reg] _12197_/Q -> _13343_/D : -0.151294
[setup reg-out] _14499_/Q -> mem_wdata[35] : -0.150862
[setup reg-out] _14499_/Q -> mem_wdata[46] : -0.150401
[setup reg-out] _14499_/Q -> mem_wdata[19] : -0.150044
[setup reg-reg] _12197_/Q -> _13307_/D : -0.150023
[setup reg-reg] _12197_/Q -> _13291_/D : -0.149769
[setup reg-reg] _12197_/Q -> _14138_/D : -0.148529
[setup reg-out] _14499_/Q -> mem_wdata[30] : -0.146489
[setup reg-out] _14499_/Q -> mem_wdata[38] : -0.146147
[setup reg-reg] _12227_/Q -> _13135_/D : -0.145969
[setup reg-out] _14499_/Q -> mem_wdata[4] : -0.145373
[setup reg-reg] _12227_/Q -> _13131_/D : -0.144103
[setup reg-reg] _12197_/Q -> _14135_/D : -0.143118
[setup reg-reg] _12227_/Q -> _13129_/D : -0.142213
[setup reg-reg] _12227_/Q -> _13466_/D : -0.141423
[setup reg-reg] _12197_/Q -> _14090_/D : -0.139934
[setup reg-reg] _12197_/Q -> _13300_/D : -0.139480
[setup reg-reg] _12227_/Q -> _13137_/D : -0.138408
[setup reg-reg] _12197_/Q -> _14199_/D : -0.135325
[setup reg-reg] _12227_/Q -> _12611_/D : -0.135035
[setup reg-reg] _12227_/Q -> _12778_/D : -0.131005
[setup reg-reg] _12227_/Q -> _13492_/D : -0.129257
[setup reg-reg] _12197_/Q -> _14173_/D : -0.128139
[setup reg-reg] _12197_/Q -> _13305_/D : -0.126787
[setup reg-reg] _12227_/Q -> _13910_/D : -0.126490
[setup reg-reg] _12227_/Q -> _13126_/D : -0.125906
[setup reg-reg] _12227_/Q -> _12756_/D : -0.125170
[setup reg-reg] _12227_/Q -> _12981_/D : -0.120663
[setup reg-reg] _12227_/Q -> _13373_/D : -0.119757
[setup reg-reg] _12227_/Q -> _13120_/D : -0.119392
[setup reg-reg] _12197_/Q -> _14154_/D : -0.119056
[setup reg-reg] _12227_/Q -> _13939_/D : -0.118864
[setup reg-reg] _12197_/Q -> _13350_/D : -0.117489
[setup reg-reg] _12227_/Q -> _12617_/D : -0.117280
[setup reg-reg] _12227_/Q -> _12781_/D : -0.116368
[setup reg-reg] _12227_/Q -> _12609_/D : -0.116130
[setup reg-reg] _12227_/Q -> _12606_/D : -0.115937
[setup reg-reg] _12197_/Q -> _13309_/D : -0.114918
[setup reg-reg] _12197_/Q -> _14179_/D : -0.114817
[setup reg-reg] _12227_/Q -> _13481_/D : -0.114591
[setup reg-reg] _12197_/Q -> _13310_/D : -0.114465
[setup reg-reg] _12197_/Q -> _14169_/D : -0.113025
[setup reg-reg] _12227_/Q -> _13469_/D : -0.112768
[setup reg-reg] _12227_/Q -> _13486_/D : -0.112093
[setup reg-reg] _12197_/Q -> _13297_/D : -0.110672
[setup reg-reg] _12227_/Q -> _13490_/D : -0.110272
[setup reg-reg] _12227_/Q -> _12766_/D : -0.109694
[setup reg-reg] _12227_/Q -> _12615_/D : -0.109546
[setup reg-reg] _12197_/Q -> _13342_/D : -0.108690
[setup reg-reg] _12197_/Q -> _13306_/D : -0.108046
[setup reg-reg] _12197_/Q -> _13006_/D : -0.107937
[setup reg-reg] _12197_/Q -> _14114_/D : -0.106313
[setup reg-reg] _12227_/Q -> _13955_/D : -0.106201
[setup reg-reg] _12197_/Q -> _13294_/D : -0.106153
[setup reg-reg] _12227_/Q -> _13473_/D : -0.105926
[setup reg-reg] _12197_/Q -> _13325_/D : -0.105327
[setup reg-reg] _12197_/Q -> _14115_/D : -0.104861
[setup reg-reg] _12197_/Q -> _13334_/D : -0.104613
[setup reg-reg] _12227_/Q -> _13925_/D : -0.103800
[setup reg-reg] _12227_/Q -> _12779_/D : -0.103193
[setup reg-reg] _12197_/Q -> _13316_/D : -0.102358
[setup reg-reg] _12197_/Q -> _13302_/D : -0.102188
[setup reg-reg] _12197_/Q -> _14178_/D : -0.101090
[setup reg-reg] _12227_/Q -> _13484_/D : -0.100057
[setup reg-reg] _12197_/Q -> _13320_/D : -0.098420
[setup reg-reg] _12227_/Q -> _13483_/D : -0.097675
[setup reg-reg] _12197_/Q -> _14105_/D : -0.096866
[setup reg-reg] _12197_/Q -> _13322_/D : -0.096147
[setup reg-reg] _12227_/Q -> _13927_/D : -0.095844
[setup reg-reg] _12197_/Q -> _13340_/D : -0.094296
[setup reg-reg] _12227_/Q -> _13478_/D : -0.092668
[setup reg-reg] _12197_/Q -> _13338_/D : -0.092294
[setup reg-reg] _12227_/Q -> _11599_/D : -0.092145
[setup reg-out] _14499_/Q -> mem_wdata[13] : -0.091739
[setup reg-reg] _12227_/Q -> _12754_/D : -0.091638
[setup reg-reg] _12227_/Q -> _11718_/D : -0.091589
[setup reg-reg] _12197_/Q -> _13046_/D : -0.089146
[setup reg-reg] _12227_/Q -> _13377_/D : -0.087864
[setup reg-reg] _12227_/Q -> _11715_/D : -0.087762
[setup reg-reg] _12227_/Q -> _11724_/D : -0.087727
[setup reg-reg] _12227_/Q -> _13471_/D : -0.087554
[setup reg-reg] _12227_/Q -> _12976_/D : -0.086717
[setup reg-reg] _12227_/Q -> _11712_/D : -0.086302
[setup reg-reg] _12227_/Q -> _11725_/D : -0.085302
[setup reg-reg] _12227_/Q -> _12765_/D : -0.084857
[setup reg-reg] _12227_/Q -> _11723_/D : -0.084094
[setup reg-reg] _12197_/Q -> _13008_/D : -0.083918
[setup reg-reg] _12197_/Q -> _13315_/D : -0.083881
[setup reg-reg] _12197_/Q -> _12510_/D : -0.081694
[setup reg-reg] _12197_/Q -> _13347_/D : -0.080662
[setup reg-reg] _12197_/Q -> _12488_/D : -0.079670
[setup reg-reg] _12227_/Q -> _12984_/D : -0.079434
[setup reg-reg] _12227_/Q -> _13470_/D : -0.078938
[setup reg-reg] _12197_/Q -> _11517_/D : -0.077983
[setup reg-reg] _12227_/Q -> _11717_/D : -0.076848
[setup reg-reg] _12227_/Q -> _12764_/D : -0.076096
[setup reg-reg] _12227_/Q -> _13907_/D : -0.075355
[setup reg-reg] _12227_/Q -> _12580_/D : -0.074979
[setup reg-reg] _12227_/Q -> _12600_/D : -0.074507
[setup reg-reg] _12227_/Q -> _11719_/D : -0.074307
[setup reg-reg] _12227_/Q -> _11711_/D : -0.072636
[setup reg-reg] _12227_/Q -> _13489_/D : -0.072315
[setup reg-reg] _12197_/Q -> _13337_/D : -0.072261
[setup reg-reg] _12227_/Q -> _11730_/D : -0.072219
[setup reg-reg] _12197_/Q -> _12847_/D : -0.070401
[setup reg-reg] _12227_/Q -> _13487_/D : -0.070099
[setup reg-reg] _12197_/Q -> _12841_/D : -0.069299
[setup reg-reg] _12197_/Q -> _13308_/D : -0.068868
[setup reg-reg] _12227_/Q -> _11714_/D : -0.068785
[setup reg-reg] _12227_/Q -> _13480_/D : -0.067265
[setup reg-reg] _12227_/Q -> _11729_/D : -0.066451
[setup reg-reg] _12227_/Q -> _11722_/D : -0.066352
[setup reg-reg] _12227_/Q -> _11727_/D : -0.065780
[setup reg-reg] _12227_/Q -> _13911_/D : -0.065558
[setup reg-reg] _12197_/Q -> _13339_/D : -0.065159
[setup reg-reg] _12197_/Q -> _13292_/D : -0.064299
[setup reg-reg] _12197_/Q -> _12990_/D : -0.063845
[setup reg-reg] _12197_/Q -> _13344_/D : -0.063827
[setup reg-reg] _12227_/Q -> _13899_/D : -0.062931
[setup reg-reg] _12197_/Q -> _13037_/D : -0.062108
[setup reg-reg] _12197_/Q -> _12458_/D : -0.061620
[setup reg-reg] _12197_/Q -> _12998_/D : -0.061593
[setup reg-reg] _12227_/Q -> _13479_/D : -0.060860
[setup reg-reg] _12227_/Q -> _11710_/D : -0.060632
[setup reg-reg] _12197_/Q -> _11510_/D : -0.060479
[setup reg-reg] _12227_/Q -> _12589_/D : -0.060381
[setup reg-reg] _12227_/Q -> _12582_/D : -0.060116
[setup reg-reg] _12197_/Q -> _12508_/D : -0.059329
[setup reg-reg] _12227_/Q -> _12968_/D : -0.058019
[setup reg-reg] _12227_/Q -> _13915_/D : -0.057774
[setup reg-reg] _12197_/Q -> _11508_/D : -0.057163
[setup reg-reg] _12197_/Q -> _13321_/D : -0.056662
[setup reg-reg] _12197_/Q -> _13324_/D : -0.056320
[setup reg-reg] _12227_/Q -> _11720_/D : -0.055726
[setup reg-reg] _12197_/Q -> _12468_/D : -0.054992
[setup reg-reg] _12227_/Q -> _11713_/D : -0.054214
[setup reg-reg] _12227_/Q -> _12982_/D : -0.053910
[setup reg-reg] _12227_/Q -> _11731_/D : -0.053760
[setup reg-reg] _12227_/Q -> _13488_/D : -0.053618
[setup reg-reg] _12197_/Q -> _13295_/D : -0.053563
[setup reg-reg] _12197_/Q -> _12893_/D : -0.053382
[setup reg-reg] _12197_/Q -> _13329_/D : -0.052776
[setup reg-reg] _12227_/Q -> _11709_/D : -0.052463
[setup reg-reg] _12227_/Q -> _13472_/D : -0.052218
[setup reg-reg] _12227_/Q -> _11584_/D : -0.052202
[setup reg-reg] _12227_/Q -> _12583_/D : -0.050780
[setup reg-reg] _12227_/Q -> _14481_/D : -0.050480
[setup reg-reg] _12227_/Q -> _13485_/D : -0.050242
[setup reg-reg] _12197_/Q -> _13039_/D : -0.050172
[setup reg-reg] _12197_/Q -> _11506_/D : -0.049424
[setup reg-reg] _12227_/Q -> _12588_/D : -0.049224
[setup reg-reg] _12197_/Q -> _13022_/D : -0.048863
[setup reg-reg] _12227_/Q -> _12570_/D : -0.048828
[setup reg-reg] _12197_/Q -> _13048_/D : -0.047465
[setup reg-reg] _12227_/Q -> _11595_/D : -0.046697
[setup reg-reg] _12197_/Q -> _12861_/D : -0.046104
[setup reg-reg] _12227_/Q -> _11726_/D : -0.045883
[setup reg-reg] _12227_/Q -> _13482_/D : -0.045612
[setup reg-reg] _12227_/Q -> _12584_/D : -0.044700
[setup reg-reg] _12227_/Q -> _12572_/D : -0.044386
[setup reg-reg] _12227_/Q -> _12577_/D : -0.044331
[setup reg-reg] _12197_/Q -> _12853_/D : -0.043356
[setup reg-reg] _12227_/Q -> _13945_/D : -0.042533
[setup reg-reg] _12197_/Q -> _13323_/D : -0.042350
[setup reg-reg] _12227_/Q -> _12571_/D : -0.042150
[setup reg-reg] _12197_/Q -> _12881_/D : -0.041497
[setup reg-reg] _12197_/Q -> _13043_/D : -0.040922
[setup reg-reg] _12227_/Q -> _12590_/D : -0.040294
[setup reg-reg] _12227_/Q -> _12576_/D : -0.039934
[setup reg-reg] _12227_/Q -> _12568_/D : -0.038322
[setup reg-reg] _12227_/Q -> _12581_/D : -0.037498
[setup reg-reg] _12197_/Q -> _12846_/D : -0.036421
[setup reg-reg] _12227_/Q -> _12587_/D : -0.036253
[setup reg-reg] _12197_/Q -> _11518_/D : -0.035123
[setup reg-reg] _12227_/Q -> _13908_/D : -0.033826
[setup reg-reg] _12227_/Q -> _11721_/D : -0.033146
[setup reg-reg] _12227_/Q -> _12578_/D : -0.032121
[setup reg-reg] _12197_/Q -> _12855_/D : -0.031468
[setup reg-reg] _12227_/Q -> _13919_/D : -0.030932
[setup reg-reg] _12227_/Q -> _13926_/D : -0.030850
[setup reg-reg] _12227_/Q -> _12574_/D : -0.030398
[setup reg-reg] _12227_/Q -> _13639_/D : -0.029564
[setup reg-reg] _12197_/Q -> _12837_/D : -0.029561
[setup reg-reg] _12227_/Q -> _12573_/D : -0.029247
[setup reg-reg] _12227_/Q -> _13901_/D : -0.028476
[setup reg-reg] _12227_/Q -> _11728_/D : -0.028201
[setup reg-reg] _12197_/Q -> _14047_/D : -0.027791
[setup reg-reg] _12197_/Q -> _12891_/D : -0.026104
[setup reg-reg] _12227_/Q -> _13959_/D : -0.024542
[setup reg-reg] _12197_/Q -> _12895_/D : -0.024478
[setup reg-reg] _12227_/Q -> _12967_/D : -0.024134
[setup reg-reg] _12197_/Q -> _12880_/D : -0.023179
[setup reg-reg] _12227_/Q -> _11588_/D : -0.022927
[setup reg-reg] _12227_/Q -> _13900_/D : -0.022378
[setup reg-reg] _12197_/Q -> _12851_/D : -0.022346
[setup reg-reg] _12197_/Q -> _12845_/D : -0.022261
[setup reg-reg] _12197_/Q -> _12843_/D : -0.021927
[setup reg-reg] _12197_/Q -> _12869_/D : -0.020979
[setup reg-reg] _12227_/Q -> _13778_/D : -0.020810
[setup reg-reg] _12227_/Q -> _12569_/D : -0.020337
[setup reg-reg] _12227_/Q -> _13903_/D : -0.018975
[setup reg-reg] _12227_/Q -> _11716_/D : -0.018775
[setup reg-reg] _12227_/Q -> _11597_/D : -0.018231
[setup reg-reg] _12197_/Q -> _14390_/D : -0.017553
[setup reg-reg] _12197_/Q -> _12875_/D : -0.016882
[setup reg-reg] _12197_/Q -> _12865_/D : -0.015723
[setup reg-reg] _12197_/Q -> _14078_/D : -0.015147
[setup reg-reg] _12227_/Q -> _13944_/D : -0.014328
[setup reg-reg] _12227_/Q -> _13905_/D : -0.014180
[setup reg-reg] _12227_/Q -> _11592_/D : -0.013924
[setup reg-out] _14499_/Q -> mem_wdata[23] : -0.013102
[setup reg-reg] _12227_/Q -> _13920_/D : -0.012366
[setup reg-reg] _12227_/Q -> _11605_/D : -0.011783
[setup reg-reg] _12227_/Q -> _12586_/D : -0.011561
[setup reg-reg] _12197_/Q -> _14412_/D : -0.009813
[setup reg-reg] _12227_/Q -> _13909_/D : -0.009773
[setup reg-reg] _12227_/Q -> _14491_/D : -0.008594
[setup reg-reg] _12197_/Q -> _12835_/D : -0.008388
[setup reg-reg] _12197_/Q -> _12879_/D : -0.006933
[setup reg-reg] _12197_/Q -> _14360_/D : -0.006076
[setup reg-reg] _12197_/Q -> _12886_/D : -0.005984
[setup reg-reg] _12197_/Q -> _12702_/D : -0.005878
[setup reg-reg] _12227_/Q -> _13808_/D : -0.005376
[setup reg-reg] _12197_/Q -> _12697_/D : -0.004553
[setup reg-reg] _12227_/Q -> _12579_/D : -0.004332
[setup reg-reg] _12197_/Q -> _12696_/D : -0.002459
[setup reg-reg] _12227_/Q -> _13828_/D : -0.002161
[setup reg-reg] _12227_/Q -> _11639_/D : -0.002079
[setup reg-reg] _12197_/Q -> _12798_/D : -0.001883
[setup reg-reg] _12197_/Q -> _14037_/D : -0.001664
[setup reg-reg] _12197_/Q -> _14410_/D : -0.000464
